{"/Users/j/Code/pocket-monorepo-private/packages/core/src/utilities/message.ts": {"path":"/Users/j/Code/pocket-monorepo-private/packages/core/src/utilities/message.ts","all":false,"statementMap":{"0":{"start":{"line":1,"column":0},"end":{"line":1,"column":21}},"1":{"start":{"line":2,"column":0},"end":{"line":2,"column":50}},"2":{"start":{"line":3,"column":0},"end":{"line":3,"column":33}},"3":{"start":{"line":4,"column":0},"end":{"line":4,"column":27}},"4":{"start":{"line":5,"column":0},"end":{"line":5,"column":5}},"5":{"start":{"line":6,"column":0},"end":{"line":6,"column":25}},"6":{"start":{"line":7,"column":0},"end":{"line":7,"column":3}},"7":{"start":{"line":8,"column":0},"end":{"line":8,"column":0}},"8":{"start":{"line":9,"column":0},"end":{"line":9,"column":60}},"9":{"start":{"line":10,"column":0},"end":{"line":10,"column":33}},"10":{"start":{"line":11,"column":0},"end":{"line":11,"column":25}},"11":{"start":{"line":12,"column":0},"end":{"line":12,"column":5}},"12":{"start":{"line":13,"column":0},"end":{"line":13,"column":21}},"13":{"start":{"line":14,"column":0},"end":{"line":14,"column":3}},"14":{"start":{"line":15,"column":0},"end":{"line":15,"column":1}},"15":{"start":{"line":16,"column":0},"end":{"line":16,"column":0}},"16":{"start":{"line":17,"column":0},"end":{"line":17,"column":8}},"17":{"start":{"line":18,"column":0},"end":{"line":18,"column":17}},"18":{"start":{"line":19,"column":0},"end":{"line":19,"column":1}}},"s":{"0":1,"1":1,"2":2,"3":1,"4":1,"5":1,"6":1,"7":1,"8":1,"9":2,"10":1,"11":1,"12":1,"13":1,"14":1,"15":1,"16":1,"17":1,"18":1},"branchMap":{"0":{"type":"branch","line":2,"loc":{"start":{"line":2,"column":9},"end":{"line":7,"column":3}},"locations":[{"start":{"line":2,"column":9},"end":{"line":7,"column":3}}]},"1":{"type":"branch","line":3,"loc":{"start":{"line":3,"column":32},"end":{"line":7,"column":3}},"locations":[{"start":{"line":3,"column":32},"end":{"line":7,"column":3}}]},"2":{"type":"branch","line":9,"loc":{"start":{"line":9,"column":9},"end":{"line":14,"column":3}},"locations":[{"start":{"line":9,"column":9},"end":{"line":14,"column":3}}]},"3":{"type":"branch","line":10,"loc":{"start":{"line":10,"column":32},"end":{"line":14,"column":3}},"locations":[{"start":{"line":10,"column":32},"end":{"line":14,"column":3}}]}},"b":{"0":[2],"1":[1],"2":[2],"3":[1]},"fnMap":{"0":{"name":"getErrorMessage","decl":{"start":{"line":2,"column":9},"end":{"line":7,"column":3}},"loc":{"start":{"line":2,"column":9},"end":{"line":7,"column":3}},"line":2},"1":{"name":"getErrorStack","decl":{"start":{"line":9,"column":9},"end":{"line":14,"column":3}},"loc":{"start":{"line":9,"column":9},"end":{"line":14,"column":3}},"line":9}},"f":{"0":2,"1":2}}
}
