{"/Users/j/Code/pocket-monorepo-private/packages/core/src/components/config/argument.ts": {"path":"/Users/j/Code/pocket-monorepo-private/packages/core/src/components/config/argument.ts","all":false,"statementMap":{"0":{"start":{"line":1,"column":0},"end":{"line":1,"column":48}},"1":{"start":{"line":2,"column":0},"end":{"line":2,"column":64}},"2":{"start":{"line":3,"column":0},"end":{"line":3,"column":104}},"3":{"start":{"line":4,"column":0},"end":{"line":4,"column":64}},"4":{"start":{"line":5,"column":0},"end":{"line":5,"column":60}},"5":{"start":{"line":6,"column":0},"end":{"line":6,"column":67}},"6":{"start":{"line":7,"column":0},"end":{"line":7,"column":45}},"7":{"start":{"line":8,"column":0},"end":{"line":8,"column":58}},"8":{"start":{"line":9,"column":0},"end":{"line":9,"column":0}},"9":{"start":{"line":10,"column":0},"end":{"line":10,"column":0}},"10":{"start":{"line":11,"column":0},"end":{"line":11,"column":0}},"11":{"start":{"line":12,"column":0},"end":{"line":12,"column":3}},"12":{"start":{"line":13,"column":0},"end":{"line":13,"column":64}},"13":{"start":{"line":14,"column":0},"end":{"line":14,"column":3}},"14":{"start":{"line":15,"column":0},"end":{"line":15,"column":3}},"15":{"start":{"line":16,"column":0},"end":{"line":16,"column":14}},"16":{"start":{"line":17,"column":0},"end":{"line":17,"column":1}},"17":{"start":{"line":18,"column":0},"end":{"line":18,"column":6}},"18":{"start":{"line":19,"column":0},"end":{"line":19,"column":65}},"19":{"start":{"line":20,"column":0},"end":{"line":20,"column":1}},"20":{"start":{"line":21,"column":0},"end":{"line":21,"column":14}},"21":{"start":{"line":22,"column":0},"end":{"line":22,"column":26}},"22":{"start":{"line":23,"column":0},"end":{"line":23,"column":4}},"23":{"start":{"line":24,"column":0},"end":{"line":24,"column":1}},"24":{"start":{"line":25,"column":0},"end":{"line":25,"column":27}},"25":{"start":{"line":26,"column":0},"end":{"line":26,"column":27}},"26":{"start":{"line":27,"column":0},"end":{"line":27,"column":28}},"27":{"start":{"line":28,"column":0},"end":{"line":28,"column":5}},"28":{"start":{"line":29,"column":0},"end":{"line":29,"column":0}},"29":{"start":{"line":30,"column":0},"end":{"line":30,"column":68}},"30":{"start":{"line":31,"column":0},"end":{"line":31,"column":0}},"31":{"start":{"line":32,"column":0},"end":{"line":32,"column":17}},"32":{"start":{"line":33,"column":0},"end":{"line":33,"column":13}},"33":{"start":{"line":34,"column":0},"end":{"line":34,"column":14}},"34":{"start":{"line":35,"column":0},"end":{"line":35,"column":12}},"35":{"start":{"line":36,"column":0},"end":{"line":36,"column":8}},"36":{"start":{"line":37,"column":0},"end":{"line":37,"column":27}},"37":{"start":{"line":38,"column":0},"end":{"line":38,"column":28}},"38":{"start":{"line":39,"column":0},"end":{"line":39,"column":61}},"39":{"start":{"line":40,"column":0},"end":{"line":40,"column":7}},"40":{"start":{"line":41,"column":0},"end":{"line":41,"column":21}},"41":{"start":{"line":42,"column":0},"end":{"line":42,"column":17}},"42":{"start":{"line":43,"column":0},"end":{"line":43,"column":17}},"43":{"start":{"line":44,"column":0},"end":{"line":44,"column":10}},"44":{"start":{"line":45,"column":0},"end":{"line":45,"column":0}},"45":{"start":{"line":46,"column":0},"end":{"line":46,"column":67}},"46":{"start":{"line":47,"column":0},"end":{"line":47,"column":17}},"47":{"start":{"line":48,"column":0},"end":{"line":48,"column":77}},"48":{"start":{"line":49,"column":0},"end":{"line":49,"column":53}},"49":{"start":{"line":50,"column":0},"end":{"line":50,"column":14}},"50":{"start":{"line":51,"column":0},"end":{"line":51,"column":19}},"51":{"start":{"line":52,"column":0},"end":{"line":52,"column":11}},"52":{"start":{"line":53,"column":0},"end":{"line":53,"column":0}},"53":{"start":{"line":54,"column":0},"end":{"line":54,"column":33}},"54":{"start":{"line":55,"column":0},"end":{"line":55,"column":5}},"55":{"start":{"line":56,"column":0},"end":{"line":56,"column":0}},"56":{"start":{"line":57,"column":0},"end":{"line":57,"column":37}},"57":{"start":{"line":58,"column":0},"end":{"line":58,"column":30}},"58":{"start":{"line":59,"column":0},"end":{"line":59,"column":5}},"59":{"start":{"line":60,"column":0},"end":{"line":60,"column":0}},"60":{"start":{"line":61,"column":0},"end":{"line":61,"column":38}},"61":{"start":{"line":62,"column":0},"end":{"line":62,"column":31}},"62":{"start":{"line":63,"column":0},"end":{"line":63,"column":5}},"63":{"start":{"line":64,"column":0},"end":{"line":64,"column":0}},"64":{"start":{"line":65,"column":0},"end":{"line":65,"column":31}},"65":{"start":{"line":66,"column":0},"end":{"line":66,"column":82}},"66":{"start":{"line":67,"column":0},"end":{"line":67,"column":67}},"67":{"start":{"line":68,"column":0},"end":{"line":68,"column":67}},"68":{"start":{"line":69,"column":0},"end":{"line":69,"column":96}},"69":{"start":{"line":70,"column":0},"end":{"line":70,"column":119}},"70":{"start":{"line":71,"column":0},"end":{"line":71,"column":28}},"71":{"start":{"line":72,"column":0},"end":{"line":72,"column":5}},"72":{"start":{"line":73,"column":0},"end":{"line":73,"column":0}},"73":{"start":{"line":74,"column":0},"end":{"line":74,"column":66}},"74":{"start":{"line":75,"column":0},"end":{"line":75,"column":41}},"75":{"start":{"line":76,"column":0},"end":{"line":76,"column":5}},"76":{"start":{"line":77,"column":0},"end":{"line":77,"column":0}},"77":{"start":{"line":78,"column":0},"end":{"line":78,"column":59}},"78":{"start":{"line":79,"column":0},"end":{"line":79,"column":16}},"79":{"start":{"line":80,"column":0},"end":{"line":80,"column":35}},"80":{"start":{"line":81,"column":0},"end":{"line":81,"column":10}},"81":{"start":{"line":82,"column":0},"end":{"line":82,"column":5}},"82":{"start":{"line":83,"column":0},"end":{"line":83,"column":0}},"83":{"start":{"line":84,"column":0},"end":{"line":84,"column":96}},"84":{"start":{"line":85,"column":0},"end":{"line":85,"column":82}},"85":{"start":{"line":86,"column":0},"end":{"line":86,"column":16}},"86":{"start":{"line":87,"column":0},"end":{"line":87,"column":49}},"87":{"start":{"line":88,"column":0},"end":{"line":88,"column":29}},"88":{"start":{"line":89,"column":0},"end":{"line":89,"column":10}},"89":{"start":{"line":90,"column":0},"end":{"line":90,"column":5}},"90":{"start":{"line":91,"column":0},"end":{"line":91,"column":1}},"91":{"start":{"line":92,"column":0},"end":{"line":92,"column":0}},"92":{"start":{"line":93,"column":0},"end":{"line":93,"column":0}},"93":{"start":{"line":94,"column":0},"end":{"line":94,"column":8}},"94":{"start":{"line":95,"column":0},"end":{"line":95,"column":12}},"95":{"start":{"line":96,"column":0},"end":{"line":96,"column":1}}},"s":{"0":1,"1":1,"2":1,"3":1,"4":1,"5":1,"6":1,"7":1,"8":1,"9":1,"10":1,"11":1,"12":1,"13":1,"14":1,"15":1,"16":10,"17":10,"18":10,"19":10,"20":10,"21":10,"22":10,"23":10,"24":10,"25":10,"26":10,"27":10,"28":10,"29":10,"30":10,"31":10,"32":10,"33":10,"34":10,"35":10,"36":10,"37":10,"38":10,"39":10,"40":10,"41":10,"42":10,"43":10,"44":10,"45":10,"46":10,"47":10,"48":10,"49":10,"50":10,"51":10,"52":10,"53":10,"54":10,"55":10,"56":10,"57":10,"58":10,"59":10,"60":10,"61":22,"62":22,"63":10,"64":10,"65":3,"66":3,"67":3,"68":3,"69":3,"70":3,"71":3,"72":10,"73":10,"74":1,"75":1,"76":10,"77":10,"78":1,"79":1,"80":1,"81":1,"82":10,"83":10,"84":2,"85":2,"86":2,"87":2,"88":2,"89":2,"90":10,"91":1,"92":1,"93":1,"94":1,"95":1},"branchMap":{"0":{"type":"branch","line":17,"loc":{"start":{"line":17,"column":-1},"end":{"line":91,"column":1}},"locations":[{"start":{"line":17,"column":-1},"end":{"line":91,"column":1}}]},"1":{"type":"branch","line":32,"loc":{"start":{"line":32,"column":4},"end":{"line":55,"column":5}},"locations":[{"start":{"line":32,"column":4},"end":{"line":55,"column":5}}]},"2":{"type":"branch","line":48,"loc":{"start":{"line":48,"column":27},"end":{"line":48,"column":31}},"locations":[{"start":{"line":48,"column":27},"end":{"line":48,"column":31}}]},"3":{"type":"branch","line":48,"loc":{"start":{"line":48,"column":31},"end":{"line":48,"column":43}},"locations":[{"start":{"line":48,"column":31},"end":{"line":48,"column":43}}]},"4":{"type":"branch","line":48,"loc":{"start":{"line":48,"column":43},"end":{"line":48,"column":76}},"locations":[{"start":{"line":48,"column":43},"end":{"line":48,"column":76}}]},"5":{"type":"branch","line":49,"loc":{"start":{"line":49,"column":27},"end":{"line":49,"column":31}},"locations":[{"start":{"line":49,"column":27},"end":{"line":49,"column":31}}]},"6":{"type":"branch","line":49,"loc":{"start":{"line":49,"column":31},"end":{"line":49,"column":38}},"locations":[{"start":{"line":49,"column":31},"end":{"line":49,"column":38}}]},"7":{"type":"branch","line":49,"loc":{"start":{"line":49,"column":38},"end":{"line":49,"column":53}},"locations":[{"start":{"line":49,"column":38},"end":{"line":49,"column":53}}]},"8":{"type":"branch","line":57,"loc":{"start":{"line":57,"column":4},"end":{"line":59,"column":5}},"locations":[{"start":{"line":57,"column":4},"end":{"line":59,"column":5}}]},"9":{"type":"branch","line":61,"loc":{"start":{"line":61,"column":4},"end":{"line":63,"column":5}},"locations":[{"start":{"line":61,"column":4},"end":{"line":63,"column":5}}]},"10":{"type":"branch","line":65,"loc":{"start":{"line":65,"column":11},"end":{"line":72,"column":5}},"locations":[{"start":{"line":65,"column":11},"end":{"line":72,"column":5}}]},"11":{"type":"branch","line":66,"loc":{"start":{"line":66,"column":69},"end":{"line":66,"column":81}},"locations":[{"start":{"line":66,"column":69},"end":{"line":66,"column":81}}]},"12":{"type":"branch","line":67,"loc":{"start":{"line":67,"column":43},"end":{"line":67,"column":66}},"locations":[{"start":{"line":67,"column":43},"end":{"line":67,"column":66}}]},"13":{"type":"branch","line":68,"loc":{"start":{"line":68,"column":44},"end":{"line":68,"column":67}},"locations":[{"start":{"line":68,"column":44},"end":{"line":68,"column":67}}]},"14":{"type":"branch","line":69,"loc":{"start":{"line":69,"column":42},"end":{"line":69,"column":96}},"locations":[{"start":{"line":69,"column":42},"end":{"line":69,"column":96}}]},"15":{"type":"branch","line":71,"loc":{"start":{"line":71,"column":12},"end":{"line":71,"column":25}},"locations":[{"start":{"line":71,"column":12},"end":{"line":71,"column":25}}]},"16":{"type":"branch","line":70,"loc":{"start":{"line":70,"column":80},"end":{"line":70,"column":104}},"locations":[{"start":{"line":70,"column":80},"end":{"line":70,"column":104}}]},"17":{"type":"branch","line":74,"loc":{"start":{"line":74,"column":11},"end":{"line":76,"column":5}},"locations":[{"start":{"line":74,"column":11},"end":{"line":76,"column":5}}]},"18":{"type":"branch","line":78,"loc":{"start":{"line":78,"column":11},"end":{"line":82,"column":5}},"locations":[{"start":{"line":78,"column":11},"end":{"line":82,"column":5}}]},"19":{"type":"branch","line":84,"loc":{"start":{"line":84,"column":11},"end":{"line":90,"column":5}},"locations":[{"start":{"line":84,"column":11},"end":{"line":90,"column":5}}]}},"b":{"0":[10],"1":[10],"2":[2],"3":[1],"4":[9],"5":[2],"6":[1],"7":[9],"8":[10],"9":[22],"10":[3],"11":[0],"12":[0],"13":[0],"14":[0],"15":[0],"16":[3],"17":[1],"18":[1],"19":[2]},"fnMap":{"0":{"name":"<instance_members_initializer>","decl":{"start":{"line":17,"column":-1},"end":{"line":91,"column":1}},"loc":{"start":{"line":17,"column":-1},"end":{"line":91,"column":1}},"line":17},"1":{"name":"Argument","decl":{"start":{"line":32,"column":4},"end":{"line":55,"column":5}},"loc":{"start":{"line":32,"column":4},"end":{"line":55,"column":5}},"line":32},"2":{"name":"get name","decl":{"start":{"line":57,"column":4},"end":{"line":59,"column":5}},"loc":{"start":{"line":57,"column":4},"end":{"line":59,"column":5}},"line":57},"3":{"name":"get value","decl":{"start":{"line":61,"column":4},"end":{"line":63,"column":5}},"loc":{"start":{"line":61,"column":4},"end":{"line":63,"column":5}},"line":61},"4":{"name":"toString","decl":{"start":{"line":65,"column":11},"end":{"line":72,"column":5}},"loc":{"start":{"line":65,"column":11},"end":{"line":72,"column":5}},"line":65},"5":{"name":"toKeyValuePair","decl":{"start":{"line":74,"column":11},"end":{"line":76,"column":5}},"loc":{"start":{"line":74,"column":11},"end":{"line":76,"column":5}},"line":74},"6":{"name":"toRecord","decl":{"start":{"line":78,"column":11},"end":{"line":82,"column":5}},"loc":{"start":{"line":78,"column":11},"end":{"line":82,"column":5}},"line":78},"7":{"name":"toHashedIdentifier","decl":{"start":{"line":84,"column":11},"end":{"line":90,"column":5}},"loc":{"start":{"line":84,"column":11},"end":{"line":90,"column":5}},"line":84}},"f":{"0":10,"1":10,"2":10,"3":22,"4":3,"5":1,"6":1,"7":2}}
,"/Users/j/Code/pocket-monorepo-private/packages/core/src/components/metadata/index.ts": {"path":"/Users/j/Code/pocket-monorepo-private/packages/core/src/components/metadata/index.ts","all":false,"statementMap":{"0":{"start":{"line":1,"column":0},"end":{"line":1,"column":104}},"1":{"start":{"line":2,"column":0},"end":{"line":2,"column":123}},"2":{"start":{"line":3,"column":0},"end":{"line":3,"column":76}},"3":{"start":{"line":4,"column":0},"end":{"line":4,"column":63}},"4":{"start":{"line":5,"column":0},"end":{"line":5,"column":45}},"5":{"start":{"line":6,"column":0},"end":{"line":6,"column":0}},"6":{"start":{"line":7,"column":0},"end":{"line":7,"column":14}},"7":{"start":{"line":8,"column":0},"end":{"line":8,"column":1}},"8":{"start":{"line":9,"column":0},"end":{"line":9,"column":33}},"9":{"start":{"line":10,"column":0},"end":{"line":10,"column":29}},"10":{"start":{"line":11,"column":0},"end":{"line":11,"column":1}},"11":{"start":{"line":12,"column":0},"end":{"line":12,"column":14}},"12":{"start":{"line":13,"column":0},"end":{"line":13,"column":26}},"13":{"start":{"line":14,"column":0},"end":{"line":14,"column":1}},"14":{"start":{"line":15,"column":0},"end":{"line":15,"column":57}},"15":{"start":{"line":16,"column":0},"end":{"line":16,"column":53}},"16":{"start":{"line":17,"column":0},"end":{"line":17,"column":47}},"17":{"start":{"line":18,"column":0},"end":{"line":18,"column":0}},"18":{"start":{"line":19,"column":0},"end":{"line":19,"column":17}},"19":{"start":{"line":20,"column":0},"end":{"line":20,"column":11}},"20":{"start":{"line":21,"column":0},"end":{"line":21,"column":13}},"21":{"start":{"line":22,"column":0},"end":{"line":22,"column":13}},"22":{"start":{"line":23,"column":0},"end":{"line":23,"column":20}},"23":{"start":{"line":24,"column":0},"end":{"line":24,"column":13}},"24":{"start":{"line":25,"column":0},"end":{"line":25,"column":22}},"25":{"start":{"line":26,"column":0},"end":{"line":26,"column":42}},"26":{"start":{"line":27,"column":0},"end":{"line":27,"column":41}},"27":{"start":{"line":28,"column":0},"end":{"line":28,"column":10}},"28":{"start":{"line":29,"column":0},"end":{"line":29,"column":20}},"29":{"start":{"line":30,"column":0},"end":{"line":30,"column":14}},"30":{"start":{"line":31,"column":0},"end":{"line":31,"column":39}},"31":{"start":{"line":32,"column":0},"end":{"line":32,"column":48}},"32":{"start":{"line":33,"column":0},"end":{"line":33,"column":24}},"33":{"start":{"line":34,"column":0},"end":{"line":34,"column":26}},"34":{"start":{"line":35,"column":0},"end":{"line":35,"column":11}},"35":{"start":{"line":36,"column":0},"end":{"line":36,"column":0}},"36":{"start":{"line":37,"column":0},"end":{"line":37,"column":38}},"37":{"start":{"line":38,"column":0},"end":{"line":38,"column":15}},"38":{"start":{"line":39,"column":0},"end":{"line":39,"column":17}},"39":{"start":{"line":40,"column":0},"end":{"line":40,"column":17}},"40":{"start":{"line":41,"column":0},"end":{"line":41,"column":17}},"41":{"start":{"line":42,"column":0},"end":{"line":42,"column":21}},"42":{"start":{"line":43,"column":0},"end":{"line":43,"column":11}},"43":{"start":{"line":44,"column":0},"end":{"line":44,"column":0}},"44":{"start":{"line":45,"column":0},"end":{"line":45,"column":27}},"45":{"start":{"line":46,"column":0},"end":{"line":46,"column":64}},"46":{"start":{"line":47,"column":0},"end":{"line":47,"column":64}},"47":{"start":{"line":48,"column":0},"end":{"line":48,"column":25}},"48":{"start":{"line":49,"column":0},"end":{"line":49,"column":10}},"49":{"start":{"line":50,"column":0},"end":{"line":50,"column":0}},"50":{"start":{"line":51,"column":0},"end":{"line":51,"column":33}},"51":{"start":{"line":52,"column":0},"end":{"line":52,"column":5}},"52":{"start":{"line":53,"column":0},"end":{"line":53,"column":0}},"53":{"start":{"line":54,"column":0},"end":{"line":54,"column":27}},"54":{"start":{"line":55,"column":0},"end":{"line":55,"column":44}},"55":{"start":{"line":56,"column":0},"end":{"line":56,"column":32}},"56":{"start":{"line":57,"column":0},"end":{"line":57,"column":40}},"57":{"start":{"line":58,"column":0},"end":{"line":58,"column":49}},"58":{"start":{"line":59,"column":0},"end":{"line":59,"column":40}},"59":{"start":{"line":60,"column":0},"end":{"line":60,"column":13}},"60":{"start":{"line":61,"column":0},"end":{"line":61,"column":9}},"61":{"start":{"line":62,"column":0},"end":{"line":62,"column":16}},"62":{"start":{"line":63,"column":0},"end":{"line":63,"column":32}},"63":{"start":{"line":64,"column":0},"end":{"line":64,"column":26}},"64":{"start":{"line":65,"column":0},"end":{"line":65,"column":10}},"65":{"start":{"line":66,"column":0},"end":{"line":66,"column":5}},"66":{"start":{"line":67,"column":0},"end":{"line":67,"column":0}},"67":{"start":{"line":68,"column":0},"end":{"line":68,"column":22}},"68":{"start":{"line":69,"column":0},"end":{"line":69,"column":40}},"69":{"start":{"line":70,"column":0},"end":{"line":70,"column":33}},"70":{"start":{"line":71,"column":0},"end":{"line":71,"column":35}},"71":{"start":{"line":72,"column":0},"end":{"line":72,"column":44}},"72":{"start":{"line":73,"column":0},"end":{"line":73,"column":35}},"73":{"start":{"line":74,"column":0},"end":{"line":74,"column":13}},"74":{"start":{"line":75,"column":0},"end":{"line":75,"column":9}},"75":{"start":{"line":76,"column":0},"end":{"line":76,"column":16}},"76":{"start":{"line":77,"column":0},"end":{"line":77,"column":27}},"77":{"start":{"line":78,"column":0},"end":{"line":78,"column":21}},"78":{"start":{"line":79,"column":0},"end":{"line":79,"column":10}},"79":{"start":{"line":80,"column":0},"end":{"line":80,"column":5}},"80":{"start":{"line":81,"column":0},"end":{"line":81,"column":0}},"81":{"start":{"line":82,"column":0},"end":{"line":82,"column":22}},"82":{"start":{"line":83,"column":0},"end":{"line":83,"column":45}},"83":{"start":{"line":84,"column":0},"end":{"line":84,"column":41}},"84":{"start":{"line":85,"column":0},"end":{"line":85,"column":35}},"85":{"start":{"line":86,"column":0},"end":{"line":86,"column":7}},"86":{"start":{"line":87,"column":0},"end":{"line":87,"column":16}},"87":{"start":{"line":88,"column":0},"end":{"line":88,"column":42}},"88":{"start":{"line":89,"column":0},"end":{"line":89,"column":32}},"89":{"start":{"line":90,"column":0},"end":{"line":90,"column":39}},"90":{"start":{"line":91,"column":0},"end":{"line":91,"column":10}},"91":{"start":{"line":92,"column":0},"end":{"line":92,"column":5}},"92":{"start":{"line":93,"column":0},"end":{"line":93,"column":0}},"93":{"start":{"line":94,"column":0},"end":{"line":94,"column":31}},"94":{"start":{"line":95,"column":0},"end":{"line":95,"column":31}},"95":{"start":{"line":96,"column":0},"end":{"line":96,"column":42}},"96":{"start":{"line":97,"column":0},"end":{"line":97,"column":32}},"97":{"start":{"line":98,"column":0},"end":{"line":98,"column":39}},"98":{"start":{"line":99,"column":0},"end":{"line":99,"column":11}},"99":{"start":{"line":100,"column":0},"end":{"line":100,"column":5}},"100":{"start":{"line":101,"column":0},"end":{"line":101,"column":0}},"101":{"start":{"line":102,"column":0},"end":{"line":102,"column":19}},"102":{"start":{"line":103,"column":0},"end":{"line":103,"column":20}},"103":{"start":{"line":104,"column":0},"end":{"line":104,"column":15}},"104":{"start":{"line":105,"column":0},"end":{"line":105,"column":18}},"105":{"start":{"line":106,"column":0},"end":{"line":106,"column":8}},"106":{"start":{"line":107,"column":0},"end":{"line":107,"column":46}},"107":{"start":{"line":108,"column":0},"end":{"line":108,"column":42}},"108":{"start":{"line":109,"column":0},"end":{"line":109,"column":36}},"109":{"start":{"line":110,"column":0},"end":{"line":110,"column":24}},"110":{"start":{"line":111,"column":0},"end":{"line":111,"column":39}},"111":{"start":{"line":112,"column":0},"end":{"line":112,"column":31}},"112":{"start":{"line":113,"column":0},"end":{"line":113,"column":22}},"113":{"start":{"line":114,"column":0},"end":{"line":114,"column":24}},"114":{"start":{"line":115,"column":0},"end":{"line":115,"column":0}},"115":{"start":{"line":116,"column":0},"end":{"line":116,"column":12}},"116":{"start":{"line":117,"column":0},"end":{"line":117,"column":31}},"117":{"start":{"line":118,"column":0},"end":{"line":118,"column":52}},"118":{"start":{"line":119,"column":0},"end":{"line":119,"column":72}},"119":{"start":{"line":120,"column":0},"end":{"line":120,"column":11}},"120":{"start":{"line":121,"column":0},"end":{"line":121,"column":64}},"121":{"start":{"line":122,"column":0},"end":{"line":122,"column":9}},"122":{"start":{"line":123,"column":0},"end":{"line":123,"column":12}},"123":{"start":{"line":124,"column":0},"end":{"line":124,"column":22}},"124":{"start":{"line":125,"column":0},"end":{"line":125,"column":64}},"125":{"start":{"line":126,"column":0},"end":{"line":126,"column":46}},"126":{"start":{"line":127,"column":0},"end":{"line":127,"column":56}},"127":{"start":{"line":128,"column":0},"end":{"line":128,"column":11}},"128":{"start":{"line":129,"column":0},"end":{"line":129,"column":55}},"129":{"start":{"line":130,"column":0},"end":{"line":130,"column":9}},"130":{"start":{"line":131,"column":0},"end":{"line":131,"column":12}},"131":{"start":{"line":132,"column":0},"end":{"line":132,"column":24}},"132":{"start":{"line":133,"column":0},"end":{"line":133,"column":56}},"133":{"start":{"line":134,"column":0},"end":{"line":134,"column":47}},"134":{"start":{"line":135,"column":0},"end":{"line":135,"column":11}},"135":{"start":{"line":136,"column":0},"end":{"line":136,"column":57}},"136":{"start":{"line":137,"column":0},"end":{"line":137,"column":9}},"137":{"start":{"line":138,"column":0},"end":{"line":138,"column":0}},"138":{"start":{"line":139,"column":0},"end":{"line":139,"column":0}},"139":{"start":{"line":140,"column":0},"end":{"line":140,"column":35}},"140":{"start":{"line":141,"column":0},"end":{"line":141,"column":29}},"141":{"start":{"line":142,"column":0},"end":{"line":142,"column":26}},"142":{"start":{"line":143,"column":0},"end":{"line":143,"column":36}},"143":{"start":{"line":144,"column":0},"end":{"line":144,"column":30}},"144":{"start":{"line":145,"column":0},"end":{"line":145,"column":14}},"145":{"start":{"line":146,"column":0},"end":{"line":146,"column":21}},"146":{"start":{"line":147,"column":0},"end":{"line":147,"column":31}},"147":{"start":{"line":148,"column":0},"end":{"line":148,"column":25}},"148":{"start":{"line":149,"column":0},"end":{"line":149,"column":14}},"149":{"start":{"line":150,"column":0},"end":{"line":150,"column":25}},"150":{"start":{"line":151,"column":0},"end":{"line":151,"column":46}},"151":{"start":{"line":152,"column":0},"end":{"line":152,"column":35}},"152":{"start":{"line":153,"column":0},"end":{"line":153,"column":29}},"153":{"start":{"line":154,"column":0},"end":{"line":154,"column":13}},"154":{"start":{"line":155,"column":0},"end":{"line":155,"column":11}},"155":{"start":{"line":156,"column":0},"end":{"line":156,"column":5}},"156":{"start":{"line":157,"column":0},"end":{"line":157,"column":0}},"157":{"start":{"line":158,"column":0},"end":{"line":158,"column":40}},"158":{"start":{"line":159,"column":0},"end":{"line":159,"column":51}},"159":{"start":{"line":160,"column":0},"end":{"line":160,"column":5}},"160":{"start":{"line":161,"column":0},"end":{"line":161,"column":0}},"161":{"start":{"line":162,"column":0},"end":{"line":162,"column":26}},"162":{"start":{"line":163,"column":0},"end":{"line":163,"column":37}},"163":{"start":{"line":164,"column":0},"end":{"line":164,"column":5}},"164":{"start":{"line":165,"column":0},"end":{"line":165,"column":1}},"165":{"start":{"line":166,"column":0},"end":{"line":166,"column":0}},"166":{"start":{"line":167,"column":0},"end":{"line":167,"column":8}},"167":{"start":{"line":168,"column":0},"end":{"line":168,"column":12}},"168":{"start":{"line":169,"column":0},"end":{"line":169,"column":1}}},"s":{"0":1,"1":1,"2":1,"3":1,"4":1,"5":1,"6":1,"7":12,"8":12,"9":12,"10":12,"11":12,"12":12,"13":12,"14":12,"15":12,"16":12,"17":12,"18":12,"19":12,"20":12,"21":12,"22":12,"23":12,"24":12,"25":12,"26":12,"27":12,"28":12,"29":12,"30":12,"31":12,"32":12,"33":12,"34":12,"35":12,"36":12,"37":12,"38":12,"39":12,"40":12,"41":12,"42":12,"43":12,"44":12,"45":12,"46":12,"47":12,"48":12,"49":12,"50":12,"51":12,"52":12,"53":12,"54":12,"55":12,"56":12,"57":19,"58":12,"59":12,"60":19,"61":12,"62":12,"63":12,"64":12,"65":12,"66":12,"67":12,"68":12,"69":12,"70":12,"71":48,"72":47,"73":47,"74":48,"75":12,"76":12,"77":12,"78":12,"79":12,"80":12,"81":12,"82":3,"83":3,"84":3,"85":3,"86":3,"87":3,"88":3,"89":3,"90":3,"91":3,"92":12,"93":12,"94":1,"95":1,"96":1,"97":1,"98":1,"99":1,"100":12,"101":12,"102":2,"103":2,"104":2,"105":2,"106":2,"107":2,"108":2,"109":2,"110":2,"111":2,"112":2,"113":2,"114":2,"115":2,"116":2,"117":2,"118":2,"119":2,"120":0,"121":0,"122":2,"123":2,"124":2,"125":2,"126":2,"127":2,"128":0,"129":0,"130":2,"131":2,"132":2,"133":2,"134":2,"135":0,"136":0,"137":2,"138":2,"139":2,"140":2,"141":2,"142":2,"143":2,"144":2,"145":2,"146":2,"147":2,"148":2,"149":2,"150":2,"151":2,"152":2,"153":2,"154":2,"155":2,"156":12,"157":12,"158":4,"159":4,"160":12,"161":12,"162":0,"163":0,"164":12,"165":1,"166":1,"167":1,"168":1},"branchMap":{"0":{"type":"branch","line":8,"loc":{"start":{"line":8,"column":-1},"end":{"line":165,"column":1}},"locations":[{"start":{"line":8,"column":-1},"end":{"line":165,"column":1}}]},"1":{"type":"branch","line":19,"loc":{"start":{"line":19,"column":4},"end":{"line":52,"column":5}},"locations":[{"start":{"line":19,"column":4},"end":{"line":52,"column":5}}]},"2":{"type":"branch","line":46,"loc":{"start":{"line":46,"column":39},"end":{"line":46,"column":63}},"locations":[{"start":{"line":46,"column":39},"end":{"line":46,"column":63}}]},"3":{"type":"branch","line":47,"loc":{"start":{"line":47,"column":39},"end":{"line":47,"column":63}},"locations":[{"start":{"line":47,"column":39},"end":{"line":47,"column":63}}]},"4":{"type":"branch","line":54,"loc":{"start":{"line":54,"column":12},"end":{"line":66,"column":5}},"locations":[{"start":{"line":54,"column":12},"end":{"line":66,"column":5}}]},"5":{"type":"branch","line":57,"loc":{"start":{"line":57,"column":39},"end":{"line":61,"column":9}},"locations":[{"start":{"line":57,"column":39},"end":{"line":61,"column":9}}]},"6":{"type":"branch","line":58,"loc":{"start":{"line":58,"column":48},"end":{"line":60,"column":13}},"locations":[{"start":{"line":58,"column":48},"end":{"line":60,"column":13}}]},"7":{"type":"branch","line":68,"loc":{"start":{"line":68,"column":12},"end":{"line":80,"column":5}},"locations":[{"start":{"line":68,"column":12},"end":{"line":80,"column":5}}]},"8":{"type":"branch","line":71,"loc":{"start":{"line":71,"column":34},"end":{"line":75,"column":9}},"locations":[{"start":{"line":71,"column":34},"end":{"line":75,"column":9}}]},"9":{"type":"branch","line":72,"loc":{"start":{"line":72,"column":43},"end":{"line":74,"column":13}},"locations":[{"start":{"line":72,"column":43},"end":{"line":74,"column":13}}]},"10":{"type":"branch","line":82,"loc":{"start":{"line":82,"column":11},"end":{"line":92,"column":5}},"locations":[{"start":{"line":82,"column":11},"end":{"line":92,"column":5}}]},"11":{"type":"branch","line":94,"loc":{"start":{"line":94,"column":11},"end":{"line":100,"column":5}},"locations":[{"start":{"line":94,"column":11},"end":{"line":100,"column":5}}]},"12":{"type":"branch","line":102,"loc":{"start":{"line":102,"column":11},"end":{"line":156,"column":5}},"locations":[{"start":{"line":102,"column":11},"end":{"line":156,"column":5}}]},"13":{"type":"branch","line":117,"loc":{"start":{"line":117,"column":22},"end":{"line":117,"column":31}},"locations":[{"start":{"line":117,"column":22},"end":{"line":117,"column":31}}]},"14":{"type":"branch","line":118,"loc":{"start":{"line":118,"column":15},"end":{"line":118,"column":52}},"locations":[{"start":{"line":118,"column":15},"end":{"line":118,"column":52}}]},"15":{"type":"branch","line":119,"loc":{"start":{"line":119,"column":15},"end":{"line":119,"column":72}},"locations":[{"start":{"line":119,"column":15},"end":{"line":119,"column":72}}]},"16":{"type":"branch","line":120,"loc":{"start":{"line":120,"column":10},"end":{"line":122,"column":9}},"locations":[{"start":{"line":120,"column":10},"end":{"line":122,"column":9}}]},"17":{"type":"branch","line":124,"loc":{"start":{"line":124,"column":18},"end":{"line":124,"column":22}},"locations":[{"start":{"line":124,"column":18},"end":{"line":124,"column":22}}]},"18":{"type":"branch","line":125,"loc":{"start":{"line":125,"column":15},"end":{"line":125,"column":64}},"locations":[{"start":{"line":125,"column":15},"end":{"line":125,"column":64}}]},"19":{"type":"branch","line":126,"loc":{"start":{"line":126,"column":15},"end":{"line":126,"column":46}},"locations":[{"start":{"line":126,"column":15},"end":{"line":126,"column":46}}]},"20":{"type":"branch","line":127,"loc":{"start":{"line":127,"column":15},"end":{"line":127,"column":56}},"locations":[{"start":{"line":127,"column":15},"end":{"line":127,"column":56}}]},"21":{"type":"branch","line":128,"loc":{"start":{"line":128,"column":10},"end":{"line":130,"column":9}},"locations":[{"start":{"line":128,"column":10},"end":{"line":130,"column":9}}]},"22":{"type":"branch","line":132,"loc":{"start":{"line":132,"column":18},"end":{"line":132,"column":24}},"locations":[{"start":{"line":132,"column":18},"end":{"line":132,"column":24}}]},"23":{"type":"branch","line":133,"loc":{"start":{"line":133,"column":15},"end":{"line":133,"column":56}},"locations":[{"start":{"line":133,"column":15},"end":{"line":133,"column":56}}]},"24":{"type":"branch","line":134,"loc":{"start":{"line":134,"column":15},"end":{"line":134,"column":47}},"locations":[{"start":{"line":134,"column":15},"end":{"line":134,"column":47}}]},"25":{"type":"branch","line":135,"loc":{"start":{"line":135,"column":10},"end":{"line":137,"column":9}},"locations":[{"start":{"line":135,"column":10},"end":{"line":137,"column":9}}]},"26":{"type":"branch","line":158,"loc":{"start":{"line":158,"column":4},"end":{"line":160,"column":5}},"locations":[{"start":{"line":158,"column":4},"end":{"line":160,"column":5}}]}},"b":{"0":[12],"1":[12],"2":[0],"3":[0],"4":[12],"5":[19],"6":[12],"7":[12],"8":[48],"9":[47],"10":[3],"11":[1],"12":[2],"13":[1],"14":[0],"15":[0],"16":[0],"17":[0],"18":[0],"19":[0],"20":[0],"21":[0],"22":[0],"23":[0],"24":[0],"25":[0],"26":[4]},"fnMap":{"0":{"name":"<instance_members_initializer>","decl":{"start":{"line":8,"column":-1},"end":{"line":165,"column":1}},"loc":{"start":{"line":8,"column":-1},"end":{"line":165,"column":1}},"line":8},"1":{"name":"Metadata","decl":{"start":{"line":19,"column":4},"end":{"line":52,"column":5}},"loc":{"start":{"line":19,"column":4},"end":{"line":52,"column":5}},"line":19},"2":{"name":"addAnnotations","decl":{"start":{"line":54,"column":12},"end":{"line":66,"column":5}},"loc":{"start":{"line":54,"column":12},"end":{"line":66,"column":5}},"line":54},"3":{"name":"addLabels","decl":{"start":{"line":68,"column":12},"end":{"line":80,"column":5}},"loc":{"start":{"line":68,"column":12},"end":{"line":80,"column":5}},"line":68},"4":{"name":"toJSON","decl":{"start":{"line":82,"column":11},"end":{"line":92,"column":5}},"loc":{"start":{"line":82,"column":11},"end":{"line":92,"column":5}},"line":82},"5":{"name":"toString","decl":{"start":{"line":94,"column":11},"end":{"line":100,"column":5}},"loc":{"start":{"line":94,"column":11},"end":{"line":100,"column":5}},"line":94},"6":{"name":"update","decl":{"start":{"line":102,"column":11},"end":{"line":156,"column":5}},"loc":{"start":{"line":102,"column":11},"end":{"line":156,"column":5}},"line":102},"7":{"name":"get id","decl":{"start":{"line":158,"column":4},"end":{"line":160,"column":5}},"loc":{"start":{"line":158,"column":4},"end":{"line":160,"column":5}},"line":158},"8":{"name":"get type","decl":{"start":{"line":162,"column":4},"end":{"line":164,"column":5}},"loc":{"start":{"line":162,"column":4},"end":{"line":164,"column":5}},"line":162}},"f":{"0":12,"1":12,"2":12,"3":12,"4":3,"5":1,"6":2,"7":4,"8":0}}
,"/Users/j/Code/pocket-monorepo-private/packages/core/src/components/timestamps/timestamp.item.ts": {"path":"/Users/j/Code/pocket-monorepo-private/packages/core/src/components/timestamps/timestamp.item.ts","all":false,"statementMap":{"0":{"start":{"line":1,"column":0},"end":{"line":1,"column":112}},"1":{"start":{"line":2,"column":0},"end":{"line":2,"column":43}},"2":{"start":{"line":3,"column":0},"end":{"line":3,"column":48}},"3":{"start":{"line":4,"column":0},"end":{"line":4,"column":0}},"4":{"start":{"line":5,"column":0},"end":{"line":5,"column":0}},"5":{"start":{"line":6,"column":0},"end":{"line":6,"column":3}},"6":{"start":{"line":7,"column":0},"end":{"line":7,"column":101}},"7":{"start":{"line":8,"column":0},"end":{"line":8,"column":71}},"8":{"start":{"line":9,"column":0},"end":{"line":9,"column":88}},"9":{"start":{"line":10,"column":0},"end":{"line":10,"column":3}},"10":{"start":{"line":11,"column":0},"end":{"line":11,"column":19}},"11":{"start":{"line":12,"column":0},"end":{"line":12,"column":14}},"12":{"start":{"line":13,"column":0},"end":{"line":13,"column":21}},"13":{"start":{"line":14,"column":0},"end":{"line":14,"column":1}},"14":{"start":{"line":15,"column":0},"end":{"line":15,"column":7}},"15":{"start":{"line":16,"column":0},"end":{"line":16,"column":80}},"16":{"start":{"line":17,"column":0},"end":{"line":17,"column":7}},"17":{"start":{"line":18,"column":0},"end":{"line":18,"column":31}},"18":{"start":{"line":19,"column":0},"end":{"line":19,"column":0}},"19":{"start":{"line":20,"column":0},"end":{"line":20,"column":7}},"20":{"start":{"line":21,"column":0},"end":{"line":21,"column":95}},"21":{"start":{"line":22,"column":0},"end":{"line":22,"column":51}},"22":{"start":{"line":23,"column":0},"end":{"line":23,"column":6}},"23":{"start":{"line":24,"column":0},"end":{"line":24,"column":92}},"24":{"start":{"line":25,"column":0},"end":{"line":25,"column":7}},"25":{"start":{"line":26,"column":0},"end":{"line":26,"column":54}},"26":{"start":{"line":27,"column":0},"end":{"line":27,"column":12}},"27":{"start":{"line":28,"column":0},"end":{"line":28,"column":36}},"28":{"start":{"line":29,"column":0},"end":{"line":29,"column":39}},"29":{"start":{"line":30,"column":0},"end":{"line":30,"column":35}},"30":{"start":{"line":31,"column":0},"end":{"line":31,"column":45}},"31":{"start":{"line":32,"column":0},"end":{"line":32,"column":11}},"32":{"start":{"line":33,"column":0},"end":{"line":33,"column":39}},"33":{"start":{"line":34,"column":0},"end":{"line":34,"column":9}},"34":{"start":{"line":35,"column":0},"end":{"line":35,"column":14}},"35":{"start":{"line":36,"column":0},"end":{"line":36,"column":50}},"36":{"start":{"line":37,"column":0},"end":{"line":37,"column":9}},"37":{"start":{"line":38,"column":0},"end":{"line":38,"column":0}},"38":{"start":{"line":39,"column":0},"end":{"line":39,"column":28}},"39":{"start":{"line":40,"column":0},"end":{"line":40,"column":33}},"40":{"start":{"line":41,"column":0},"end":{"line":41,"column":5}},"41":{"start":{"line":42,"column":0},"end":{"line":42,"column":0}},"42":{"start":{"line":43,"column":0},"end":{"line":43,"column":7}},"43":{"start":{"line":44,"column":0},"end":{"line":44,"column":56}},"44":{"start":{"line":45,"column":0},"end":{"line":45,"column":0}},"45":{"start":{"line":46,"column":0},"end":{"line":46,"column":7}},"46":{"start":{"line":47,"column":0},"end":{"line":47,"column":28}},"47":{"start":{"line":48,"column":0},"end":{"line":48,"column":62}},"48":{"start":{"line":49,"column":0},"end":{"line":49,"column":5}},"49":{"start":{"line":50,"column":0},"end":{"line":50,"column":0}},"50":{"start":{"line":51,"column":0},"end":{"line":51,"column":7}},"51":{"start":{"line":52,"column":0},"end":{"line":52,"column":69}},"52":{"start":{"line":53,"column":0},"end":{"line":53,"column":0}},"53":{"start":{"line":54,"column":0},"end":{"line":54,"column":7}},"54":{"start":{"line":55,"column":0},"end":{"line":55,"column":37}},"55":{"start":{"line":56,"column":0},"end":{"line":56,"column":65}},"56":{"start":{"line":57,"column":0},"end":{"line":57,"column":5}},"57":{"start":{"line":58,"column":0},"end":{"line":58,"column":0}},"58":{"start":{"line":59,"column":0},"end":{"line":59,"column":7}},"59":{"start":{"line":60,"column":0},"end":{"line":60,"column":63}},"60":{"start":{"line":61,"column":0},"end":{"line":61,"column":0}},"61":{"start":{"line":62,"column":0},"end":{"line":62,"column":7}},"62":{"start":{"line":63,"column":0},"end":{"line":63,"column":29}},"63":{"start":{"line":64,"column":0},"end":{"line":64,"column":68}},"64":{"start":{"line":65,"column":0},"end":{"line":65,"column":5}},"65":{"start":{"line":66,"column":0},"end":{"line":66,"column":0}},"66":{"start":{"line":67,"column":0},"end":{"line":67,"column":7}},"67":{"start":{"line":68,"column":0},"end":{"line":68,"column":58}},"68":{"start":{"line":69,"column":0},"end":{"line":69,"column":0}},"69":{"start":{"line":70,"column":0},"end":{"line":70,"column":7}},"70":{"start":{"line":71,"column":0},"end":{"line":71,"column":28}},"71":{"start":{"line":72,"column":0},"end":{"line":72,"column":62}},"72":{"start":{"line":73,"column":0},"end":{"line":73,"column":5}},"73":{"start":{"line":74,"column":0},"end":{"line":74,"column":0}},"74":{"start":{"line":75,"column":0},"end":{"line":75,"column":4}},"75":{"start":{"line":76,"column":0},"end":{"line":76,"column":7}},"76":{"start":{"line":77,"column":0},"end":{"line":77,"column":70}},"77":{"start":{"line":78,"column":0},"end":{"line":78,"column":88}},"78":{"start":{"line":79,"column":0},"end":{"line":79,"column":7}},"79":{"start":{"line":80,"column":0},"end":{"line":80,"column":20}},"80":{"start":{"line":81,"column":0},"end":{"line":81,"column":18}},"81":{"start":{"line":82,"column":0},"end":{"line":82,"column":19}},"82":{"start":{"line":83,"column":0},"end":{"line":83,"column":18}},"83":{"start":{"line":84,"column":0},"end":{"line":84,"column":17}},"84":{"start":{"line":85,"column":0},"end":{"line":85,"column":18}},"85":{"start":{"line":86,"column":0},"end":{"line":86,"column":20}},"86":{"start":{"line":87,"column":0},"end":{"line":87,"column":20}},"87":{"start":{"line":88,"column":0},"end":{"line":88,"column":24}},"88":{"start":{"line":89,"column":0},"end":{"line":89,"column":48}},"89":{"start":{"line":90,"column":0},"end":{"line":90,"column":43}},"90":{"start":{"line":91,"column":0},"end":{"line":91,"column":22}},"91":{"start":{"line":92,"column":0},"end":{"line":92,"column":13}},"92":{"start":{"line":93,"column":0},"end":{"line":93,"column":22}},"93":{"start":{"line":94,"column":0},"end":{"line":94,"column":23}},"94":{"start":{"line":95,"column":0},"end":{"line":95,"column":22}},"95":{"start":{"line":96,"column":0},"end":{"line":96,"column":21}},"96":{"start":{"line":97,"column":0},"end":{"line":97,"column":22}},"97":{"start":{"line":98,"column":0},"end":{"line":98,"column":24}},"98":{"start":{"line":99,"column":0},"end":{"line":99,"column":24}},"99":{"start":{"line":100,"column":0},"end":{"line":100,"column":28}},"100":{"start":{"line":101,"column":0},"end":{"line":101,"column":13}},"101":{"start":{"line":102,"column":0},"end":{"line":102,"column":10}},"102":{"start":{"line":103,"column":0},"end":{"line":103,"column":0}},"103":{"start":{"line":104,"column":0},"end":{"line":104,"column":39}},"104":{"start":{"line":105,"column":0},"end":{"line":105,"column":5}},"105":{"start":{"line":106,"column":0},"end":{"line":106,"column":0}},"106":{"start":{"line":107,"column":0},"end":{"line":107,"column":0}},"107":{"start":{"line":108,"column":0},"end":{"line":108,"column":7}},"108":{"start":{"line":109,"column":0},"end":{"line":109,"column":82}},"109":{"start":{"line":110,"column":0},"end":{"line":110,"column":93}},"110":{"start":{"line":111,"column":0},"end":{"line":111,"column":7}},"111":{"start":{"line":112,"column":0},"end":{"line":112,"column":25}},"112":{"start":{"line":113,"column":0},"end":{"line":113,"column":18}},"113":{"start":{"line":114,"column":0},"end":{"line":114,"column":19}},"114":{"start":{"line":115,"column":0},"end":{"line":115,"column":18}},"115":{"start":{"line":116,"column":0},"end":{"line":116,"column":17}},"116":{"start":{"line":117,"column":0},"end":{"line":117,"column":18}},"117":{"start":{"line":118,"column":0},"end":{"line":118,"column":20}},"118":{"start":{"line":119,"column":0},"end":{"line":119,"column":20}},"119":{"start":{"line":120,"column":0},"end":{"line":120,"column":24}},"120":{"start":{"line":121,"column":0},"end":{"line":121,"column":26}},"121":{"start":{"line":122,"column":0},"end":{"line":122,"column":26}},"122":{"start":{"line":123,"column":0},"end":{"line":123,"column":48}},"123":{"start":{"line":124,"column":0},"end":{"line":124,"column":22}},"124":{"start":{"line":125,"column":0},"end":{"line":125,"column":13}},"125":{"start":{"line":126,"column":0},"end":{"line":126,"column":22}},"126":{"start":{"line":127,"column":0},"end":{"line":127,"column":23}},"127":{"start":{"line":128,"column":0},"end":{"line":128,"column":22}},"128":{"start":{"line":129,"column":0},"end":{"line":129,"column":21}},"129":{"start":{"line":130,"column":0},"end":{"line":130,"column":22}},"130":{"start":{"line":131,"column":0},"end":{"line":131,"column":24}},"131":{"start":{"line":132,"column":0},"end":{"line":132,"column":24}},"132":{"start":{"line":133,"column":0},"end":{"line":133,"column":28}},"133":{"start":{"line":134,"column":0},"end":{"line":134,"column":13}},"134":{"start":{"line":135,"column":0},"end":{"line":135,"column":10}},"135":{"start":{"line":136,"column":0},"end":{"line":136,"column":0}},"136":{"start":{"line":137,"column":0},"end":{"line":137,"column":39}},"137":{"start":{"line":138,"column":0},"end":{"line":138,"column":5}},"138":{"start":{"line":139,"column":0},"end":{"line":139,"column":0}},"139":{"start":{"line":140,"column":0},"end":{"line":140,"column":1}},"140":{"start":{"line":141,"column":0},"end":{"line":141,"column":0}},"141":{"start":{"line":142,"column":0},"end":{"line":142,"column":8}},"142":{"start":{"line":143,"column":0},"end":{"line":143,"column":17}},"143":{"start":{"line":144,"column":0},"end":{"line":144,"column":1}}},"s":{"0":1,"1":1,"2":1,"3":1,"4":1,"5":1,"6":1,"7":1,"8":1,"9":1,"10":1,"11":13,"12":13,"13":13,"14":13,"15":13,"16":13,"17":13,"18":13,"19":13,"20":13,"21":13,"22":13,"23":13,"24":13,"25":13,"26":13,"27":13,"28":13,"29":13,"30":12,"31":13,"32":12,"33":12,"34":1,"35":1,"36":1,"37":12,"38":12,"39":12,"40":12,"41":13,"42":13,"43":13,"44":13,"45":13,"46":13,"47":1,"48":1,"49":13,"50":13,"51":13,"52":13,"53":13,"54":13,"55":1,"56":1,"57":13,"58":13,"59":13,"60":13,"61":13,"62":13,"63":1,"64":1,"65":13,"66":13,"67":13,"68":13,"69":13,"70":13,"71":1,"72":1,"73":13,"74":13,"75":13,"76":13,"77":13,"78":13,"79":13,"80":0,"81":0,"82":0,"83":0,"84":0,"85":0,"86":0,"87":0,"88":0,"89":0,"90":0,"91":0,"92":0,"93":0,"94":0,"95":0,"96":0,"97":0,"98":0,"99":0,"100":0,"101":0,"102":0,"103":0,"104":0,"105":13,"106":13,"107":13,"108":13,"109":13,"110":13,"111":13,"112":0,"113":0,"114":0,"115":0,"116":0,"117":0,"118":0,"119":0,"120":0,"121":0,"122":0,"123":0,"124":0,"125":0,"126":0,"127":0,"128":0,"129":0,"130":0,"131":0,"132":0,"133":0,"134":0,"135":0,"136":0,"137":0,"138":13,"139":13,"140":1,"141":1,"142":1,"143":1},"branchMap":{"0":{"type":"branch","line":12,"loc":{"start":{"line":12,"column":-1},"end":{"line":140,"column":1}},"locations":[{"start":{"line":12,"column":-1},"end":{"line":140,"column":1}}]},"1":{"type":"branch","line":26,"loc":{"start":{"line":26,"column":4},"end":{"line":41,"column":5}},"locations":[{"start":{"line":26,"column":4},"end":{"line":41,"column":5}}]},"2":{"type":"branch","line":29,"loc":{"start":{"line":29,"column":15},"end":{"line":29,"column":39}},"locations":[{"start":{"line":29,"column":15},"end":{"line":29,"column":39}}]},"3":{"type":"branch","line":30,"loc":{"start":{"line":30,"column":15},"end":{"line":31,"column":45}},"locations":[{"start":{"line":30,"column":15},"end":{"line":31,"column":45}}]},"4":{"type":"branch","line":31,"loc":{"start":{"line":31,"column":15},"end":{"line":31,"column":45}},"locations":[{"start":{"line":31,"column":15},"end":{"line":31,"column":45}}]},"5":{"type":"branch","line":32,"loc":{"start":{"line":32,"column":10},"end":{"line":34,"column":9}},"locations":[{"start":{"line":32,"column":10},"end":{"line":34,"column":9}}]},"6":{"type":"branch","line":35,"loc":{"start":{"line":35,"column":-1},"end":{"line":37,"column":9}},"locations":[{"start":{"line":35,"column":-1},"end":{"line":37,"column":9}}]},"7":{"type":"branch","line":38,"loc":{"start":{"line":38,"column":-1},"end":{"line":41,"column":5}},"locations":[{"start":{"line":38,"column":-1},"end":{"line":41,"column":5}}]},"8":{"type":"branch","line":47,"loc":{"start":{"line":47,"column":11},"end":{"line":49,"column":5}},"locations":[{"start":{"line":47,"column":11},"end":{"line":49,"column":5}}]},"9":{"type":"branch","line":55,"loc":{"start":{"line":55,"column":11},"end":{"line":57,"column":5}},"locations":[{"start":{"line":55,"column":11},"end":{"line":57,"column":5}}]},"10":{"type":"branch","line":63,"loc":{"start":{"line":63,"column":11},"end":{"line":65,"column":5}},"locations":[{"start":{"line":63,"column":11},"end":{"line":65,"column":5}}]},"11":{"type":"branch","line":71,"loc":{"start":{"line":71,"column":11},"end":{"line":73,"column":5}},"locations":[{"start":{"line":71,"column":11},"end":{"line":73,"column":5}}]}},"b":{"0":[13],"1":[13],"2":[12],"3":[12],"4":[11],"5":[12],"6":[1],"7":[12],"8":[1],"9":[1],"10":[1],"11":[1]},"fnMap":{"0":{"name":"<instance_members_initializer>","decl":{"start":{"line":12,"column":-1},"end":{"line":140,"column":1}},"loc":{"start":{"line":12,"column":-1},"end":{"line":140,"column":1}},"line":12},"1":{"name":"TimestampItem","decl":{"start":{"line":26,"column":4},"end":{"line":41,"column":5}},"loc":{"start":{"line":26,"column":4},"end":{"line":41,"column":5}},"line":26},"2":{"name":"toISO","decl":{"start":{"line":47,"column":11},"end":{"line":49,"column":5}},"loc":{"start":{"line":47,"column":11},"end":{"line":49,"column":5}},"line":47},"3":{"name":"toLocaleString","decl":{"start":{"line":55,"column":11},"end":{"line":57,"column":5}},"loc":{"start":{"line":55,"column":11},"end":{"line":57,"column":5}},"line":55},"4":{"name":"toUNIX","decl":{"start":{"line":63,"column":11},"end":{"line":65,"column":5}},"loc":{"start":{"line":63,"column":11},"end":{"line":65,"column":5}},"line":63},"5":{"name":"toRFC","decl":{"start":{"line":71,"column":11},"end":{"line":73,"column":5}},"loc":{"start":{"line":71,"column":11},"end":{"line":73,"column":5}},"line":71},"6":{"name":"addTime","decl":{"start":{"line":80,"column":11},"end":{"line":105,"column":5}},"loc":{"start":{"line":80,"column":11},"end":{"line":105,"column":5}},"line":80},"7":{"name":"subtractTime","decl":{"start":{"line":112,"column":11},"end":{"line":138,"column":5}},"loc":{"start":{"line":112,"column":11},"end":{"line":138,"column":5}},"line":112}},"f":{"0":13,"1":13,"2":1,"3":1,"4":1,"5":1,"6":0,"7":0}}
,"/Users/j/Code/pocket-monorepo-private/packages/core/src/templates/v0/base/identifier.ts": {"path":"/Users/j/Code/pocket-monorepo-private/packages/core/src/templates/v0/base/identifier.ts","all":false,"statementMap":{"0":{"start":{"line":1,"column":0},"end":{"line":1,"column":3}},"1":{"start":{"line":2,"column":0},"end":{"line":2,"column":22}},"2":{"start":{"line":3,"column":0},"end":{"line":3,"column":102}},"3":{"start":{"line":4,"column":0},"end":{"line":4,"column":95}},"4":{"start":{"line":5,"column":0},"end":{"line":5,"column":3}},"5":{"start":{"line":6,"column":0},"end":{"line":6,"column":0}},"6":{"start":{"line":7,"column":0},"end":{"line":7,"column":0}},"7":{"start":{"line":8,"column":0},"end":{"line":8,"column":3}},"8":{"start":{"line":9,"column":0},"end":{"line":9,"column":67}},"9":{"start":{"line":10,"column":0},"end":{"line":10,"column":68}},"10":{"start":{"line":11,"column":0},"end":{"line":11,"column":68}},"11":{"start":{"line":12,"column":0},"end":{"line":12,"column":3}},"12":{"start":{"line":13,"column":0},"end":{"line":13,"column":26}},"13":{"start":{"line":14,"column":0},"end":{"line":14,"column":7}},"14":{"start":{"line":15,"column":0},"end":{"line":15,"column":51}},"15":{"start":{"line":16,"column":0},"end":{"line":16,"column":7}},"16":{"start":{"line":17,"column":0},"end":{"line":17,"column":18}},"17":{"start":{"line":18,"column":0},"end":{"line":18,"column":0}},"18":{"start":{"line":19,"column":0},"end":{"line":19,"column":7}},"19":{"start":{"line":20,"column":0},"end":{"line":20,"column":30}},"20":{"start":{"line":21,"column":0},"end":{"line":21,"column":7}},"21":{"start":{"line":22,"column":0},"end":{"line":22,"column":22}},"22":{"start":{"line":23,"column":0},"end":{"line":23,"column":0}},"23":{"start":{"line":24,"column":0},"end":{"line":24,"column":7}},"24":{"start":{"line":25,"column":0},"end":{"line":25,"column":38}},"25":{"start":{"line":26,"column":0},"end":{"line":26,"column":7}},"26":{"start":{"line":27,"column":0},"end":{"line":27,"column":22}},"27":{"start":{"line":28,"column":0},"end":{"line":28,"column":0}},"28":{"start":{"line":29,"column":0},"end":{"line":29,"column":7}},"29":{"start":{"line":30,"column":0},"end":{"line":30,"column":68}},"30":{"start":{"line":31,"column":0},"end":{"line":31,"column":54}},"31":{"start":{"line":32,"column":0},"end":{"line":32,"column":7}},"32":{"start":{"line":33,"column":0},"end":{"line":33,"column":18}},"33":{"start":{"line":34,"column":0},"end":{"line":34,"column":0}},"34":{"start":{"line":35,"column":0},"end":{"line":35,"column":7}},"35":{"start":{"line":36,"column":0},"end":{"line":36,"column":50}},"36":{"start":{"line":37,"column":0},"end":{"line":37,"column":57}},"37":{"start":{"line":38,"column":0},"end":{"line":38,"column":7}},"38":{"start":{"line":39,"column":0},"end":{"line":39,"column":18}},"39":{"start":{"line":40,"column":0},"end":{"line":40,"column":0}},"40":{"start":{"line":41,"column":0},"end":{"line":41,"column":7}},"41":{"start":{"line":42,"column":0},"end":{"line":42,"column":74}},"42":{"start":{"line":43,"column":0},"end":{"line":43,"column":78}},"43":{"start":{"line":44,"column":0},"end":{"line":44,"column":7}},"44":{"start":{"line":45,"column":0},"end":{"line":45,"column":16}},"45":{"start":{"line":46,"column":0},"end":{"line":46,"column":0}},"46":{"start":{"line":47,"column":0},"end":{"line":47,"column":7}},"47":{"start":{"line":48,"column":0},"end":{"line":48,"column":73}},"48":{"start":{"line":49,"column":0},"end":{"line":49,"column":80}},"49":{"start":{"line":50,"column":0},"end":{"line":50,"column":7}},"50":{"start":{"line":51,"column":0},"end":{"line":51,"column":28}},"51":{"start":{"line":52,"column":0},"end":{"line":52,"column":0}},"52":{"start":{"line":53,"column":0},"end":{"line":53,"column":7}},"53":{"start":{"line":54,"column":0},"end":{"line":54,"column":48}},"54":{"start":{"line":55,"column":0},"end":{"line":55,"column":46}},"55":{"start":{"line":56,"column":0},"end":{"line":56,"column":7}},"56":{"start":{"line":57,"column":0},"end":{"line":57,"column":28}},"57":{"start":{"line":58,"column":0},"end":{"line":58,"column":0}},"58":{"start":{"line":59,"column":0},"end":{"line":59,"column":7}},"59":{"start":{"line":60,"column":0},"end":{"line":60,"column":65}},"60":{"start":{"line":61,"column":0},"end":{"line":61,"column":48}},"61":{"start":{"line":62,"column":0},"end":{"line":62,"column":7}},"62":{"start":{"line":63,"column":0},"end":{"line":63,"column":16}},"63":{"start":{"line":64,"column":0},"end":{"line":64,"column":0}},"64":{"start":{"line":65,"column":0},"end":{"line":65,"column":7}},"65":{"start":{"line":66,"column":0},"end":{"line":66,"column":84}},"66":{"start":{"line":67,"column":0},"end":{"line":67,"column":37}},"67":{"start":{"line":68,"column":0},"end":{"line":68,"column":7}},"68":{"start":{"line":69,"column":0},"end":{"line":69,"column":16}},"69":{"start":{"line":70,"column":0},"end":{"line":70,"column":0}},"70":{"start":{"line":71,"column":0},"end":{"line":71,"column":7}},"71":{"start":{"line":72,"column":0},"end":{"line":72,"column":69}},"72":{"start":{"line":73,"column":0},"end":{"line":73,"column":60}},"73":{"start":{"line":74,"column":0},"end":{"line":74,"column":7}},"74":{"start":{"line":75,"column":0},"end":{"line":75,"column":44}},"75":{"start":{"line":76,"column":0},"end":{"line":76,"column":0}},"76":{"start":{"line":77,"column":0},"end":{"line":77,"column":7}},"77":{"start":{"line":78,"column":0},"end":{"line":78,"column":59}},"78":{"start":{"line":79,"column":0},"end":{"line":79,"column":88}},"79":{"start":{"line":80,"column":0},"end":{"line":80,"column":7}},"80":{"start":{"line":81,"column":0},"end":{"line":81,"column":28}},"81":{"start":{"line":82,"column":0},"end":{"line":82,"column":0}},"82":{"start":{"line":83,"column":0},"end":{"line":83,"column":7}},"83":{"start":{"line":84,"column":0},"end":{"line":84,"column":81}},"84":{"start":{"line":85,"column":0},"end":{"line":85,"column":46}},"85":{"start":{"line":86,"column":0},"end":{"line":86,"column":7}},"86":{"start":{"line":87,"column":0},"end":{"line":87,"column":16}},"87":{"start":{"line":88,"column":0},"end":{"line":88,"column":0}},"88":{"start":{"line":89,"column":0},"end":{"line":89,"column":7}},"89":{"start":{"line":90,"column":0},"end":{"line":90,"column":73}},"90":{"start":{"line":91,"column":0},"end":{"line":91,"column":57}},"91":{"start":{"line":92,"column":0},"end":{"line":92,"column":7}},"92":{"start":{"line":93,"column":0},"end":{"line":93,"column":26}},"93":{"start":{"line":94,"column":0},"end":{"line":94,"column":0}},"94":{"start":{"line":95,"column":0},"end":{"line":95,"column":7}},"95":{"start":{"line":96,"column":0},"end":{"line":96,"column":66}},"96":{"start":{"line":97,"column":0},"end":{"line":97,"column":34}},"97":{"start":{"line":98,"column":0},"end":{"line":98,"column":7}},"98":{"start":{"line":99,"column":0},"end":{"line":99,"column":22}},"99":{"start":{"line":100,"column":0},"end":{"line":100,"column":0}},"100":{"start":{"line":101,"column":0},"end":{"line":101,"column":7}},"101":{"start":{"line":102,"column":0},"end":{"line":102,"column":79}},"102":{"start":{"line":103,"column":0},"end":{"line":103,"column":35}},"103":{"start":{"line":104,"column":0},"end":{"line":104,"column":7}},"104":{"start":{"line":105,"column":0},"end":{"line":105,"column":28}},"105":{"start":{"line":106,"column":0},"end":{"line":106,"column":0}},"106":{"start":{"line":107,"column":0},"end":{"line":107,"column":7}},"107":{"start":{"line":108,"column":0},"end":{"line":108,"column":63}},"108":{"start":{"line":109,"column":0},"end":{"line":109,"column":57}},"109":{"start":{"line":110,"column":0},"end":{"line":110,"column":7}},"110":{"start":{"line":111,"column":0},"end":{"line":111,"column":20}},"111":{"start":{"line":112,"column":0},"end":{"line":112,"column":0}},"112":{"start":{"line":113,"column":0},"end":{"line":113,"column":7}},"113":{"start":{"line":114,"column":0},"end":{"line":114,"column":81}},"114":{"start":{"line":115,"column":0},"end":{"line":115,"column":27}},"115":{"start":{"line":116,"column":0},"end":{"line":116,"column":7}},"116":{"start":{"line":117,"column":0},"end":{"line":117,"column":27}},"117":{"start":{"line":118,"column":0},"end":{"line":118,"column":1}},"118":{"start":{"line":119,"column":0},"end":{"line":119,"column":0}},"119":{"start":{"line":120,"column":0},"end":{"line":120,"column":0}},"120":{"start":{"line":121,"column":0},"end":{"line":121,"column":3}},"121":{"start":{"line":122,"column":0},"end":{"line":122,"column":91}},"122":{"start":{"line":123,"column":0},"end":{"line":123,"column":91}},"123":{"start":{"line":124,"column":0},"end":{"line":124,"column":3}},"124":{"start":{"line":125,"column":0},"end":{"line":125,"column":58}},"125":{"start":{"line":126,"column":0},"end":{"line":126,"column":0}},"126":{"start":{"line":127,"column":0},"end":{"line":127,"column":0}},"127":{"start":{"line":128,"column":0},"end":{"line":128,"column":3}},"128":{"start":{"line":129,"column":0},"end":{"line":129,"column":88}},"129":{"start":{"line":130,"column":0},"end":{"line":130,"column":82}},"130":{"start":{"line":131,"column":0},"end":{"line":131,"column":89}},"131":{"start":{"line":132,"column":0},"end":{"line":132,"column":2}},"132":{"start":{"line":133,"column":0},"end":{"line":133,"column":78}},"133":{"start":{"line":134,"column":0},"end":{"line":134,"column":67}},"134":{"start":{"line":135,"column":0},"end":{"line":135,"column":89}},"135":{"start":{"line":136,"column":0},"end":{"line":136,"column":3}},"136":{"start":{"line":137,"column":0},"end":{"line":137,"column":54}},"137":{"start":{"line":138,"column":0},"end":{"line":138,"column":11}},"138":{"start":{"line":139,"column":0},"end":{"line":139,"column":50}},"139":{"start":{"line":140,"column":0},"end":{"line":140,"column":26}},"140":{"start":{"line":141,"column":0},"end":{"line":141,"column":2}},"141":{"start":{"line":142,"column":0},"end":{"line":142,"column":0}},"142":{"start":{"line":143,"column":0},"end":{"line":143,"column":0}},"143":{"start":{"line":144,"column":0},"end":{"line":144,"column":0}},"144":{"start":{"line":145,"column":0},"end":{"line":145,"column":8}},"145":{"start":{"line":146,"column":0},"end":{"line":146,"column":24}},"146":{"start":{"line":147,"column":0},"end":{"line":147,"column":28}},"147":{"start":{"line":148,"column":0},"end":{"line":148,"column":23}},"148":{"start":{"line":149,"column":0},"end":{"line":149,"column":1}}},"s":{"0":1,"1":1,"2":1,"3":1,"4":1,"5":1,"6":1,"7":1,"8":1,"9":1,"10":1,"11":1,"12":1,"13":1,"14":1,"15":1,"16":1,"17":1,"18":1,"19":1,"20":1,"21":1,"22":1,"23":1,"24":1,"25":1,"26":1,"27":1,"28":1,"29":1,"30":1,"31":1,"32":1,"33":1,"34":1,"35":1,"36":1,"37":1,"38":1,"39":1,"40":1,"41":1,"42":1,"43":1,"44":1,"45":1,"46":1,"47":1,"48":1,"49":1,"50":1,"51":1,"52":1,"53":1,"54":1,"55":1,"56":1,"57":1,"58":1,"59":1,"60":1,"61":1,"62":1,"63":1,"64":1,"65":1,"66":1,"67":1,"68":1,"69":1,"70":1,"71":1,"72":1,"73":1,"74":1,"75":1,"76":1,"77":1,"78":1,"79":1,"80":1,"81":1,"82":1,"83":1,"84":1,"85":1,"86":1,"87":1,"88":1,"89":1,"90":1,"91":1,"92":1,"93":1,"94":1,"95":1,"96":1,"97":1,"98":1,"99":1,"100":1,"101":1,"102":1,"103":1,"104":1,"105":1,"106":1,"107":1,"108":1,"109":1,"110":1,"111":1,"112":1,"113":1,"114":1,"115":1,"116":1,"117":1,"118":1,"119":1,"120":1,"121":1,"122":1,"123":1,"124":1,"125":1,"126":1,"127":1,"128":1,"129":1,"130":1,"131":1,"132":1,"133":1,"134":1,"135":1,"136":1,"137":1,"138":1,"139":1,"140":1,"141":1,"142":1,"143":1,"144":1,"145":1,"146":1,"147":1,"148":1},"branchMap":{"0":{"type":"branch","line":13,"loc":{"start":{"line":13,"column":0},"end":{"line":118,"column":1}},"locations":[{"start":{"line":13,"column":0},"end":{"line":118,"column":1}}]}},"b":{"0":[1]},"fnMap":{},"f":{}}
,"/Users/j/Code/pocket-monorepo-private/packages/core/src/templates/v0/base/object.ts": {"path":"/Users/j/Code/pocket-monorepo-private/packages/core/src/templates/v0/base/object.ts","all":false,"statementMap":{"0":{"start":{"line":1,"column":0},"end":{"line":1,"column":3}},"1":{"start":{"line":2,"column":0},"end":{"line":2,"column":18}},"2":{"start":{"line":3,"column":0},"end":{"line":3,"column":98}},"3":{"start":{"line":4,"column":0},"end":{"line":4,"column":91}},"4":{"start":{"line":5,"column":0},"end":{"line":5,"column":3}},"5":{"start":{"line":6,"column":0},"end":{"line":6,"column":0}},"6":{"start":{"line":7,"column":0},"end":{"line":7,"column":71}},"7":{"start":{"line":8,"column":0},"end":{"line":8,"column":42}},"8":{"start":{"line":9,"column":0},"end":{"line":9,"column":0}},"9":{"start":{"line":10,"column":0},"end":{"line":10,"column":0}},"10":{"start":{"line":11,"column":0},"end":{"line":11,"column":3}},"11":{"start":{"line":12,"column":0},"end":{"line":12,"column":77}},"12":{"start":{"line":13,"column":0},"end":{"line":13,"column":78}},"13":{"start":{"line":14,"column":0},"end":{"line":14,"column":40}},"14":{"start":{"line":15,"column":0},"end":{"line":15,"column":3}},"15":{"start":{"line":16,"column":0},"end":{"line":16,"column":22}},"16":{"start":{"line":17,"column":0},"end":{"line":17,"column":26}},"17":{"start":{"line":18,"column":0},"end":{"line":18,"column":28}},"18":{"start":{"line":19,"column":0},"end":{"line":19,"column":26}},"19":{"start":{"line":20,"column":0},"end":{"line":20,"column":36}},"20":{"start":{"line":21,"column":0},"end":{"line":21,"column":46}},"21":{"start":{"line":22,"column":0},"end":{"line":22,"column":24}},"22":{"start":{"line":23,"column":0},"end":{"line":23,"column":34}},"23":{"start":{"line":24,"column":0},"end":{"line":24,"column":24}},"24":{"start":{"line":25,"column":0},"end":{"line":25,"column":34}},"25":{"start":{"line":26,"column":0},"end":{"line":26,"column":16}},"26":{"start":{"line":27,"column":0},"end":{"line":27,"column":26}},"27":{"start":{"line":28,"column":0},"end":{"line":28,"column":32}},"28":{"start":{"line":29,"column":0},"end":{"line":29,"column":32}},"29":{"start":{"line":30,"column":0},"end":{"line":30,"column":24}},"30":{"start":{"line":31,"column":0},"end":{"line":31,"column":22}},"31":{"start":{"line":32,"column":0},"end":{"line":32,"column":28}},"32":{"start":{"line":33,"column":0},"end":{"line":33,"column":23}},"33":{"start":{"line":34,"column":0},"end":{"line":34,"column":1}},"34":{"start":{"line":35,"column":0},"end":{"line":35,"column":0}},"35":{"start":{"line":36,"column":0},"end":{"line":36,"column":0}},"36":{"start":{"line":37,"column":0},"end":{"line":37,"column":3}},"37":{"start":{"line":38,"column":0},"end":{"line":38,"column":75}},"38":{"start":{"line":39,"column":0},"end":{"line":39,"column":92}},"39":{"start":{"line":40,"column":0},"end":{"line":40,"column":3}},"40":{"start":{"line":41,"column":0},"end":{"line":41,"column":51}},"41":{"start":{"line":42,"column":0},"end":{"line":42,"column":0}},"42":{"start":{"line":43,"column":0},"end":{"line":43,"column":0}},"43":{"start":{"line":44,"column":0},"end":{"line":44,"column":3}},"44":{"start":{"line":45,"column":0},"end":{"line":45,"column":108}},"45":{"start":{"line":46,"column":0},"end":{"line":46,"column":77}},"46":{"start":{"line":47,"column":0},"end":{"line":47,"column":3}},"47":{"start":{"line":48,"column":0},"end":{"line":48,"column":20}},"48":{"start":{"line":49,"column":0},"end":{"line":49,"column":1}},"49":{"start":{"line":50,"column":0},"end":{"line":50,"column":6}},"50":{"start":{"line":51,"column":0},"end":{"line":51,"column":65}},"51":{"start":{"line":52,"column":0},"end":{"line":52,"column":57}},"52":{"start":{"line":53,"column":0},"end":{"line":53,"column":1}},"53":{"start":{"line":54,"column":0},"end":{"line":54,"column":11}},"54":{"start":{"line":55,"column":0},"end":{"line":55,"column":26}},"55":{"start":{"line":56,"column":0},"end":{"line":56,"column":55}},"56":{"start":{"line":57,"column":0},"end":{"line":57,"column":2}},"57":{"start":{"line":58,"column":0},"end":{"line":58,"column":0}},"58":{"start":{"line":59,"column":0},"end":{"line":59,"column":0}},"59":{"start":{"line":60,"column":0},"end":{"line":60,"column":8}},"60":{"start":{"line":61,"column":0},"end":{"line":61,"column":20}},"61":{"start":{"line":62,"column":0},"end":{"line":62,"column":24}},"62":{"start":{"line":63,"column":0},"end":{"line":63,"column":20}},"63":{"start":{"line":64,"column":0},"end":{"line":64,"column":1}}},"s":{"0":1,"1":1,"2":1,"3":1,"4":1,"5":1,"6":1,"7":1,"8":1,"9":1,"10":1,"11":1,"12":1,"13":1,"14":1,"15":1,"16":1,"17":1,"18":1,"19":1,"20":1,"21":1,"22":1,"23":1,"24":1,"25":1,"26":1,"27":1,"28":1,"29":1,"30":1,"31":1,"32":1,"33":1,"34":1,"35":1,"36":1,"37":1,"38":1,"39":1,"40":1,"41":1,"42":1,"43":1,"44":1,"45":1,"46":1,"47":1,"48":1,"49":1,"50":1,"51":1,"52":1,"53":1,"54":1,"55":1,"56":1,"57":1,"58":1,"59":1,"60":1,"61":1,"62":1,"63":1},"branchMap":{"0":{"type":"branch","line":16,"loc":{"start":{"line":16,"column":0},"end":{"line":34,"column":1}},"locations":[{"start":{"line":16,"column":0},"end":{"line":34,"column":1}}]}},"b":{"0":[1]},"fnMap":{},"f":{}}
,"/Users/j/Code/pocket-monorepo-private/packages/core/src/utilities/checks.ts": {"path":"/Users/j/Code/pocket-monorepo-private/packages/core/src/utilities/checks.ts","all":false,"statementMap":{"0":{"start":{"line":1,"column":0},"end":{"line":1,"column":14}},"1":{"start":{"line":2,"column":0},"end":{"line":2,"column":0}},"2":{"start":{"line":3,"column":0},"end":{"line":3,"column":48}},"3":{"start":{"line":4,"column":0},"end":{"line":4,"column":29}},"4":{"start":{"line":5,"column":0},"end":{"line":5,"column":34}},"5":{"start":{"line":6,"column":0},"end":{"line":6,"column":27}},"6":{"start":{"line":7,"column":0},"end":{"line":7,"column":28}},"7":{"start":{"line":8,"column":0},"end":{"line":8,"column":60}},"8":{"start":{"line":9,"column":0},"end":{"line":9,"column":5}},"9":{"start":{"line":10,"column":0},"end":{"line":10,"column":1}},"10":{"start":{"line":11,"column":0},"end":{"line":11,"column":0}},"11":{"start":{"line":12,"column":0},"end":{"line":12,"column":8}},"12":{"start":{"line":13,"column":0},"end":{"line":13,"column":10}},"13":{"start":{"line":14,"column":0},"end":{"line":14,"column":1}}},"s":{"0":1,"1":1,"2":1,"3":9,"4":9,"5":9,"6":9,"7":9,"8":9,"9":1,"10":1,"11":1,"12":1,"13":1},"branchMap":{"0":{"type":"branch","line":3,"loc":{"start":{"line":3,"column":18},"end":{"line":9,"column":5}},"locations":[{"start":{"line":3,"column":18},"end":{"line":9,"column":5}}]},"1":{"type":"branch","line":7,"loc":{"start":{"line":7,"column":15},"end":{"line":7,"column":28}},"locations":[{"start":{"line":7,"column":15},"end":{"line":7,"column":28}}]},"2":{"type":"branch","line":8,"loc":{"start":{"line":8,"column":15},"end":{"line":8,"column":59}},"locations":[{"start":{"line":8,"column":15},"end":{"line":8,"column":59}}]},"3":{"type":"branch","line":8,"loc":{"start":{"line":8,"column":36},"end":{"line":8,"column":58}},"locations":[{"start":{"line":8,"column":36},"end":{"line":8,"column":58}}]}},"b":{"0":[9],"1":[6],"2":[6],"3":[0]},"fnMap":{"0":{"name":"isEmpty","decl":{"start":{"line":3,"column":18},"end":{"line":9,"column":5}},"loc":{"start":{"line":3,"column":18},"end":{"line":9,"column":5}},"line":3}},"f":{"0":9}}
,"/Users/j/Code/pocket-monorepo-private/packages/core/src/utilities/date.ts": {"path":"/Users/j/Code/pocket-monorepo-private/packages/core/src/utilities/date.ts","all":false,"statementMap":{"0":{"start":{"line":1,"column":0},"end":{"line":1,"column":3}},"1":{"start":{"line":2,"column":0},"end":{"line":2,"column":16}},"2":{"start":{"line":3,"column":0},"end":{"line":3,"column":138}},"3":{"start":{"line":4,"column":0},"end":{"line":4,"column":100}},"4":{"start":{"line":5,"column":0},"end":{"line":5,"column":122}},"5":{"start":{"line":6,"column":0},"end":{"line":6,"column":3}},"6":{"start":{"line":7,"column":0},"end":{"line":7,"column":0}},"7":{"start":{"line":8,"column":0},"end":{"line":8,"column":67}},"8":{"start":{"line":9,"column":0},"end":{"line":9,"column":34}},"9":{"start":{"line":10,"column":0},"end":{"line":10,"column":0}},"10":{"start":{"line":11,"column":0},"end":{"line":11,"column":0}},"11":{"start":{"line":12,"column":0},"end":{"line":12,"column":21}},"12":{"start":{"line":13,"column":0},"end":{"line":13,"column":7}},"13":{"start":{"line":14,"column":0},"end":{"line":14,"column":50}},"14":{"start":{"line":15,"column":0},"end":{"line":15,"column":7}},"15":{"start":{"line":16,"column":0},"end":{"line":16,"column":78}},"16":{"start":{"line":17,"column":0},"end":{"line":17,"column":71}},"17":{"start":{"line":18,"column":0},"end":{"line":18,"column":54}},"18":{"start":{"line":19,"column":0},"end":{"line":19,"column":7}},"19":{"start":{"line":20,"column":0},"end":{"line":20,"column":45}},"20":{"start":{"line":21,"column":0},"end":{"line":21,"column":7}},"21":{"start":{"line":22,"column":0},"end":{"line":22,"column":142}},"22":{"start":{"line":23,"column":0},"end":{"line":23,"column":66}},"23":{"start":{"line":24,"column":0},"end":{"line":24,"column":7}},"24":{"start":{"line":25,"column":0},"end":{"line":25,"column":74}},"25":{"start":{"line":26,"column":0},"end":{"line":26,"column":34}},"26":{"start":{"line":27,"column":0},"end":{"line":27,"column":5}},"27":{"start":{"line":28,"column":0},"end":{"line":28,"column":0}},"28":{"start":{"line":29,"column":0},"end":{"line":29,"column":7}},"29":{"start":{"line":30,"column":0},"end":{"line":30,"column":75}},"30":{"start":{"line":31,"column":0},"end":{"line":31,"column":7}},"31":{"start":{"line":32,"column":0},"end":{"line":32,"column":76}},"32":{"start":{"line":33,"column":0},"end":{"line":33,"column":76}},"33":{"start":{"line":34,"column":0},"end":{"line":34,"column":77}},"34":{"start":{"line":35,"column":0},"end":{"line":35,"column":32}},"35":{"start":{"line":36,"column":0},"end":{"line":36,"column":7}},"36":{"start":{"line":37,"column":0},"end":{"line":37,"column":54}},"37":{"start":{"line":38,"column":0},"end":{"line":38,"column":7}},"38":{"start":{"line":39,"column":0},"end":{"line":39,"column":142}},"39":{"start":{"line":40,"column":0},"end":{"line":40,"column":66}},"40":{"start":{"line":41,"column":0},"end":{"line":41,"column":7}},"41":{"start":{"line":42,"column":0},"end":{"line":42,"column":74}},"42":{"start":{"line":43,"column":0},"end":{"line":43,"column":34}},"43":{"start":{"line":44,"column":0},"end":{"line":44,"column":5}},"44":{"start":{"line":45,"column":0},"end":{"line":45,"column":0}},"45":{"start":{"line":46,"column":0},"end":{"line":46,"column":7}},"46":{"start":{"line":47,"column":0},"end":{"line":47,"column":75}},"47":{"start":{"line":48,"column":0},"end":{"line":48,"column":7}},"48":{"start":{"line":49,"column":0},"end":{"line":49,"column":80}},"49":{"start":{"line":50,"column":0},"end":{"line":50,"column":73}},"50":{"start":{"line":51,"column":0},"end":{"line":51,"column":7}},"51":{"start":{"line":52,"column":0},"end":{"line":52,"column":33}},"52":{"start":{"line":53,"column":0},"end":{"line":53,"column":7}},"53":{"start":{"line":54,"column":0},"end":{"line":54,"column":130}},"54":{"start":{"line":55,"column":0},"end":{"line":55,"column":57}},"55":{"start":{"line":56,"column":0},"end":{"line":56,"column":7}},"56":{"start":{"line":57,"column":0},"end":{"line":57,"column":80}},"57":{"start":{"line":58,"column":0},"end":{"line":58,"column":49}},"58":{"start":{"line":59,"column":0},"end":{"line":59,"column":5}},"59":{"start":{"line":60,"column":0},"end":{"line":60,"column":0}},"60":{"start":{"line":61,"column":0},"end":{"line":61,"column":7}},"61":{"start":{"line":62,"column":0},"end":{"line":62,"column":57}},"62":{"start":{"line":63,"column":0},"end":{"line":63,"column":7}},"63":{"start":{"line":64,"column":0},"end":{"line":64,"column":82}},"64":{"start":{"line":65,"column":0},"end":{"line":65,"column":83}},"65":{"start":{"line":66,"column":0},"end":{"line":66,"column":65}},"66":{"start":{"line":67,"column":0},"end":{"line":67,"column":7}},"67":{"start":{"line":68,"column":0},"end":{"line":68,"column":46}},"68":{"start":{"line":69,"column":0},"end":{"line":69,"column":7}},"69":{"start":{"line":70,"column":0},"end":{"line":70,"column":134}},"70":{"start":{"line":71,"column":0},"end":{"line":71,"column":73}},"71":{"start":{"line":72,"column":0},"end":{"line":72,"column":7}},"72":{"start":{"line":73,"column":0},"end":{"line":73,"column":77}},"73":{"start":{"line":74,"column":0},"end":{"line":74,"column":37}},"74":{"start":{"line":75,"column":0},"end":{"line":75,"column":5}},"75":{"start":{"line":76,"column":0},"end":{"line":76,"column":0}},"76":{"start":{"line":77,"column":0},"end":{"line":77,"column":7}},"77":{"start":{"line":78,"column":0},"end":{"line":78,"column":54}},"78":{"start":{"line":79,"column":0},"end":{"line":79,"column":7}},"79":{"start":{"line":80,"column":0},"end":{"line":80,"column":78}},"80":{"start":{"line":81,"column":0},"end":{"line":81,"column":46}},"81":{"start":{"line":82,"column":0},"end":{"line":82,"column":5}},"82":{"start":{"line":83,"column":0},"end":{"line":83,"column":0}},"83":{"start":{"line":84,"column":0},"end":{"line":84,"column":7}},"84":{"start":{"line":85,"column":0},"end":{"line":85,"column":64}},"85":{"start":{"line":86,"column":0},"end":{"line":86,"column":7}},"86":{"start":{"line":87,"column":0},"end":{"line":87,"column":78}},"87":{"start":{"line":88,"column":0},"end":{"line":88,"column":53}},"88":{"start":{"line":89,"column":0},"end":{"line":89,"column":30}},"89":{"start":{"line":90,"column":0},"end":{"line":90,"column":9}},"90":{"start":{"line":91,"column":0},"end":{"line":91,"column":0}},"91":{"start":{"line":92,"column":0},"end":{"line":92,"column":39}},"92":{"start":{"line":93,"column":0},"end":{"line":93,"column":5}},"93":{"start":{"line":94,"column":0},"end":{"line":94,"column":0}},"94":{"start":{"line":95,"column":0},"end":{"line":95,"column":7}},"95":{"start":{"line":96,"column":0},"end":{"line":96,"column":64}},"96":{"start":{"line":97,"column":0},"end":{"line":97,"column":7}},"97":{"start":{"line":98,"column":0},"end":{"line":98,"column":78}},"98":{"start":{"line":99,"column":0},"end":{"line":99,"column":53}},"99":{"start":{"line":100,"column":0},"end":{"line":100,"column":30}},"100":{"start":{"line":101,"column":0},"end":{"line":101,"column":9}},"101":{"start":{"line":102,"column":0},"end":{"line":102,"column":39}},"102":{"start":{"line":103,"column":0},"end":{"line":103,"column":5}},"103":{"start":{"line":104,"column":0},"end":{"line":104,"column":0}},"104":{"start":{"line":105,"column":0},"end":{"line":105,"column":7}},"105":{"start":{"line":106,"column":0},"end":{"line":106,"column":56}},"106":{"start":{"line":107,"column":0},"end":{"line":107,"column":115}},"107":{"start":{"line":108,"column":0},"end":{"line":108,"column":71}},"108":{"start":{"line":109,"column":0},"end":{"line":109,"column":7}},"109":{"start":{"line":110,"column":0},"end":{"line":110,"column":84}},"110":{"start":{"line":111,"column":0},"end":{"line":111,"column":56}},"111":{"start":{"line":112,"column":0},"end":{"line":112,"column":30}},"112":{"start":{"line":113,"column":0},"end":{"line":113,"column":9}},"113":{"start":{"line":114,"column":0},"end":{"line":114,"column":42}},"114":{"start":{"line":115,"column":0},"end":{"line":115,"column":5}},"115":{"start":{"line":116,"column":0},"end":{"line":116,"column":0}},"116":{"start":{"line":117,"column":0},"end":{"line":117,"column":7}},"117":{"start":{"line":118,"column":0},"end":{"line":118,"column":27}},"118":{"start":{"line":119,"column":0},"end":{"line":119,"column":59}},"119":{"start":{"line":120,"column":0},"end":{"line":120,"column":49}},"120":{"start":{"line":121,"column":0},"end":{"line":121,"column":55}},"121":{"start":{"line":122,"column":0},"end":{"line":122,"column":7}},"122":{"start":{"line":123,"column":0},"end":{"line":123,"column":61}},"123":{"start":{"line":124,"column":0},"end":{"line":124,"column":38}},"124":{"start":{"line":125,"column":0},"end":{"line":125,"column":57}},"125":{"start":{"line":126,"column":0},"end":{"line":126,"column":22}},"126":{"start":{"line":127,"column":0},"end":{"line":127,"column":5}},"127":{"start":{"line":128,"column":0},"end":{"line":128,"column":0}},"128":{"start":{"line":129,"column":0},"end":{"line":129,"column":7}},"129":{"start":{"line":130,"column":0},"end":{"line":130,"column":28}},"130":{"start":{"line":131,"column":0},"end":{"line":131,"column":60}},"131":{"start":{"line":132,"column":0},"end":{"line":132,"column":51}},"132":{"start":{"line":133,"column":0},"end":{"line":133,"column":56}},"133":{"start":{"line":134,"column":0},"end":{"line":134,"column":7}},"134":{"start":{"line":135,"column":0},"end":{"line":135,"column":63}},"135":{"start":{"line":136,"column":0},"end":{"line":136,"column":38}},"136":{"start":{"line":137,"column":0},"end":{"line":137,"column":52}},"137":{"start":{"line":138,"column":0},"end":{"line":138,"column":22}},"138":{"start":{"line":139,"column":0},"end":{"line":139,"column":5}},"139":{"start":{"line":140,"column":0},"end":{"line":140,"column":0}},"140":{"start":{"line":141,"column":0},"end":{"line":141,"column":7}},"141":{"start":{"line":142,"column":0},"end":{"line":142,"column":27}},"142":{"start":{"line":143,"column":0},"end":{"line":143,"column":59}},"143":{"start":{"line":144,"column":0},"end":{"line":144,"column":49}},"144":{"start":{"line":145,"column":0},"end":{"line":145,"column":55}},"145":{"start":{"line":146,"column":0},"end":{"line":146,"column":7}},"146":{"start":{"line":147,"column":0},"end":{"line":147,"column":61}},"147":{"start":{"line":148,"column":0},"end":{"line":148,"column":38}},"148":{"start":{"line":149,"column":0},"end":{"line":149,"column":53}},"149":{"start":{"line":150,"column":0},"end":{"line":150,"column":22}},"150":{"start":{"line":151,"column":0},"end":{"line":151,"column":5}},"151":{"start":{"line":152,"column":0},"end":{"line":152,"column":0}},"152":{"start":{"line":153,"column":0},"end":{"line":153,"column":7}},"153":{"start":{"line":154,"column":0},"end":{"line":154,"column":26}},"154":{"start":{"line":155,"column":0},"end":{"line":155,"column":58}},"155":{"start":{"line":156,"column":0},"end":{"line":156,"column":47}},"156":{"start":{"line":157,"column":0},"end":{"line":157,"column":54}},"157":{"start":{"line":158,"column":0},"end":{"line":158,"column":7}},"158":{"start":{"line":159,"column":0},"end":{"line":159,"column":59}},"159":{"start":{"line":160,"column":0},"end":{"line":160,"column":38}},"160":{"start":{"line":161,"column":0},"end":{"line":161,"column":48}},"161":{"start":{"line":162,"column":0},"end":{"line":162,"column":22}},"162":{"start":{"line":163,"column":0},"end":{"line":163,"column":5}},"163":{"start":{"line":164,"column":0},"end":{"line":164,"column":0}},"164":{"start":{"line":165,"column":0},"end":{"line":165,"column":7}},"165":{"start":{"line":166,"column":0},"end":{"line":166,"column":27}},"166":{"start":{"line":167,"column":0},"end":{"line":167,"column":59}},"167":{"start":{"line":168,"column":0},"end":{"line":168,"column":49}},"168":{"start":{"line":169,"column":0},"end":{"line":169,"column":55}},"169":{"start":{"line":170,"column":0},"end":{"line":170,"column":7}},"170":{"start":{"line":171,"column":0},"end":{"line":171,"column":61}},"171":{"start":{"line":172,"column":0},"end":{"line":172,"column":38}},"172":{"start":{"line":173,"column":0},"end":{"line":173,"column":51}},"173":{"start":{"line":174,"column":0},"end":{"line":174,"column":22}},"174":{"start":{"line":175,"column":0},"end":{"line":175,"column":5}},"175":{"start":{"line":176,"column":0},"end":{"line":176,"column":0}},"176":{"start":{"line":177,"column":0},"end":{"line":177,"column":7}},"177":{"start":{"line":178,"column":0},"end":{"line":178,"column":29}},"178":{"start":{"line":179,"column":0},"end":{"line":179,"column":61}},"179":{"start":{"line":180,"column":0},"end":{"line":180,"column":53}},"180":{"start":{"line":181,"column":0},"end":{"line":181,"column":57}},"181":{"start":{"line":182,"column":0},"end":{"line":182,"column":7}},"182":{"start":{"line":183,"column":0},"end":{"line":183,"column":65}},"183":{"start":{"line":184,"column":0},"end":{"line":184,"column":38}},"184":{"start":{"line":185,"column":0},"end":{"line":185,"column":57}},"185":{"start":{"line":186,"column":0},"end":{"line":186,"column":22}},"186":{"start":{"line":187,"column":0},"end":{"line":187,"column":5}},"187":{"start":{"line":188,"column":0},"end":{"line":188,"column":0}},"188":{"start":{"line":189,"column":0},"end":{"line":189,"column":7}},"189":{"start":{"line":190,"column":0},"end":{"line":190,"column":29}},"190":{"start":{"li
[...]
ne":275,"column":5}}]},"42":{"type":"branch","line":283,"loc":{"start":{"line":283,"column":18},"end":{"line":287,"column":5}},"locations":[{"start":{"line":283,"column":18},"end":{"line":287,"column":5}}]},"43":{"type":"branch","line":295,"loc":{"start":{"line":295,"column":18},"end":{"line":299,"column":5}},"locations":[{"start":{"line":295,"column":18},"end":{"line":299,"column":5}}]},"44":{"type":"branch","line":307,"loc":{"start":{"line":307,"column":18},"end":{"line":311,"column":5}},"locations":[{"start":{"line":307,"column":18},"end":{"line":311,"column":5}}]},"45":{"type":"branch","line":319,"loc":{"start":{"line":319,"column":18},"end":{"line":323,"column":5}},"locations":[{"start":{"line":319,"column":18},"end":{"line":323,"column":5}}]},"46":{"type":"branch","line":331,"loc":{"start":{"line":331,"column":18},"end":{"line":335,"column":5}},"locations":[{"start":{"line":331,"column":18},"end":{"line":335,"column":5}}]},"47":{"type":"branch","line":343,"loc":{"start":{"line":343,"column":18},"end":{"line":356,"column":5}},"locations":[{"start":{"line":343,"column":18},"end":{"line":356,"column":5}}]},"48":{"type":"branch","line":347,"loc":{"start":{"line":347,"column":72},"end":{"line":347,"column":84}},"locations":[{"start":{"line":347,"column":72},"end":{"line":347,"column":84}}]},"49":{"type":"branch","line":347,"loc":{"start":{"line":347,"column":85},"end":{"line":347,"column":88}},"locations":[{"start":{"line":347,"column":85},"end":{"line":347,"column":88}}]},"50":{"type":"branch","line":348,"loc":{"start":{"line":348,"column":67},"end":{"line":348,"column":80}},"locations":[{"start":{"line":348,"column":67},"end":{"line":348,"column":80}}]},"51":{"type":"branch","line":348,"loc":{"start":{"line":348,"column":81},"end":{"line":348,"column":84}},"locations":[{"start":{"line":348,"column":81},"end":{"line":348,"column":84}}]},"52":{"type":"branch","line":349,"loc":{"start":{"line":349,"column":65},"end":{"line":349,"column":77}},"locations":[{"start":{"line":349,"column":65},"end":{"line":349,"column":77}}]},"53":{"type":"branch","line":349,"loc":{"start":{"line":349,"column":78},"end":{"line":349,"column":81}},"locations":[{"start":{"line":349,"column":78},"end":{"line":349,"column":81}}]},"54":{"type":"branch","line":349,"loc":{"start":{"line":349,"column":115},"end":{"line":349,"column":126}},"locations":[{"start":{"line":349,"column":115},"end":{"line":349,"column":126}}]},"55":{"type":"branch","line":349,"loc":{"start":{"line":349,"column":127},"end":{"line":349,"column":130}},"locations":[{"start":{"line":349,"column":127},"end":{"line":349,"column":130}}]},"56":{"type":"branch","line":350,"loc":{"start":{"line":350,"column":66},"end":{"line":350,"column":78}},"locations":[{"start":{"line":350,"column":66},"end":{"line":350,"column":78}}]},"57":{"type":"branch","line":350,"loc":{"start":{"line":350,"column":79},"end":{"line":350,"column":82}},"locations":[{"start":{"line":350,"column":79},"end":{"line":350,"column":82}}]},"58":{"type":"branch","line":351,"loc":{"start":{"line":351,"column":72},"end":{"line":351,"column":86}},"locations":[{"start":{"line":351,"column":72},"end":{"line":351,"column":86}}]},"59":{"type":"branch","line":351,"loc":{"start":{"line":351,"column":87},"end":{"line":351,"column":90}},"locations":[{"start":{"line":351,"column":87},"end":{"line":351,"column":90}}]},"60":{"type":"branch","line":352,"loc":{"start":{"line":352,"column":72},"end":{"line":352,"column":86}},"locations":[{"start":{"line":352,"column":72},"end":{"line":352,"column":86}}]},"61":{"type":"branch","line":352,"loc":{"start":{"line":352,"column":87},"end":{"line":352,"column":90}},"locations":[{"start":{"line":352,"column":87},"end":{"line":352,"column":90}}]},"62":{"type":"branch","line":353,"loc":{"start":{"line":353,"column":87},"end":{"line":353,"column":106}},"locations":[{"start":{"line":353,"column":87},"end":{"line":353,"column":106}}]},"63":{"type":"branch","line":353,"loc":{"start":{"line":353,"column":107},"end":{"line":353,"column":110}},"locations":[{"start":{"line":353,"column":107},"end":{"line":353,"column":110}}]}},"b":{"0":[1],"1":[1],"2":[1],"3":[1],"4":[2],"5":[3],"6":[1],"7":[2],"8":[3],"9":[1],"10":[2],"11":[3],"12":[1],"13":[2],"14":[1],"15":[1],"16":[1],"17":[1],"18":[1],"19":[1],"20":[1],"21":[2],"22":[9],"23":[2],"24":[7],"25":[2],"26":[7],"27":[2],"28":[7],"29":[2],"30":[7],"31":[2],"32":[7],"33":[2],"34":[7],"35":[2],"36":[7],"37":[2],"38":[7],"39":[1],"40":[1],"41":[1],"42":[1],"43":[1],"44":[1],"45":[1],"46":[2],"47":[9],"48":[2],"49":[7],"50":[2],"51":[7],"52":[2],"53":[7],"54":[2],"55":[7],"56":[2],"57":[7],"58":[2],"59":[7],"60":[2],"61":[7],"62":[2],"63":[7]},"fnMap":{"0":{"name":"generateISODateString","decl":{"start":{"line":25,"column":18},"end":{"line":27,"column":5}},"loc":{"start":{"line":25,"column":18},"end":{"line":27,"column":5}},"line":25},"1":{"name":"generateRFCDateString","decl":{"start":{"line":42,"column":18},"end":{"line":44,"column":5}},"loc":{"start":{"line":42,"column":18},"end":{"line":44,"column":5}},"line":42},"2":{"name":"generateUnixTimestampNumber","decl":{"start":{"line":57,"column":18},"end":{"line":59,"column":5}},"loc":{"start":{"line":57,"column":18},"end":{"line":59,"column":5}},"line":57},"3":{"name":"generateLocaleDateString","decl":{"start":{"line":73,"column":18},"end":{"line":75,"column":5}},"loc":{"start":{"line":73,"column":18},"end":{"line":75,"column":5}},"line":73},"4":{"name":"generateDateFromUnixTimestamp","decl":{"start":{"line":80,"column":18},"end":{"line":82,"column":5}},"loc":{"start":{"line":80,"column":18},"end":{"line":82,"column":5}},"line":80},"5":{"name":"generateDateFromISODateString","decl":{"start":{"line":87,"column":18},"end":{"line":93,"column":5}},"loc":{"start":{"line":87,"column":18},"end":{"line":93,"column":5}},"line":87},"6":{"name":"generateDateFromRFCDateString","decl":{"start":{"line":98,"column":18},"end":{"line":103,"column":5}},"loc":{"start":{"line":98,"column":18},"end":{"line":103,"column":5}},"line":98},"7":{"name":"generateDateFromLocaleDateString","decl":{"start":{"line":110,"column":18},"end":{"line":115,"column":5}},"loc":{"start":{"line":110,"column":18},"end":{"line":115,"column":5}},"line":110},"8":{"name":"addYears","decl":{"start":{"line":123,"column":18},"end":{"line":127,"column":5}},"loc":{"start":{"line":123,"column":18},"end":{"line":127,"column":5}},"line":123},"9":{"name":"addMonths","decl":{"start":{"line":135,"column":18},"end":{"line":139,"column":5}},"loc":{"start":{"line":135,"column":18},"end":{"line":139,"column":5}},"line":135},"10":{"name":"addWeeks","decl":{"start":{"line":147,"column":18},"end":{"line":151,"column":5}},"loc":{"start":{"line":147,"column":18},"end":{"line":151,"column":5}},"line":147},"11":{"name":"addDays","decl":{"start":{"line":159,"column":18},"end":{"line":163,"column":5}},"loc":{"start":{"line":159,"column":18},"end":{"line":163,"column":5}},"line":159},"12":{"name":"addHours","decl":{"start":{"line":171,"column":18},"end":{"line":175,"column":5}},"loc":{"start":{"line":171,"column":18},"end":{"line":175,"column":5}},"line":171},"13":{"name":"addMinutes","decl":{"start":{"line":183,"column":18},"end":{"line":187,"column":5}},"loc":{"start":{"line":183,"column":18},"end":{"line":187,"column":5}},"line":183},"14":{"name":"addSeconds","decl":{"start":{"line":195,"column":18},"end":{"line":199,"column":5}},"loc":{"start":{"line":195,"column":18},"end":{"line":199,"column":5}},"line":195},"15":{"name":"addMilliseconds","decl":{"start":{"line":207,"column":18},"end":{"line":211,"column":5}},"loc":{"start":{"line":207,"column":18},"end":{"line":211,"column":5}},"line":207},"16":{"name":"addTime","decl":{"start":{"line":226,"column":18},"end":{"line":239,"column":5}},"loc":{"start":{"line":226,"column":18},"end":{"line":239,"column":5}},"line":226},"17":{"name":"subtractYears","decl":{"start":{"line":247,"column":18},"end":{"line":251,"column":5}},"loc":{"start":{"line":247,"column":18},"end":{"line":251,"column":5}},"line":247},"18":{"name":"subtractMonths","decl":{"start":{"line":259,"column":18},"end":{"line":263,"column":5}},"loc":{"start":{"line":259,"column":18},"end":{"line":263,"column":5}},"line":259},"19":{"name":"subtractWeeks","decl":{"start":{"line":271,"column":18},"end":{"line":275,"column":5}},"loc":{"start":{"line":271,"column":18},"end":{"line":275,"column":5}},"line":271},"20":{"name":"subtractDays","decl":{"start":{"line":283,"column":18},"end":{"line":287,"column":5}},"loc":{"start":{"line":283,"column":18},"end":{"line":287,"column":5}},"line":283},"21":{"name":"subtractHours","decl":{"start":{"line":295,"column":18},"end":{"line":299,"column":5}},"loc":{"start":{"line":295,"column":18},"end":{"line":299,"column":5}},"line":295},"22":{"name":"subtractMinutes","decl":{"start":{"line":307,"column":18},"end":{"line":311,"column":5}},"loc":{"start":{"line":307,"column":18},"end":{"line":311,"column":5}},"line":307},"23":{"name":"subtractSeconds","decl":{"start":{"line":319,"column":18},"end":{"line":323,"column":5}},"loc":{"start":{"line":319,"column":18},"end":{"line":323,"column":5}},"line":319},"24":{"name":"subtractMilliseconds","decl":{"start":{"line":331,"column":18},"end":{"line":335,"column":5}},"loc":{"start":{"line":331,"column":18},"end":{"line":335,"column":5}},"line":331},"25":{"name":"subtractTime","decl":{"start":{"line":343,"column":18},"end":{"line":356,"column":5}},"loc":{"start":{"line":343,"column":18},"end":{"line":356,"column":5}},"line":343}},"f":{"0":1,"1":1,"2":1,"3":1,"4":2,"5":3,"6":3,"7":3,"8":1,"9":1,"10":1,"11":1,"12":1,"13":1,"14":1,"15":2,"16":9,"17":1,"18":1,"19":1,"20":1,"21":1,"22":1,"23":1,"24":2,"25":9}}
,"/Users/j/Code/pocket-monorepo-private/packages/core/src/utilities/freezer.ts": {"path":"/Users/j/Code/pocket-monorepo-private/packages/core/src/utilities/freezer.ts","all":false,"statementMap":{"0":{"start":{"line":1,"column":0},"end":{"line":1,"column":15}},"1":{"start":{"line":2,"column":0},"end":{"line":2,"column":44}},"2":{"start":{"line":3,"column":0},"end":{"line":3,"column":27}},"3":{"start":{"line":4,"column":0},"end":{"line":4,"column":4}},"4":{"start":{"line":5,"column":0},"end":{"line":5,"column":59}},"5":{"start":{"line":6,"column":0},"end":{"line":6,"column":45}},"6":{"start":{"line":7,"column":0},"end":{"line":7,"column":80}},"7":{"start":{"line":8,"column":0},"end":{"line":8,"column":42}},"8":{"start":{"line":9,"column":0},"end":{"line":9,"column":13}},"9":{"start":{"line":10,"column":0},"end":{"line":10,"column":11}},"10":{"start":{"line":11,"column":0},"end":{"line":11,"column":4}},"11":{"start":{"line":12,"column":0},"end":{"line":12,"column":19}},"12":{"start":{"line":13,"column":0},"end":{"line":13,"column":5}},"13":{"start":{"line":14,"column":0},"end":{"line":14,"column":1}},"14":{"start":{"line":15,"column":0},"end":{"line":15,"column":0}},"15":{"start":{"line":16,"column":0},"end":{"line":16,"column":8}},"16":{"start":{"line":17,"column":0},"end":{"line":17,"column":11}},"17":{"start":{"line":18,"column":0},"end":{"line":18,"column":1}}},"s":{"0":1,"1":1,"2":95,"3":95,"4":95,"5":99,"6":99,"7":83,"8":83,"9":95,"10":95,"11":95,"12":95,"13":1,"14":1,"15":1,"16":1,"17":1},"branchMap":{"0":{"type":"branch","line":2,"loc":{"start":{"line":2,"column":18},"end":{"line":13,"column":5}},"locations":[{"start":{"line":2,"column":18},"end":{"line":13,"column":5}}]},"1":{"type":"branch","line":5,"loc":{"start":{"line":5,"column":48},"end":{"line":10,"column":9}},"locations":[{"start":{"line":5,"column":48},"end":{"line":10,"column":9}}]},"2":{"type":"branch","line":7,"loc":{"start":{"line":7,"column":50},"end":{"line":7,"column":77}},"locations":[{"start":{"line":7,"column":50},"end":{"line":7,"column":77}}]},"3":{"type":"branch","line":7,"loc":{"start":{"line":7,"column":79},"end":{"line":9,"column":13}},"locations":[{"start":{"line":7,"column":79},"end":{"line":9,"column":13}}]}},"b":{"0":[95],"1":[99],"2":[86],"3":[83]},"fnMap":{"0":{"name":"deepFreeze","decl":{"start":{"line":2,"column":18},"end":{"line":13,"column":5}},"loc":{"start":{"line":2,"column":18},"end":{"line":13,"column":5}},"line":2}},"f":{"0":95}}
,"/Users/j/Code/pocket-monorepo-private/packages/core/src/utilities/message.ts": {"path":"/Users/j/Code/pocket-monorepo-private/packages/core/src/utilities/message.ts","all":false,"statementMap":{"0":{"start":{"line":1,"column":0},"end":{"line":1,"column":84}},"1":{"start":{"line":2,"column":0},"end":{"line":2,"column":0}},"2":{"start":{"line":3,"column":0},"end":{"line":3,"column":21}},"3":{"start":{"line":4,"column":0},"end":{"line":4,"column":57}},"4":{"start":{"line":5,"column":0},"end":{"line":5,"column":27}},"5":{"start":{"line":6,"column":0},"end":{"line":6,"column":38}},"6":{"start":{"line":7,"column":0},"end":{"line":7,"column":43}},"7":{"start":{"line":8,"column":0},"end":{"line":8,"column":21}},"8":{"start":{"line":9,"column":0},"end":{"line":9,"column":21}},"9":{"start":{"line":10,"column":0},"end":{"line":10,"column":0}},"10":{"start":{"line":11,"column":0},"end":{"line":11,"column":52}},"11":{"start":{"line":12,"column":0},"end":{"line":12,"column":37}},"12":{"start":{"line":13,"column":0},"end":{"line":13,"column":29}},"13":{"start":{"line":14,"column":0},"end":{"line":14,"column":9}},"14":{"start":{"line":15,"column":0},"end":{"line":15,"column":29}},"15":{"start":{"line":16,"column":0},"end":{"line":16,"column":5}},"16":{"start":{"line":17,"column":0},"end":{"line":17,"column":0}},"17":{"start":{"line":18,"column":0},"end":{"line":18,"column":62}},"18":{"start":{"line":19,"column":0},"end":{"line":19,"column":37}},"19":{"start":{"line":20,"column":0},"end":{"line":20,"column":27}},"20":{"start":{"line":21,"column":0},"end":{"line":21,"column":9}},"21":{"start":{"line":22,"column":0},"end":{"line":22,"column":25}},"22":{"start":{"line":23,"column":0},"end":{"line":23,"column":5}},"23":{"start":{"line":24,"column":0},"end":{"line":24,"column":1}},"24":{"start":{"line":25,"column":0},"end":{"line":25,"column":0}},"25":{"start":{"line":26,"column":0},"end":{"line":26,"column":8}},"26":{"start":{"line":27,"column":0},"end":{"line":27,"column":17}},"27":{"start":{"line":28,"column":0},"end":{"line":28,"column":1}}},"s":{"0":1,"1":1,"2":1,"3":0,"4":0,"5":0,"6":0,"7":0,"8":0,"9":0,"10":0,"11":2,"12":1,"13":1,"14":1,"15":1,"16":0,"17":0,"18":2,"19":1,"20":1,"21":1,"22":1,"23":0,"24":1,"25":1,"26":1,"27":1},"branchMap":{"0":{"type":"branch","line":3,"loc":{"start":{"line":3,"column":19},"end":{"line":24,"column":1}},"locations":[{"start":{"line":3,"column":19},"end":{"line":24,"column":1}}]},"1":{"type":"branch","line":11,"loc":{"start":{"line":11,"column":11},"end":{"line":16,"column":5}},"locations":[{"start":{"line":11,"column":11},"end":{"line":16,"column":5}}]},"2":{"type":"branch","line":12,"loc":{"start":{"line":12,"column":36},"end":{"line":16,"column":5}},"locations":[{"start":{"line":12,"column":36},"end":{"line":16,"column":5}}]},"3":{"type":"branch","line":18,"loc":{"start":{"line":18,"column":11},"end":{"line":23,"column":5}},"locations":[{"start":{"line":18,"column":11},"end":{"line":23,"column":5}}]},"4":{"type":"branch","line":19,"loc":{"start":{"line":19,"column":36},"end":{"line":23,"column":5}},"locations":[{"start":{"line":19,"column":36},"end":{"line":23,"column":5}}]}},"b":{"0":[0],"1":[2],"2":[1],"3":[2],"4":[1]},"fnMap":{"0":{"name":"<instance_members_initializer>","decl":{"start":{"line":3,"column":19},"end":{"line":24,"column":1}},"loc":{"start":{"line":3,"column":19},"end":{"line":24,"column":1}},"line":3},"1":{"name":"getErrorMessage","decl":{"start":{"line":11,"column":11},"end":{"line":16,"column":5}},"loc":{"start":{"line":11,"column":11},"end":{"line":16,"column":5}},"line":11},"2":{"name":"getErrorStack","decl":{"start":{"line":18,"column":11},"end":{"line":23,"column":5}},"loc":{"start":{"line":18,"column":11},"end":{"line":23,"column":5}},"line":18}},"f":{"0":0,"1":2,"2":2}}
,"/Users/j/Code/pocket-monorepo-private/packages/core/src/utilities/multiHash.ts": {"path":"/Users/j/Code/pocket-monorepo-private/packages/core/src/utilities/multiHash.ts","all":false,"statementMap":{"0":{"start":{"line":1,"column":0},"end":{"line":1,"column":84}},"1":{"start":{"line":2,"column":0},"end":{"line":2,"column":0}},"2":{"start":{"line":3,"column":0},"end":{"line":3,"column":26}},"3":{"start":{"line":4,"column":0},"end":{"line":4,"column":61}},"4":{"start":{"line":5,"column":0},"end":{"line":5,"column":42}},"5":{"start":{"line":6,"column":0},"end":{"line":6,"column":43}},"6":{"start":{"line":7,"column":0},"end":{"line":7,"column":71}},"7":{"start":{"line":8,"column":0},"end":{"line":8,"column":53}},"8":{"start":{"line":9,"column":0},"end":{"line":9,"column":60}},"9":{"start":{"line":10,"column":0},"end":{"line":10,"column":22}},"10":{"start":{"line":11,"column":0},"end":{"line":11,"column":5}},"11":{"start":{"line":12,"column":0},"end":{"line":12,"column":0}},"12":{"start":{"line":13,"column":0},"end":{"line":13,"column":7}},"13":{"start":{"line":14,"column":0},"end":{"line":14,"column":55}},"14":{"start":{"line":15,"column":0},"end":{"line":15,"column":82}},"15":{"start":{"line":16,"column":0},"end":{"line":16,"column":7}},"16":{"start":{"line":17,"column":0},"end":{"line":17,"column":68}},"17":{"start":{"line":18,"column":0},"end":{"line":18,"column":50}},"18":{"start":{"line":19,"column":0},"end":{"line":19,"column":27}},"19":{"start":{"line":20,"column":0},"end":{"line":20,"column":5}},"20":{"start":{"line":21,"column":0},"end":{"line":21,"column":0}},"21":{"start":{"line":22,"column":0},"end":{"line":22,"column":7}},"22":{"start":{"line":23,"column":0},"end":{"line":23,"column":86}},"23":{"start":{"line":24,"column":0},"end":{"line":24,"column":7}},"24":{"start":{"line":25,"column":0},"end":{"line":25,"column":108}},"25":{"start":{"line":26,"column":0},"end":{"line":26,"column":57}},"26":{"start":{"line":27,"column":0},"end":{"line":27,"column":16}},"27":{"start":{"line":28,"column":0},"end":{"line":28,"column":49}},"28":{"start":{"line":29,"column":0},"end":{"line":29,"column":23}},"29":{"start":{"line":30,"column":0},"end":{"line":30,"column":9}},"30":{"start":{"line":31,"column":0},"end":{"line":31,"column":5}},"31":{"start":{"line":32,"column":0},"end":{"line":32,"column":1}},"32":{"start":{"line":33,"column":0},"end":{"line":33,"column":0}},"33":{"start":{"line":34,"column":0},"end":{"line":34,"column":30}}},"s":{"0":1,"1":1,"2":1,"3":1,"4":2,"5":2,"6":2,"7":2,"8":2,"9":2,"10":2,"11":1,"12":1,"13":1,"14":1,"15":1,"16":1,"17":2,"18":2,"19":2,"20":1,"21":1,"22":1,"23":1,"24":1,"25":2,"26":2,"27":2,"28":2,"29":2,"30":2,"31":1,"32":1,"33":1},"branchMap":{"0":{"type":"branch","line":4,"loc":{"start":{"line":4,"column":11},"end":{"line":11,"column":5}},"locations":[{"start":{"line":4,"column":11},"end":{"line":11,"column":5}}]},"1":{"type":"branch","line":9,"loc":{"start":{"line":9,"column":17},"end":{"line":9,"column":59}},"locations":[{"start":{"line":9,"column":17},"end":{"line":9,"column":59}}]},"2":{"type":"branch","line":17,"loc":{"start":{"line":17,"column":11},"end":{"line":20,"column":5}},"locations":[{"start":{"line":17,"column":11},"end":{"line":20,"column":5}}]},"3":{"type":"branch","line":25,"loc":{"start":{"line":25,"column":11},"end":{"line":31,"column":5}},"locations":[{"start":{"line":25,"column":11},"end":{"line":31,"column":5}}]}},"b":{"0":[2],"1":[64],"2":[2],"3":[2]},"fnMap":{"0":{"name":"hashString","decl":{"start":{"line":4,"column":11},"end":{"line":11,"column":5}},"loc":{"start":{"line":4,"column":11},"end":{"line":11,"column":5}},"line":4},"1":{"name":"generateMultihash","decl":{"start":{"line":17,"column":11},"end":{"line":20,"column":5}},"loc":{"start":{"line":17,"column":11},"end":{"line":20,"column":5}},"line":17},"2":{"name":"generateIdentifier","decl":{"start":{"line":25,"column":11},"end":{"line":31,"column":5}},"loc":{"start":{"line":25,"column":11},"end":{"line":31,"column":5}},"line":25}},"f":{"0":2,"1":2,"2":2}}
}
