TN:
SF:src/components/base/argument.ts
FN:8,<instance_members_initializer>
FN:17,PocketArgument
FN:38,from
FN:63,fromString
FN:122,fromRecord
FN:149,fromKeyValuePair
FN:171,fromJSON
FN:198,fromObject
FN:225,toJSON
FN:232,toString
FN:236,toObject
FN:246,toRecord
FN:252,toKeyValuePair
FNF:13
FNH:9
FNDA:0,<instance_members_initializer>
FNDA:7,PocketArgument
FNDA:8,from
FNDA:4,fromString
FNDA:0,fromRecord
FNDA:0,fromKeyValuePair
FNDA:2,fromJSON
FNDA:0,fromObject
FNDA:1,toJSON
FNDA:1,toString
FNDA:1,toObject
FNDA:1,toRecord
FNDA:1,toKeyValuePair
DA:1,1
DA:2,1
DA:3,1
DA:4,1
DA:5,1
DA:6,1
DA:7,1
DA:8,0
DA:9,0
DA:10,0
DA:11,0
DA:12,0
DA:13,0
DA:14,0
DA:15,0
DA:16,0
DA:17,0
DA:18,7
DA:19,7
DA:20,7
DA:21,7
DA:22,7
DA:23,7
DA:24,7
DA:25,0
DA:26,0
DA:27,7
DA:28,7
DA:29,0
DA:30,0
DA:31,7
DA:32,7
DA:33,7
DA:34,7
DA:35,7
DA:36,7
DA:37,0
DA:38,0
DA:39,8
DA:40,8
DA:41,8
DA:42,8
DA:43,8
DA:44,8
DA:45,8
DA:46,1
DA:47,1
DA:48,7
DA:49,8
DA:50,1
DA:51,1
DA:52,6
DA:53,6
DA:54,6
DA:55,6
DA:56,6
DA:57,6
DA:58,0
DA:59,0
DA:60,0
DA:61,0
DA:62,0
DA:63,0
DA:64,4
DA:65,4
DA:66,4
DA:67,4
DA:68,4
DA:69,4
DA:70,1
DA:71,1
DA:72,3
DA:73,3
DA:74,3
DA:75,3
DA:76,3
DA:77,4
DA:78,0
DA:79,0
DA:80,0
DA:81,3
DA:82,0
DA:83,0
DA:84,0
DA:85,0
DA:86,0
DA:87,0
DA:88,0
DA:89,3
DA:90,2
DA:91,2
DA:92,2
DA:93,2
DA:94,2
DA:95,2
DA:96,2
DA:97,1
DA:98,1
DA:99,1
DA:100,4
DA:101,3
DA:102,3
DA:103,0
DA:104,4
DA:105,0
DA:106,0
DA:107,0
DA:108,0
DA:109,0
DA:110,0
DA:111,0
DA:112,0
DA:113,0
DA:114,0
DA:115,0
DA:116,0
DA:117,0
DA:118,0
DA:119,0
DA:120,0
DA:121,0
DA:122,0
DA:123,0
DA:124,0
DA:125,0
DA:126,0
DA:127,0
DA:128,0
DA:129,0
DA:130,0
DA:131,0
DA:132,0
DA:133,0
DA:134,0
DA:135,0
DA:136,0
DA:137,0
DA:138,0
DA:139,0
DA:140,0
DA:141,0
DA:142,0
DA:143,0
DA:144,0
DA:145,0
DA:146,0
DA:147,0
DA:148,0
DA:149,0
DA:150,0
DA:151,0
DA:152,0
DA:153,0
DA:154,0
DA:155,0
DA:156,0
DA:157,0
DA:158,0
DA:159,0
DA:160,0
DA:161,0
DA:162,0
DA:163,0
DA:164,0
DA:165,0
DA:166,0
DA:167,0
DA:168,0
DA:169,0
DA:170,0
DA:171,0
DA:172,2
DA:173,2
DA:174,2
DA:175,2
DA:176,2
DA:177,2
DA:178,2
DA:179,2
DA:180,0
DA:181,0
DA:182,2
DA:183,2
DA:184,2
DA:185,2
DA:186,1
DA:187,1
DA:188,1
DA:189,1
DA:190,1
DA:191,1
DA:192,1
DA:193,1
DA:194,1
DA:195,1
DA:196,1
DA:197,0
DA:198,0
DA:199,0
DA:200,0
DA:201,0
DA:202,0
DA:203,0
DA:204,0
DA:205,0
DA:206,0
DA:207,0
DA:208,0
DA:209,0
DA:210,0
DA:211,0
DA:212,0
DA:213,0
DA:214,0
DA:215,0
DA:216,0
DA:217,0
DA:218,0
DA:219,0
DA:220,0
DA:221,0
DA:222,0
DA:223,0
DA:224,0
DA:225,0
DA:226,1
DA:227,1
DA:228,1
DA:229,1
DA:230,1
DA:231,0
DA:232,0
DA:233,1
DA:234,1
DA:235,0
DA:236,0
DA:237,1
DA:238,1
DA:239,1
DA:240,1
DA:241,1
DA:242,1
DA:243,1
DA:244,1
DA:245,0
DA:246,0
DA:247,1
DA:248,1
DA:249,1
DA:250,1
DA:251,0
DA:252,0
DA:253,1
DA:254,1
DA:255,0
DA:256,0
DA:257,0
DA:258,1
DA:259,1
DA:260,1
DA:261,1
LF:261
LH:119
BRDA:8,0,0,0
BRDA:17,1,0,7
BRDA:24,2,0,0
BRDA:28,3,0,0
BRDA:38,4,0,8
BRDA:45,5,0,1
BRDA:48,6,0,7
BRDA:49,7,0,1
BRDA:52,8,0,6
BRDA:63,9,0,4
BRDA:69,10,0,1
BRDA:72,11,0,3
BRDA:77,12,0,0
BRDA:77,13,0,0
BRDA:81,14,0,3
BRDA:81,15,0,0
BRDA:89,16,0,2
BRDA:97,17,0,1
BRDA:100,18,0,3
BRDA:103,19,0,0
BRDA:104,20,0,0
BRDA:91,21,0,4
BRDA:171,22,0,2
BRDA:179,23,0,0
BRDA:185,24,0,1
BRDA:225,25,0,1
BRDA:232,26,0,1
BRDA:236,27,0,1
BRDA:246,28,0,1
BRDA:252,29,0,1
BRF:30
BRH:21
end_of_record
TN:
SF:src/components/base/error.ts
FN:14,PocketErrorMessage
FN:47,handleThrowError
FNF:2
FNH:2
FNDA:14,PocketErrorMessage
FNDA:14,handleThrowError
DA:1,1
DA:2,1
DA:3,1
DA:4,1
DA:5,1
DA:6,1
DA:7,1
DA:8,1
DA:9,1
DA:10,1
DA:11,1
DA:12,1
DA:13,1
DA:14,1
DA:15,14
DA:16,14
DA:17,14
DA:18,14
DA:19,14
DA:20,14
DA:21,14
DA:22,14
DA:23,14
DA:24,14
DA:25,14
DA:26,14
DA:27,14
DA:28,14
DA:29,14
DA:30,14
DA:31,14
DA:32,14
DA:33,14
DA:34,14
DA:35,14
DA:36,14
DA:37,14
DA:38,14
DA:39,14
DA:40,14
DA:41,14
DA:42,14
DA:43,14
DA:44,14
DA:45,14
DA:46,1
DA:47,1
DA:48,14
DA:49,1
DA:50,1
DA:51,14
DA:52,1
DA:53,1
DA:54,1
DA:55,1
DA:56,1
LF:56
LH:56
BRDA:14,0,0,14
BRDA:35,1,0,13
BRDA:35,2,0,1
BRDA:36,3,0,0
BRDA:37,4,0,1
BRDA:37,5,0,13
BRDA:38,6,0,1
BRDA:38,7,0,13
BRDA:44,8,0,2
BRDA:44,9,0,12
BRDA:47,10,0,14
BRDA:48,11,0,1
BRF:12
BRH:11
end_of_record
TN:
SF:src/components/base/factory.ts
FN:7,<instance_members_initializer>
FN:24,PocketFactory
FNF:2
FNH:1
FNDA:0,<instance_members_initializer>
FNDA:2,PocketFactory
DA:1,1
DA:2,1
DA:3,1
DA:4,1
DA:5,1
DA:6,1
DA:7,0
DA:8,0
DA:9,0
DA:10,0
DA:11,0
DA:12,0
DA:13,0
DA:14,0
DA:15,0
DA:16,0
DA:17,0
DA:18,0
DA:19,0
DA:20,0
DA:21,0
DA:22,0
DA:23,0
DA:24,0
DA:25,2
DA:26,2
DA:27,2
DA:28,2
DA:29,2
DA:30,2
DA:31,2
DA:32,2
DA:33,2
DA:34,0
DA:35,1
DA:36,1
DA:37,1
DA:38,1
LF:38
LH:19
BRDA:7,0,0,0
BRDA:24,1,0,2
BRF:2
BRH:1
end_of_record
TN:
SF:src/components/base/identity.ts
FN:35,<instance_members_initializer>
FN:44,PocketIdentity
FNF:2
FNH:1
FNDA:0,<instance_members_initializer>
FNDA:3,PocketIdentity
DA:1,1
DA:2,1
DA:3,1
DA:4,1
DA:5,1
DA:6,1
DA:7,1
DA:8,1
DA:9,1
DA:10,1
DA:11,1
DA:12,1
DA:13,1
DA:14,1
DA:15,1
DA:16,1
DA:17,1
DA:18,1
DA:19,1
DA:20,1
DA:21,1
DA:22,1
DA:23,1
DA:24,1
DA:25,1
DA:26,1
DA:27,1
DA:28,1
DA:29,1
DA:30,1
DA:31,1
DA:32,1
DA:33,1
DA:34,1
DA:35,0
DA:36,0
DA:37,0
DA:38,0
DA:39,0
DA:40,0
DA:41,0
DA:42,0
DA:43,0
DA:44,0
DA:45,3
DA:46,3
DA:47,3
DA:48,3
DA:49,3
DA:50,3
DA:51,3
DA:52,1
DA:53,1
DA:54,2
DA:55,3
DA:56,1
DA:57,1
DA:58,1
DA:59,1
DA:60,1
DA:61,1
DA:62,1
DA:63,1
DA:64,1
DA:65,1
DA:66,1
DA:67,0
DA:68,1
DA:69,1
DA:70,1
DA:71,1
DA:72,1
LF:72
LH:61
BRDA:35,0,0,0
BRDA:44,1,0,3
BRDA:51,2,0,1
BRDA:54,3,0,2
BRDA:55,4,0,1
BRF:5
BRH:4
end_of_record
TN:
SF:src/components/base/index.ts
FN:28,<instance_members_initializer>
FNF:1
FNH:0
FNDA:0,<instance_members_initializer>
DA:1,1
DA:2,1
DA:3,1
DA:4,1
DA:5,1
DA:6,1
DA:7,1
DA:8,1
DA:9,1
DA:10,1
DA:11,1
DA:12,1
DA:13,1
DA:14,1
DA:15,1
DA:16,1
DA:17,1
DA:18,1
DA:19,1
DA:20,1
DA:21,1
DA:22,1
DA:23,1
DA:24,1
DA:25,1
DA:26,1
DA:27,1
DA:28,0
DA:29,0
DA:30,0
DA:31,0
DA:32,0
DA:33,0
DA:34,0
DA:35,0
DA:36,0
DA:37,0
DA:38,0
DA:39,0
DA:40,0
DA:41,0
DA:42,0
DA:43,0
DA:44,0
DA:45,0
DA:46,0
DA:47,0
DA:48,0
DA:49,0
DA:50,0
DA:51,0
DA:52,0
DA:53,0
DA:54,0
DA:55,0
DA:56,0
DA:57,0
DA:58,0
DA:59,0
DA:60,0
DA:61,1
DA:62,1
DA:63,1
DA:64,1
DA:65,1
DA:66,1
DA:67,1
DA:68,1
DA:69,1
DA:70,1
DA:71,1
DA:72,1
DA:73,1
DA:74,1
DA:75,1
DA:76,1
DA:77,1
DA:78,1
DA:79,1
DA:80,1
DA:81,1
LF:81
LH:48
BRDA:6,0,0,1
BRDA:28,1,0,0
BRF:2
BRH:1
end_of_record
TN:
SF:src/components/base/message.ts
FN:31,<instance_members_initializer>
FN:45,PocketMessage
FN:119,getLevelFromCode
FN:136,checkCodeAndLevel
FN:174,handleCallback
FN:189,handlePrintToConsole
FN:203,printMessage
FN:241,toString
FN:249,toJSON
FN:263,toObject
FNF:10
FNH:8
FNDA:18,<instance_members_initializer>
FNDA:18,PocketMessage
FNDA:18,getLevelFromCode
FNDA:18,checkCodeAndLevel
FNDA:5,handleCallback
FNDA:15,handlePrintToConsole
FNDA:4,printMessage
FNDA:1,toString
FNDA:0,toJSON
FNDA:0,toObject
DA:1,1
DA:2,1
DA:3,1
DA:4,1
DA:5,1
DA:6,1
DA:7,1
DA:8,1
DA:9,1
DA:10,1
DA:11,1
DA:12,1
DA:13,1
DA:14,1
DA:15,1
DA:16,1
DA:17,1
DA:18,1
DA:19,1
DA:20,1
DA:21,1
DA:22,1
DA:23,1
DA:24,1
DA:25,1
DA:26,1
DA:27,1
DA:28,1
DA:29,1
DA:30,1
DA:31,18
DA:32,18
DA:33,18
DA:34,18
DA:35,18
DA:36,18
DA:37,18
DA:38,18
DA:39,18
DA:40,18
DA:41,18
DA:42,18
DA:43,18
DA:44,18
DA:45,18
DA:46,18
DA:47,18
DA:48,18
DA:49,18
DA:50,18
DA:51,18
DA:52,18
DA:53,18
DA:54,18
DA:55,18
DA:56,18
DA:57,18
DA:58,18
DA:59,18
DA:60,18
DA:61,18
DA:62,18
DA:63,18
DA:64,18
DA:65,18
DA:66,18
DA:67,18
DA:68,18
DA:69,18
DA:70,18
DA:71,18
DA:72,18
DA:73,18
DA:74,18
DA:75,18
DA:76,18
DA:77,18
DA:78,18
DA:79,18
DA:80,18
DA:81,18
DA:82,18
DA:83,18
DA:84,18
DA:85,18
DA:86,18
DA:87,1
DA:88,1
DA:89,1
DA:90,1
DA:91,1
DA:92,0
DA:93,1
DA:94,1
DA:95,1
DA:96,14
DA:97,14
DA:98,14
DA:99,14
DA:100,14
DA:101,3
DA:102,3
DA:103,2
DA:104,2
DA:105,3
DA:106,0
DA:107,3
DA:108,3
DA:109,11
DA:110,11
DA:111,11
DA:112,11
DA:113,1
DA:114,1
DA:115,1
DA:116,18
DA:117,18
DA:118,18
DA:119,18
DA:120,18
DA:121,18
DA:122,18
DA:123,0
DA:124,18
DA:125,15
DA:126,18
DA:127,1
DA:128,18
DA:129,18
DA:130,1
DA:131,18
DA:132,1
DA:133,18
DA:134,18
DA:135,18
DA:136,18
DA:137,18
DA:138,18
DA:139,1
DA:140,1
DA:141,1
DA:142,1
DA:143,0
DA:144,18
DA:145,13
DA:146,13
DA:147,0
DA:148,0
DA:149,13
DA:150,18
DA:151,2
DA:152,2
DA:153,1
DA:154,1
DA:155,1
DA:156,18
DA:157,1
DA:158,1
DA:159,1
DA:160,1
DA:161,1
DA:162,0
DA:163,0
DA:164,1
DA:165,18
DA:166,1
DA:167,18
DA:168,18
DA:169,18
DA:170,18
DA:171,18
DA:172,18
DA:173,18
DA:174,18
DA:175,5
DA:176,5
DA:177,5
DA:178,4
DA:179,5
DA:180,5
DA:181,0
DA:182,0
DA:183,5
DA:184,18
DA:185,18
DA:186,18
DA:187,18
DA:188,18
DA:189,18
DA:190,15
DA:191,4
DA:192,4
DA:193,15
DA:194,18
DA:195,18
DA:196,18
DA:197,18
DA:198,18
DA:199,18
DA:200,18
DA:201,18
DA:202,18
DA:203,18
DA:204,4
DA:205,4
DA:206,0
DA:207,0
DA:208,4
DA:209,4
DA:210,2
DA:211,2
DA:212,4
DA:213,4
DA:214,1
DA:215,1
DA:216,4
DA:217,4
DA:218,4
DA:219,1
DA:220,1
DA:221,4
DA:222,4
DA:223,0
DA:224,0
DA:225,4
DA:226,4
DA:227,0
DA:228,0
DA:229,4
DA:230,4
DA:231,0
DA:232,0
DA:233,4
DA:234,4
DA:235,18
DA:236,18
DA:237,18
DA:238,18
DA:239,18
DA:240,18
DA:241,18
DA:242,1
DA:243,1
DA:244,18
DA:245,18
DA:246,18
DA:247,18
DA:248,18
DA:249,18
DA:250,0
DA:251,0
DA:252,0
DA:253,0
DA:254,0
DA:255,0
DA:256,0
DA:257,0
DA:258,18
DA:259,18
DA:260,18
DA:261,18
DA:262,18
DA:263,18
DA:264,0
DA:265,0
DA:266,0
DA:267,0
DA:268,0
DA:269,0
DA:270,0
DA:271,0
DA:272,0
DA:273,0
DA:274,0
DA:275,0
DA:276,0
DA:277,0
DA:278,18
DA:279,1
DA:280,1
DA:281,1
DA:282,1
DA:283,1
LF:283
LH:243
BRDA:31,0,0,18
BRDA:45,1,0,18
BRDA:65,2,0,17
BRDA:65,3,0,1
BRDA:67,4,0,6
BRDA:67,5,0,12
BRDA:70,6,0,15
BRDA:70,7,0,0
BRDA:71,8,0,1
BRDA:71,9,0,14
BRDA:72,10,0,1
BRDA:72,11,0,14
BRDA:84,12,0,1
BRDA:85,13,0,1
BRDA:86,14,0,1
BRDA:96,15,0,14
BRDA:98,16,0,13
BRDA:99,17,0,3
BRDA:100,18,0,3
BRDA:109,19,0,11
BRDA:111,20,0,1
BRDA:112,21,0,1
BRDA:87,22,0,1
BRDA:88,23,0,1
BRDA:102,24,0,2
BRDA:119,25,0,18
BRDA:122,26,0,0
BRDA:124,27,0,15
BRDA:126,28,0,1
BRDA:128,29,0,0
BRDA:129,30,0,1
BRDA:131,31,0,1
BRDA:136,32,0,18
BRDA:138,33,0,1
BRDA:143,34,0,0
BRDA:144,35,0,13
BRDA:146,36,0,0
BRDA:150,37,0,2
BRDA:152,38,0,1
BRDA:156,39,0,1
BRDA:161,40,0,0
BRDA:165,41,0,1
BRDA:174,42,0,5
BRDA:178,43,0,4
BRDA:180,44,0,0
BRDA:189,45,0,15
BRDA:190,46,0,4
BRDA:203,47,0,4
BRDA:205,48,0,0
BRDA:209,49,0,2
BRDA:213,50,0,1
BRDA:217,51,0,0
BRDA:218,52,0,1
BRDA:222,53,0,0
BRDA:226,54,0,0
BRDA:230,55,0,0
BRDA:241,56,0,1
BRF:57
BRH:45
end_of_record
TN:
SF:src/components/base/metadata.ts
FN:8,<instance_members_initializer>
FN:19,Metadata
FN:54,addAnnotations
FN:68,addLabels
FN:82,toJSON
FN:94,toString
FN:102,update
FN:169,get id
FN:173,get type
FN:177,createDefaultMetadata
FNF:10
FNH:10
FNDA:33,<instance_members_initializer>
FNDA:33,Metadata
FNDA:33,addAnnotations
FNDA:33,addLabels
FNDA:3,toJSON
FNDA:1,toString
FNDA:2,update
FNDA:13,get id
FNDA:11,get type
FNDA:1,createDefaultMetadata
DA:1,1
DA:2,1
DA:3,1
DA:4,1
DA:5,1
DA:6,1
DA:7,1
DA:8,33
DA:9,33
DA:10,33
DA:11,33
DA:12,33
DA:13,33
DA:14,33
DA:15,33
DA:16,33
DA:17,33
DA:18,33
DA:19,33
DA:20,33
DA:21,33
DA:22,33
DA:23,33
DA:24,33
DA:25,33
DA:26,33
DA:27,33
DA:28,33
DA:29,33
DA:30,33
DA:31,33
DA:32,33
DA:33,33
DA:34,33
DA:35,33
DA:36,33
DA:37,33
DA:38,33
DA:39,33
DA:40,33
DA:41,33
DA:42,33
DA:43,33
DA:44,33
DA:45,33
DA:46,33
DA:47,33
DA:48,33
DA:49,33
DA:50,33
DA:51,33
DA:52,33
DA:53,33
DA:54,33
DA:55,33
DA:56,33
DA:57,33
DA:58,33
DA:59,33
DA:60,33
DA:61,33
DA:62,33
DA:63,33
DA:64,33
DA:65,33
DA:66,33
DA:67,33
DA:68,33
DA:69,33
DA:70,33
DA:71,33
DA:72,132
DA:73,77
DA:74,77
DA:75,132
DA:76,33
DA:77,33
DA:78,33
DA:79,33
DA:80,33
DA:81,33
DA:82,33
DA:83,3
DA:84,3
DA:85,3
DA:86,3
DA:87,3
DA:88,3
DA:89,3
DA:90,3
DA:91,3
DA:92,3
DA:93,33
DA:94,33
DA:95,1
DA:96,1
DA:97,1
DA:98,1
DA:99,1
DA:100,1
DA:101,33
DA:102,33
DA:103,2
DA:104,2
DA:105,2
DA:106,2
DA:107,2
DA:108,2
DA:109,2
DA:110,2
DA:111,2
DA:112,2
DA:113,2
DA:114,2
DA:115,2
DA:116,2
DA:117,2
DA:118,2
DA:119,2
DA:120,2
DA:121,2
DA:122,0
DA:123,0
DA:124,2
DA:125,2
DA:126,2
DA:127,2
DA:128,2
DA:129,2
DA:130,1
DA:131,1
DA:132,1
DA:133,1
DA:134,2
DA:135,2
DA:136,2
DA:137,2
DA:138,2
DA:139,0
DA:140,0
DA:141,1
DA:142,1
DA:143,2
DA:144,2
DA:145,2
DA:146,2
DA:147,0
DA:148,0
DA:149,1
DA:150,1
DA:151,1
DA:152,1
DA:153,1
DA:154,1
DA:155,1
DA:156,1
DA:157,1
DA:158,1
DA:159,1
DA:160,1
DA:161,1
DA:162,1
DA:163,1
DA:164,1
DA:165,1
DA:166,1
DA:167,1
DA:168,33
DA:169,33
DA:170,13
DA:171,13
DA:172,33
DA:173,33
DA:174,11
DA:175,11
DA:176,33
DA:177,33
DA:178,1
DA:179,1
DA:180,1
DA:181,1
DA:182,1
DA:183,1
DA:184,1
DA:185,1
DA:186,1
DA:187,0
DA:188,0
DA:189,0
DA:190,0
DA:191,0
DA:192,0
DA:193,0
DA:194,0
DA:195,0
DA:196,0
DA:197,0
DA:198,0
DA:199,0
DA:200,0
DA:201,0
DA:202,0
DA:203,0
DA:204,0
DA:205,0
DA:206,0
DA:207,0
DA:208,0
DA:209,0
DA:210,0
DA:211,0
DA:212,0
DA:213,0
DA:214,0
DA:215,0
DA:216,0
DA:217,0
DA:218,0
DA:219,33
DA:220,1
DA:221,1
DA:222,1
DA:223,1
LF:223
LH:185
BRDA:8,0,0,33
BRDA:19,1,0,33
BRDA:46,2,0,0
BRDA:47,3,0,0
BRDA:54,4,0,33
BRDA:68,5,0,33
BRDA:71,6,0,132
BRDA:72,7,0,77
BRDA:82,8,0,3
BRDA:94,9,0,1
BRDA:102,10,0,2
BRDA:118,11,0,1
BRDA:119,12,0,0
BRDA:120,13,0,0
BRDA:121,14,0,0
BRDA:126,15,0,1
BRDA:127,16,0,1
BRDA:128,17,0,1
BRDA:129,18,0,1
BRDA:134,19,0,0
BRDA:135,20,0,0
BRDA:136,21,0,0
BRDA:137,22,0,0
BRDA:138,23,0,0
BRDA:141,24,0,1
BRDA:143,25,0,0
BRDA:144,26,0,0
BRDA:145,27,0,0
BRDA:146,28,0,0
BRDA:149,29,0,1
BRDA:169,30,0,13
BRDA:173,31,0,11
BRDA:177,32,0,1
BRDA:187,33,0,0
BRF:34
BRH:19
end_of_record
TN:
SF:src/components/base/object.ts
FN:10,<instance_members_initializer>
FN:20,PocketObject
FN:38,checkData
FN:44,checkMetadata
FN:50,checkDataHash
FN:94,get dataString
FN:98,get metadataString
FN:102,get objectString
FN:106,get objectType
FN:110,isEmpty
FN:119,toMultiHashIdentifier
FNF:11
FNH:11
FNDA:11,<instance_members_initializer>
FNDA:11,PocketObject
FNDA:11,checkData
FNDA:11,checkMetadata
FNDA:1,checkDataHash
FNDA:60,get dataString
FNDA:1,get metadataString
FNDA:1,get objectString
FNDA:1,get objectType
FNDA:12,isEmpty
FNDA:1,toMultiHashIdentifier
DA:1,1
DA:2,1
DA:3,1
DA:4,1
DA:5,1
DA:6,1
DA:7,1
DA:8,1
DA:9,1
DA:10,11
DA:11,11
DA:12,11
DA:13,11
DA:14,11
DA:15,11
DA:16,11
DA:17,11
DA:18,11
DA:19,11
DA:20,11
DA:21,11
DA:22,11
DA:23,11
DA:24,11
DA:25,11
DA:26,11
DA:27,11
DA:28,11
DA:29,11
DA:30,11
DA:31,11
DA:32,11
DA:33,11
DA:34,11
DA:35,11
DA:36,11
DA:37,11
DA:38,11
DA:39,11
DA:40,0
DA:41,0
DA:42,11
DA:43,11
DA:44,11
DA:45,11
DA:46,11
DA:47,11
DA:48,11
DA:49,11
DA:50,11
DA:51,1
DA:52,1
DA:53,1
DA:54,1
DA:55,1
DA:56,0
DA:57,0
DA:58,0
DA:59,0
DA:60,0
DA:61,0
DA:62,0
DA:63,1
DA:64,1
DA:65,0
DA:66,0
DA:67,0
DA:68,0
DA:69,0
DA:70,0
DA:71,0
DA:72,0
DA:73,0
DA:74,0
DA:75,0
DA:76,0
DA:77,1
DA:78,1
DA:79,1
DA:80,1
DA:81,1
DA:82,1
DA:83,1
DA:84,1
DA:85,1
DA:86,1
DA:87,1
DA:88,1
DA:89,1
DA:90,1
DA:91,1
DA:92,11
DA:93,11
DA:94,11
DA:95,60
DA:96,60
DA:97,11
DA:98,11
DA:99,1
DA:100,1
DA:101,11
DA:102,11
DA:103,1
DA:104,1
DA:105,11
DA:106,11
DA:107,1
DA:108,1
DA:109,11
DA:110,11
DA:111,12
DA:112,12
DA:113,12
DA:114,12
DA:115,12
DA:116,12
DA:117,12
DA:118,11
DA:119,11
DA:120,1
DA:121,1
DA:122,1
DA:123,0
DA:124,0
DA:125,1
DA:126,1
DA:127,1
DA:128,1
DA:129,1
DA:130,1
DA:131,11
DA:132,11
DA:133,1
DA:134,1
DA:135,1
DA:136,1
LF:136
LH:113
BRDA:10,0,0,11
BRDA:20,1,0,11
BRDA:33,2,0,0
BRDA:38,3,0,11
BRDA:39,4,0,0
BRDA:44,5,0,11
BRDA:50,6,0,1
BRDA:55,7,0,0
BRDA:64,8,0,0
BRDA:94,9,0,60
BRDA:98,10,0,1
BRDA:102,11,0,1
BRDA:106,12,0,1
BRDA:110,13,0,12
BRDA:119,14,0,1
BRDA:122,15,0,0
BRF:16
BRH:11
end_of_record
TN:
SF:src/components/base/storage.ts
FN:45,<instance_members_initializer>
FN:77,PocketStorage
FN:97,addItem
FN:121,removeItem
FN:134,getItem
FN:141,clear
FN:149,getSize
FN:157,getLocation
FN:165,getType
FN:169,buildMerkleTree
FN:176,getMerkleRoot
FNF:11
FNH:11
FNDA:7,<instance_members_initializer>
FNDA:7,PocketStorage
FNDA:12,addItem
FNDA:2,removeItem
FNDA:2,getItem
FNDA:1,clear
FNDA:4,getSize
FNDA:1,getLocation
FNDA:2,getType
FNDA:1,buildMerkleTree
FNDA:1,getMerkleRoot
DA:1,1
DA:2,1
DA:3,1
DA:4,1
DA:5,1
DA:6,1
DA:7,1
DA:8,1
DA:9,1
DA:10,1
DA:11,1
DA:12,1
DA:13,1
DA:14,1
DA:15,1
DA:16,1
DA:17,1
DA:18,1
DA:19,1
DA:20,1
DA:21,1
DA:22,1
DA:23,1
DA:24,1
DA:25,1
DA:26,1
DA:27,1
DA:28,1
DA:29,1
DA:30,1
DA:31,1
DA:32,1
DA:33,1
DA:34,1
DA:35,1
DA:36,1
DA:37,1
DA:38,1
DA:39,1
DA:40,1
DA:41,1
DA:42,1
DA:43,1
DA:44,1
DA:45,7
DA:46,7
DA:47,7
DA:48,7
DA:49,7
DA:50,7
DA:51,7
DA:52,7
DA:53,7
DA:54,7
DA:55,7
DA:56,7
DA:57,7
DA:58,7
DA:59,7
DA:60,7
DA:61,7
DA:62,7
DA:63,7
DA:64,7
DA:65,7
DA:66,7
DA:67,7
DA:68,7
DA:69,7
DA:70,7
DA:71,7
DA:72,7
DA:73,7
DA:74,7
DA:75,7
DA:76,7
DA:77,7
DA:78,7
DA:79,7
DA:80,7
DA:81,7
DA:82,7
DA:83,7
DA:84,7
DA:85,7
DA:86,7
DA:87,7
DA:88,7
DA:89,7
DA:90,7
DA:91,7
DA:92,7
DA:93,7
DA:94,7
DA:95,7
DA:96,7
DA:97,7
DA:98,12
DA:99,0
DA:100,0
DA:101,12
DA:102,12
DA:103,1
DA:104,1
DA:105,11
DA:106,11
DA:107,11
DA:108,11
DA:109,12
DA:110,12
DA:111,1
DA:112,1
DA:113,10
DA:114,10
DA:115,10
DA:116,7
DA:117,7
DA:118,7
DA:119,7
DA:120,7
DA:121,7
DA:122,2
DA:123,2
DA:124,1
DA:125,1
DA:126,1
DA:127,1
DA:128,7
DA:129,7
DA:130,7
DA:131,7
DA:132,7
DA:133,7
DA:134,7
DA:135,2
DA:136,2
DA:137,7
DA:138,7
DA:139,7
DA:140,7
DA:141,7
DA:142,1
DA:143,1
DA:144,7
DA:145,7
DA:146,7
DA:147,7
DA:148,7
DA:149,7
DA:150,4
DA:151,4
DA:152,7
DA:153,7
DA:154,7
DA:155,7
DA:156,7
DA:157,7
DA:158,1
DA:159,1
DA:160,7
DA:161,7
DA:162,7
DA:163,7
DA:164,7
DA:165,7
DA:166,2
DA:167,2
DA:168,7
DA:169,7
DA:170,1
DA:171,1
DA:172,1
DA:173,1
DA:174,1
DA:175,7
DA:176,7
DA:177,1
DA:178,1
DA:179,1
DA:180,7
DA:181,1
DA:182,1
DA:183,1
DA:184,1
DA:185,1
DA:186,1
DA:187,1
LF:187
LH:185
BRDA:45,0,0,7
BRDA:77,1,0,7
BRDA:97,2,0,12
BRDA:98,3,0,0
BRDA:102,4,0,1
BRDA:105,5,0,11
BRDA:109,6,0,1
BRDA:110,7,0,1
BRDA:113,8,0,10
BRDA:121,9,0,2
BRDA:123,10,0,1
BRDA:122,11,0,1
BRDA:134,12,0,2
BRDA:135,13,0,1
BRDA:141,14,0,1
BRDA:149,15,0,4
BRDA:157,16,0,1
BRDA:165,17,0,2
BRDA:166,18,0,1
BRDA:169,19,0,1
BRDA:170,20,0,2
BRDA:176,21,0,1
BRF:22
BRH:21
end_of_record
TN:
SF:src/components/base/timestamp.ts
FN:13,<instance_members_initializer>
FN:27,PocketTimestamp
FN:47,toISO
FN:55,toLocaleString
FN:63,toUNIX
FN:71,toRFC
FN:80,addTime
FN:112,subtractTime
FN:140,createTimestamp
FNF:9
FNH:5
FNDA:0,<instance_members_initializer>
FNDA:13,PocketTimestamp
FNDA:1,toISO
FNDA:1,toLocaleString
FNDA:1,toUNIX
FNDA:1,toRFC
FNDA:0,addTime
FNDA:0,subtractTime
FNDA:0,createTimestamp
DA:1,1
DA:2,1
DA:3,1
DA:4,1
DA:5,1
DA:6,1
DA:7,1
DA:8,1
DA:9,1
DA:10,1
DA:11,1
DA:12,1
DA:13,0
DA:14,0
DA:15,0
DA:16,0
DA:17,0
DA:18,0
DA:19,0
DA:20,0
DA:21,0
DA:22,0
DA:23,0
DA:24,0
DA:25,0
DA:26,0
DA:27,0
DA:28,13
DA:29,13
DA:30,13
DA:31,13
DA:32,12
DA:33,13
DA:34,12
DA:35,12
DA:36,1
DA:37,1
DA:38,1
DA:39,12
DA:40,12
DA:41,12
DA:42,0
DA:43,0
DA:44,0
DA:45,0
DA:46,0
DA:47,0
DA:48,1
DA:49,1
DA:50,0
DA:51,0
DA:52,0
DA:53,0
DA:54,0
DA:55,0
DA:56,1
DA:57,1
DA:58,0
DA:59,0
DA:60,0
DA:61,0
DA:62,0
DA:63,0
DA:64,1
DA:65,1
DA:66,0
DA:67,0
DA:68,0
DA:69,0
DA:70,0
DA:71,0
DA:72,1
DA:73,1
DA:74,0
DA:75,0
DA:76,0
DA:77,0
DA:78,0
DA:79,0
DA:80,0
DA:81,0
DA:82,0
DA:83,0
DA:84,0
DA:85,0
DA:86,0
DA:87,0
DA:88,0
DA:89,0
DA:90,0
DA:91,0
DA:92,0
DA:93,0
DA:94,0
DA:95,0
DA:96,0
DA:97,0
DA:98,0
DA:99,0
DA:100,0
DA:101,0
DA:102,0
DA:103,0
DA:104,0
DA:105,0
DA:106,0
DA:107,0
DA:108,0
DA:109,0
DA:110,0
DA:111,0
DA:112,0
DA:113,0
DA:114,0
DA:115,0
DA:116,0
DA:117,0
DA:118,0
DA:119,0
DA:120,0
DA:121,0
DA:122,0
DA:123,0
DA:124,0
DA:125,0
DA:126,0
DA:127,0
DA:128,0
DA:129,0
DA:130,0
DA:131,0
DA:132,0
DA:133,0
DA:134,0
DA:135,0
DA:136,0
DA:137,0
DA:138,0
DA:139,0
DA:140,0
DA:141,0
DA:142,0
DA:143,0
DA:144,0
DA:145,1
DA:146,1
DA:147,1
DA:148,1
LF:148
LH:38
BRDA:13,0,0,0
BRDA:27,1,0,13
BRDA:30,2,0,12
BRDA:31,3,0,12
BRDA:32,4,0,11
BRDA:33,5,0,12
BRDA:36,6,0,1
BRDA:39,7,0,12
BRDA:47,8,0,1
BRDA:55,9,0,1
BRDA:63,10,0,1
BRDA:71,11,0,1
BRF:12
BRH:11
end_of_record
TN:
SF:src/components/config/argument.factory.ts
FN:17,fromRecord
FN:54,fromKeyValuePair
FN:85,fromString
FN:144,fromJSON
FN:180,fromArray
FN:207,fromKeyValuePairs
FN:228,fromRecords
FNF:7
FNH:6
FNDA:6,fromRecord
FNDA:1,fromKeyValuePair
FNDA:1,fromString
FNDA:1,fromJSON
FNDA:1,fromArray
FNDA:3,fromKeyValuePairs
FNDA:0,fromRecords
DA:1,1
DA:2,1
DA:3,1
DA:4,1
DA:5,1
DA:6,1
DA:7,1
DA:8,1
DA:9,1
DA:10,1
DA:11,1
DA:12,1
DA:13,1
DA:14,1
DA:15,1
DA:16,1
DA:17,1
DA:18,6
DA:19,6
DA:20,6
DA:21,6
DA:22,6
DA:23,6
DA:24,6
DA:25,6
DA:26,1
DA:27,1
DA:28,5
DA:29,6
DA:30,1
DA:31,1
DA:32,4
DA:33,6
DA:34,1
DA:35,1
DA:36,3
DA:37,3
DA:38,3
DA:39,3
DA:40,6
DA:41,0
DA:42,0
DA:43,6
DA:44,0
DA:45,0
DA:46,3
DA:47,3
DA:48,3
DA:49,3
DA:50,3
DA:51,3
DA:52,3
DA:53,1
DA:54,1
DA:55,1
DA:56,1
DA:57,1
DA:58,1
DA:59,1
DA:60,1
DA:61,1
DA:62,0
DA:63,0
DA:64,1
DA:65,1
DA:66,0
DA:67,0
DA:68,1
DA:69,1
DA:70,1
DA:71,1
DA:72,0
DA:73,0
DA:74,1
DA:75,0
DA:76,0
DA:77,1
DA:78,1
DA:79,1
DA:80,1
DA:81,1
DA:82,1
DA:83,1
DA:84,1
DA:85,1
DA:86,1
DA:87,1
DA:88,1
DA:89,1
DA:90,1
DA:91,1
DA:92,1
DA:93,0
DA:94,0
DA:95,1
DA:96,1
DA:97,1
DA:98,1
DA:99,1
DA:100,1
DA:101,1
DA:102,1
DA:103,0
DA:104,0
DA:105,1
DA:106,1
DA:107,1
DA:108,0
DA:109,0
DA:110,1
DA:111,1
DA:112,1
DA:113,1
DA:114,1
DA:115,1
DA:116,0
DA:117,0
DA:118,0
DA:119,0
DA:120,0
DA:121,0
DA:122,0
DA:123,1
DA:124,0
DA:125,0
DA:126,1
DA:127,1
DA:128,0
DA:129,0
DA:130,1
DA:131,0
DA:132,0
DA:133,1
DA:134,1
DA:135,1
DA:136,1
DA:137,1
DA:138,1
DA:139,1
DA:140,1
DA:141,1
DA:142,1
DA:143,1
DA:144,1
DA:145,1
DA:146,1
DA:147,1
DA:148,1
DA:149,1
DA:150,1
DA:151,1
DA:152,0
DA:153,0
DA:154,1
DA:155,1
DA:156,1
DA:157,1
DA:158,0
DA:159,0
DA:160,1
DA:161,0
DA:162,0
DA:163,1
DA:164,0
DA:165,1
DA:166,1
DA:167,1
DA:168,1
DA:169,1
DA:170,1
DA:171,1
DA:172,1
DA:173,1
DA:174,1
DA:175,1
DA:176,1
DA:177,1
DA:178,1
DA:179,1
DA:180,1
DA:181,1
DA:182,1
DA:183,1
DA:184,1
DA:185,1
DA:186,1
DA:187,1
DA:188,1
DA:189,1
DA:190,0
DA:191,0
DA:192,1
DA:193,1
DA:194,3
DA:195,0
DA:196,0
DA:197,3
DA:198,3
DA:199,3
DA:200,3
DA:201,3
DA:202,3
DA:203,1
DA:204,1
DA:205,1
DA:206,1
DA:207,1
DA:208,3
DA:209,3
DA:210,3
DA:211,3
DA:212,3
DA:213,0
DA:214,0
DA:215,3
DA:216,3
DA:217,9
DA:218,0
DA:219,0
DA:220,9
DA:221,9
DA:222,9
DA:223,9
DA:224,9
DA:225,3
DA:226,3
DA:227,1
DA:228,1
DA:229,0
DA:230,0
DA:231,0
DA:232,0
DA:233,0
DA:234,0
DA:235,0
DA:236,0
DA:237,0
DA:238,0
DA:239,0
DA:240,0
DA:241,0
DA:242,0
DA:243,0
DA:244,0
DA:245,1
DA:246,1
DA:247,1
DA:248,1
DA:249,1
LF:249
LH:187
BRDA:17,0,0,6
BRDA:25,1,0,1
BRDA:28,2,0,5
BRDA:29,3,0,1
BRDA:32,4,0,4
BRDA:33,5,0,1
BRDA:36,6,0,3
BRDA:40,7,0,0
BRDA:43,8,0,3
BRDA:43,9,0,0
BRDA:46,10,0,3
BRDA:54,11,0,1
BRDA:61,12,0,0
BRDA:65,13,0,0
BRDA:71,14,0,0
BRDA:74,15,0,0
BRDA:85,16,0,1
BRDA:92,17,0,0
BRDA:102,18,0,0
BRDA:107,19,0,0
BRDA:116,20,0,0
BRDA:123,21,0,0
BRDA:127,22,0,0
BRDA:130,23,0,0
BRDA:100,24,0,3
BRDA:144,25,0,1
BRDA:151,26,0,0
BRDA:157,27,0,0
BRDA:160,28,0,0
BRDA:163,29,0,0
BRDA:180,30,0,1
BRDA:189,31,0,0
BRDA:193,32,0,3
BRDA:194,33,0,0
BRDA:207,34,0,3
BRDA:212,35,0,0
BRDA:216,36,0,9
BRDA:217,37,0,0
BRF:38
BRH:17
end_of_record
TN:
SF:src/components/config/argument.storage.ts
FN:18,ArgumentStorage
FNF:1
FNH:0
FNDA:0,ArgumentStorage
DA:1,1
DA:2,1
DA:3,1
DA:4,1
DA:5,1
DA:6,1
DA:7,1
DA:8,1
DA:9,1
DA:10,1
DA:11,1
DA:12,1
DA:13,1
DA:14,1
DA:15,1
DA:16,1
DA:17,1
DA:18,1
DA:19,0
DA:20,0
DA:21,0
DA:22,0
DA:23,0
DA:24,0
DA:25,0
DA:26,0
DA:27,0
DA:28,0
DA:29,0
DA:30,0
DA:31,0
DA:32,0
DA:33,0
DA:34,0
DA:35,0
DA:36,0
DA:37,1
DA:38,1
DA:39,1
DA:40,1
DA:41,1
LF:41
LH:23
BRF:0
BRH:0
end_of_record
TN:
SF:src/components/config/argument.ts
FN:58,Argument
FN:86,get name
FN:93,get value
FN:97,toString
FN:103,toJsonString
FN:107,toJSON
FN:117,toKeyValuePair
FN:121,toRecord
FN:127,toHashedIdentifier
FNF:9
FNH:9
FNDA:2,Argument
FNDA:1,get name
FNDA:1,get value
FNDA:2,toString
FNDA:1,toJsonString
FNDA:1,toJSON
FNDA:1,toKeyValuePair
FNDA:1,toRecord
FNDA:1,toHashedIdentifier
DA:1,1
DA:2,1
DA:3,1
DA:4,1
DA:5,1
DA:6,1
DA:7,1
DA:8,1
DA:9,1
DA:10,1
DA:11,1
DA:12,1
DA:13,1
DA:14,1
DA:15,1
DA:16,1
DA:17,1
DA:18,1
DA:19,1
DA:20,1
DA:21,1
DA:22,1
DA:23,1
DA:24,1
DA:25,1
DA:26,1
DA:27,1
DA:28,1
DA:29,1
DA:30,1
DA:31,1
DA:32,1
DA:33,1
DA:34,1
DA:35,1
DA:36,1
DA:37,1
DA:38,1
DA:39,1
DA:40,1
DA:41,1
DA:42,1
DA:43,1
DA:44,1
DA:45,1
DA:46,1
DA:47,1
DA:48,1
DA:49,1
DA:50,1
DA:51,1
DA:52,1
DA:53,1
DA:54,1
DA:55,1
DA:56,1
DA:57,1
DA:58,1
DA:59,2
DA:60,2
DA:61,2
DA:62,2
DA:63,2
DA:64,2
DA:65,2
DA:66,2
DA:67,2
DA:68,2
DA:69,0
DA:70,0
DA:71,2
DA:72,2
DA:73,2
DA:74,2
DA:75,2
DA:76,2
DA:77,2
DA:78,2
DA:79,2
DA:80,2
DA:81,2
DA:82,1
DA:83,1
DA:84,1
DA:85,1
DA:86,1
DA:87,1
DA:88,1
DA:89,1
DA:90,1
DA:91,1
DA:92,1
DA:93,1
DA:94,1
DA:95,1
DA:96,1
DA:97,1
DA:98,2
DA:99,2
DA:100,2
DA:101,2
DA:102,1
DA:103,1
DA:104,1
DA:105,1
DA:106,1
DA:107,1
DA:108,1
DA:109,1
DA:110,1
DA:111,1
DA:112,1
DA:113,1
DA:114,1
DA:115,1
DA:116,1
DA:117,1
DA:118,1
DA:119,1
DA:120,1
DA:121,1
DA:122,1
DA:123,1
DA:124,1
DA:125,1
DA:126,1
DA:127,1
DA:128,1
DA:129,1
DA:130,1
DA:131,1
DA:132,1
DA:133,1
DA:134,1
DA:135,1
DA:136,1
DA:137,1
DA:138,1
DA:139,1
LF:139
LH:137
BRDA:58,0,0,2
BRDA:68,1,0,0
BRDA:78,2,0,0
BRDA:86,3,0,1
BRDA:93,4,0,1
BRDA:97,5,0,2
BRDA:99,6,0,0
BRDA:103,7,0,1
BRDA:107,8,0,1
BRDA:117,9,0,1
BRDA:121,10,0,1
BRDA:127,11,0,1
BRF:12
BRH:9
end_of_record
TN:
SF:src/components/config/index.ts
FNF:0
FNH:0
DA:1,1
DA:2,1
DA:3,1
DA:4,1
DA:5,1
DA:6,1
DA:7,1
LF:7
LH:7
BRF:0
BRH:0
end_of_record
TN:
SF:src/components/config/parameter.factory.ts
FN:17,checkParameterEntry
FN:38,fromRecord
FN:58,create
FNF:3
FNH:2
FNDA:8,checkParameterEntry
FNDA:3,fromRecord
FNDA:0,create
DA:1,1
DA:2,1
DA:3,1
DA:4,1
DA:5,1
DA:6,1
DA:7,1
DA:8,1
DA:9,1
DA:10,1
DA:11,1
DA:12,1
DA:13,1
DA:14,1
DA:15,1
DA:16,1
DA:17,1
DA:18,8
DA:19,8
DA:20,8
DA:21,8
DA:22,8
DA:23,8
DA:24,2
DA:25,2
DA:26,6
DA:27,8
DA:28,2
DA:29,2
DA:30,4
DA:31,8
DA:32,1
DA:33,1
DA:34,4
DA:35,4
DA:36,4
DA:37,1
DA:38,1
DA:39,3
DA:40,3
DA:41,3
DA:42,3
DA:43,3
DA:44,3
DA:45,3
DA:46,3
DA:47,3
DA:48,3
DA:49,3
DA:50,3
DA:51,3
DA:52,3
DA:53,3
DA:54,3
DA:55,3
DA:56,3
DA:57,1
DA:58,1
DA:59,0
DA:60,0
DA:61,0
DA:62,0
DA:63,0
DA:64,0
DA:65,0
DA:66,0
DA:67,0
DA:68,0
DA:69,0
DA:70,0
DA:71,0
DA:72,0
DA:73,0
DA:74,0
DA:75,0
DA:76,0
DA:77,0
DA:78,0
DA:79,0
DA:80,0
DA:81,1
DA:82,1
DA:83,1
DA:84,1
DA:85,1
DA:86,1
LF:86
LH:64
BRDA:17,0,0,8
BRDA:23,1,0,2
BRDA:26,2,0,6
BRDA:27,3,0,2
BRDA:30,4,0,4
BRDA:31,5,0,1
BRDA:34,6,0,4
BRDA:38,7,0,3
BRF:8
BRH:8
end_of_record
TN:
SF:src/components/config/parameter.storage.ts
FN:27,ParameterStorage
FNF:1
FNH:1
FNDA:7,ParameterStorage
DA:1,1
DA:2,1
DA:3,1
DA:4,1
DA:5,1
DA:6,1
DA:7,1
DA:8,1
DA:9,1
DA:10,1
DA:11,1
DA:12,1
DA:13,1
DA:14,1
DA:15,1
DA:16,1
DA:17,1
DA:18,1
DA:19,1
DA:20,1
DA:21,1
DA:22,1
DA:23,1
DA:24,1
DA:25,1
DA:26,1
DA:27,1
DA:28,7
DA:29,7
DA:30,7
DA:31,7
DA:32,7
DA:33,7
DA:34,7
DA:35,7
DA:36,7
DA:37,7
DA:38,7
DA:39,7
DA:40,7
DA:41,7
DA:42,7
DA:43,7
DA:44,7
DA:45,7
DA:46,1
DA:47,1
DA:48,1
DA:49,1
DA:50,1
LF:50
LH:50
BRDA:27,0,0,7
BRF:1
BRH:1
end_of_record
TN:
SF:src/components/config/parameter.ts
FN:39,Parameter
FN:65,get name
FN:69,get description
FN:73,get default
FN:77,get required
FN:81,get optional
FN:85,toString
FN:89,toJSON
FN:93,toArgDefault
FNF:9
FNH:7
FNDA:11,Parameter
FNDA:2,get name
FNDA:2,get description
FNDA:2,get default
FNDA:2,get required
FNDA:2,get optional
FNDA:1,toString
FNDA:0,toJSON
FNDA:0,toArgDefault
DA:1,1
DA:2,1
DA:3,1
DA:4,1
DA:5,1
DA:6,1
DA:7,1
DA:8,1
DA:9,1
DA:10,1
DA:11,1
DA:12,1
DA:13,1
DA:14,1
DA:15,1
DA:16,1
DA:17,1
DA:18,1
DA:19,1
DA:20,1
DA:21,1
DA:22,1
DA:23,1
DA:24,1
DA:25,1
DA:26,1
DA:27,1
DA:28,1
DA:29,1
DA:30,1
DA:31,1
DA:32,1
DA:33,1
DA:34,1
DA:35,1
DA:36,1
DA:37,1
DA:38,1
DA:39,1
DA:40,11
DA:41,11
DA:42,11
DA:43,11
DA:44,11
DA:45,11
DA:46,11
DA:47,11
DA:48,0
DA:49,0
DA:50,11
DA:51,11
DA:52,11
DA:53,11
DA:54,11
DA:55,11
DA:56,11
DA:57,11
DA:58,11
DA:59,11
DA:60,11
DA:61,11
DA:62,11
DA:63,11
DA:64,1
DA:65,1
DA:66,2
DA:67,2
DA:68,1
DA:69,1
DA:70,2
DA:71,2
DA:72,1
DA:73,1
DA:74,2
DA:75,2
DA:76,1
DA:77,1
DA:78,2
DA:79,2
DA:80,1
DA:81,1
DA:82,2
DA:83,2
DA:84,1
DA:85,1
DA:86,1
DA:87,1
DA:88,1
DA:89,1
DA:90,0
DA:91,0
DA:92,1
DA:93,1
DA:94,0
DA:95,0
DA:96,0
DA:97,0
DA:98,0
DA:99,0
DA:100,0
DA:101,0
DA:102,0
DA:103,0
DA:104,1
DA:105,1
DA:106,1
DA:107,1
DA:108,1
DA:109,1
DA:110,1
LF:110
LH:96
BRDA:39,0,0,11
BRDA:47,1,0,0
BRDA:61,2,0,0
BRDA:65,3,0,2
BRDA:69,4,0,2
BRDA:73,5,0,2
BRDA:77,6,0,2
BRDA:81,7,0,2
BRDA:85,8,0,1
BRF:9
BRH:7
end_of_record
TN:
SF:src/components/config/properties.storage.ts
FN:22,Properties
FN:46,getArgument
FN:53,getParameter
FN:60,getDefaultFromParameter
FN:100,convertArgumentFromParameter
FN:120,get arguments
FN:124,get parameters
FN:128,get keysFromArgs
FN:132,get keysFromParams
FN:136,get requiredKeys
FN:149,get missingArgs
FN:162,get defaultParams
FN:178,getValue
FN:191,get values
FNF:14
FNH:1
FNDA:5,Properties
FNDA:0,getArgument
FNDA:0,getParameter
FNDA:0,getDefaultFromParameter
FNDA:0,convertArgumentFromParameter
FNDA:0,get arguments
FNDA:0,get parameters
FNDA:0,get keysFromArgs
FNDA:0,get keysFromParams
FNDA:0,get requiredKeys
FNDA:0,get missingArgs
FNDA:0,get defaultParams
FNDA:0,getValue
FNDA:0,get values
DA:1,1
DA:2,1
DA:3,1
DA:4,1
DA:5,1
DA:6,1
DA:7,1
DA:8,1
DA:9,1
DA:10,1
DA:11,1
DA:12,1
DA:13,1
DA:14,1
DA:15,1
DA:16,1
DA:17,1
DA:18,1
DA:19,1
DA:20,1
DA:21,1
DA:22,1
DA:23,5
DA:24,5
DA:25,5
DA:26,5
DA:27,5
DA:28,5
DA:29,5
DA:30,5
DA:31,5
DA:32,5
DA:33,5
DA:34,5
DA:35,5
DA:36,5
DA:37,5
DA:38,5
DA:39,5
DA:40,5
DA:41,5
DA:42,5
DA:43,5
DA:44,5
DA:45,1
DA:46,1
DA:47,0
DA:48,0
DA:49,0
DA:50,0
DA:51,0
DA:52,1
DA:53,1
DA:54,0
DA:55,0
DA:56,0
DA:57,0
DA:58,0
DA:59,1
DA:60,1
DA:61,0
DA:62,0
DA:63,0
DA:64,0
DA:65,0
DA:66,0
DA:67,0
DA:68,0
DA:69,0
DA:70,0
DA:71,0
DA:72,0
DA:73,0
DA:74,0
DA:75,0
DA:76,0
DA:77,0
DA:78,0
DA:79,0
DA:80,0
DA:81,0
DA:82,0
DA:83,0
DA:84,0
DA:85,0
DA:86,0
DA:87,0
DA:88,0
DA:89,0
DA:90,0
DA:91,0
DA:92,0
DA:93,0
DA:94,0
DA:95,0
DA:96,0
DA:97,0
DA:98,0
DA:99,1
DA:100,1
DA:101,0
DA:102,0
DA:103,0
DA:104,0
DA:105,0
DA:106,0
DA:107,0
DA:108,0
DA:109,0
DA:110,0
DA:111,0
DA:112,0
DA:113,0
DA:114,0
DA:115,0
DA:116,0
DA:117,0
DA:118,0
DA:119,1
DA:120,1
DA:121,0
DA:122,0
DA:123,1
DA:124,1
DA:125,0
DA:126,0
DA:127,1
DA:128,1
DA:129,0
DA:130,0
DA:131,1
DA:132,1
DA:133,0
DA:134,0
DA:135,1
DA:136,1
DA:137,0
DA:138,0
DA:139,0
DA:140,0
DA:141,0
DA:142,0
DA:143,0
DA:144,0
DA:145,0
DA:146,0
DA:147,0
DA:148,1
DA:149,1
DA:150,0
DA:151,0
DA:152,0
DA:153,0
DA:154,0
DA:155,0
DA:156,0
DA:157,0
DA:158,0
DA:159,0
DA:160,0
DA:161,1
DA:162,1
DA:163,0
DA:164,0
DA:165,0
DA:166,0
DA:167,0
DA:168,0
DA:169,0
DA:170,0
DA:171,0
DA:172,0
DA:173,0
DA:174,0
DA:175,0
DA:176,0
DA:177,1
DA:178,1
DA:179,0
DA:180,0
DA:181,0
DA:182,0
DA:183,0
DA:184,0
DA:185,0
DA:186,0
DA:187,0
DA:188,0
DA:189,0
DA:190,1
DA:191,1
DA:192,0
DA:193,0
DA:194,0
DA:195,0
DA:196,0
DA:197,0
DA:198,0
DA:199,0
DA:200,0
DA:201,0
DA:202,0
DA:203,0
DA:204,0
DA:205,0
DA:206,0
DA:207,0
DA:208,0
DA:209,0
DA:210,0
DA:211,0
DA:212,0
DA:213,0
DA:214,0
DA:215,0
DA:216,0
DA:217,0
DA:218,0
DA:219,0
DA:220,0
DA:221,1
DA:222,1
DA:223,1
DA:224,1
DA:225,1
DA:226,1
LF:226
LH:76
BRDA:22,0,0,5
BRF:1
BRH:1
end_of_record
TN:
SF:src/templates/v0/index.ts
FNF:0
FNH:0
DA:1,1
DA:2,1
LF:2
LH:2
BRF:0
BRH:0
end_of_record
TN:
SF:src/templates/v0/base/configuration.ts
FNF:0
FNH:0
DA:1,1
DA:2,1
DA:3,1
DA:4,1
DA:5,1
DA:6,1
DA:7,1
DA:8,1
DA:9,1
DA:10,1
DA:11,1
DA:12,1
DA:13,1
DA:14,1
DA:15,1
DA:16,1
DA:17,1
DA:18,1
DA:19,1
DA:20,1
DA:21,1
DA:22,1
DA:23,1
DA:24,1
DA:25,1
DA:26,1
DA:27,1
DA:28,1
DA:29,1
DA:30,1
DA:31,1
DA:32,1
DA:33,1
DA:34,1
DA:35,1
DA:36,1
DA:37,1
DA:38,1
DA:39,1
DA:40,1
DA:41,1
DA:42,1
DA:43,1
DA:44,1
DA:45,1
DA:46,1
DA:47,1
DA:48,1
DA:49,1
DA:50,1
DA:51,1
DA:52,1
DA:53,1
DA:54,1
DA:55,1
DA:56,1
DA:57,1
DA:58,1
DA:59,1
DA:60,1
DA:61,1
DA:62,1
DA:63,1
DA:64,1
DA:65,1
DA:66,1
DA:67,1
DA:68,1
DA:69,1
DA:70,1
DA:71,1
DA:72,1
DA:73,1
DA:74,1
DA:75,1
DA:76,1
DA:77,1
DA:78,1
DA:79,1
DA:80,1
DA:81,1
DA:82,1
DA:83,1
DA:84,1
DA:85,1
DA:86,1
DA:87,1
DA:88,1
DA:89,1
DA:90,1
DA:91,1
DA:92,1
DA:93,1
DA:94,1
DA:95,1
DA:96,1
DA:97,1
DA:98,1
DA:99,1
DA:100,1
DA:101,1
DA:102,1
DA:103,1
DA:104,1
DA:105,1
DA:106,1
DA:107,1
DA:108,1
DA:109,1
DA:110,1
DA:111,1
DA:112,1
DA:113,1
DA:114,1
DA:115,1
DA:116,1
DA:117,1
DA:118,1
DA:119,1
DA:120,1
DA:121,1
DA:122,1
DA:123,1
DA:124,1
DA:125,1
DA:126,1
DA:127,1
DA:128,1
DA:129,1
DA:130,1
DA:131,1
DA:132,1
DA:133,1
DA:134,1
DA:135,1
DA:136,1
DA:137,1
DA:138,1
DA:139,1
DA:140,1
DA:141,1
DA:142,1
DA:143,1
DA:144,1
DA:145,1
LF:145
LH:145
BRF:0
BRH:0
end_of_record
TN:
SF:src/templates/v0/base/factory.ts
FNF:0
FNH:0
DA:1,1
DA:2,1
DA:3,1
DA:4,1
DA:5,1
DA:6,1
DA:7,1
DA:8,1
DA:9,1
DA:10,1
DA:11,1
DA:12,1
DA:13,1
DA:14,1
DA:15,1
DA:16,1
DA:17,1
DA:18,1
DA:19,1
DA:20,1
DA:21,1
DA:22,1
DA:23,1
DA:24,1
LF:24
LH:24
BRF:0
BRH:0
end_of_record
TN:
SF:src/templates/v0/base/identifier.ts
FNF:0
FNH:0
DA:1,1
DA:2,1
DA:3,1
DA:4,1
DA:5,1
DA:6,1
DA:7,1
DA:8,1
DA:9,1
DA:10,1
DA:11,1
DA:12,1
DA:13,1
DA:14,1
DA:15,1
DA:16,1
DA:17,1
DA:18,1
DA:19,1
DA:20,1
DA:21,1
DA:22,1
DA:23,1
DA:24,1
DA:25,1
DA:26,1
DA:27,1
DA:28,1
DA:29,1
DA:30,1
DA:31,1
DA:32,1
DA:33,1
DA:34,1
DA:35,1
DA:36,1
DA:37,1
DA:38,1
DA:39,1
DA:40,1
DA:41,1
DA:42,1
DA:43,1
DA:44,1
DA:45,1
DA:46,1
DA:47,1
DA:48,1
DA:49,1
DA:50,1
DA:51,1
DA:52,1
DA:53,1
DA:54,1
DA:55,1
DA:56,1
DA:57,1
DA:58,1
DA:59,1
DA:60,1
DA:61,1
DA:62,1
DA:63,1
DA:64,1
DA:65,1
DA:66,1
DA:67,1
DA:68,1
DA:69,1
DA:70,1
DA:71,1
DA:72,1
DA:73,1
DA:74,1
DA:75,1
DA:76,1
DA:77,1
DA:78,1
DA:79,1
DA:80,1
DA:81,1
DA:82,1
DA:83,1
DA:84,1
DA:85,1
DA:86,1
DA:87,1
DA:88,1
DA:89,1
DA:90,1
DA:91,1
DA:92,1
DA:93,1
DA:94,1
DA:95,1
DA:96,1
DA:97,1
DA:98,1
DA:99,1
DA:100,1
DA:101,1
DA:102,1
DA:103,1
DA:104,1
DA:105,1
DA:106,1
DA:107,1
DA:108,1
DA:109,1
DA:110,1
DA:111,1
DA:112,1
DA:113,1
DA:114,1
DA:115,1
DA:116,1
DA:117,1
DA:118,1
DA:119,1
DA:120,1
DA:121,1
DA:122,1
DA:123,1
DA:124,1
DA:125,1
DA:126,1
DA:127,1
DA:128,1
DA:129,1
DA:130,1
DA:131,1
DA:132,1
DA:133,1
DA:134,1
DA:135,1
DA:136,1
DA:137,1
DA:138,1
DA:139,1
DA:140,1
DA:141,1
DA:142,1
DA:143,1
DA:144,1
DA:145,1
DA:146,1
DA:147,1
DA:148,1
DA:149,1
DA:150,1
DA:151,1
DA:152,1
DA:153,1
DA:154,1
DA:155,1
DA:156,1
DA:157,1
DA:158,1
DA:159,1
DA:160,1
DA:161,1
DA:162,1
DA:163,1
DA:164,1
DA:165,1
DA:166,1
DA:167,1
DA:168,1
DA:169,1
DA:170,1
DA:171,1
DA:172,1
DA:173,1
LF:173
LH:173
BRDA:13,0,0,1
BRF:1
BRH:1
end_of_record
TN:
SF:src/templates/v0/base/index.ts
FNF:0
FNH:0
DA:1,1
DA:2,1
DA:3,1
DA:4,1
DA:5,1
DA:6,1
DA:7,1
DA:8,1
DA:9,1
LF:9
LH:9
BRF:0
BRH:0
end_of_record
TN:
SF:src/templates/v0/base/message.ts
FNF:0
FNH:0
DA:1,1
DA:2,1
DA:3,1
DA:4,1
DA:5,1
DA:6,1
DA:7,1
DA:8,1
DA:9,1
DA:10,1
DA:11,1
DA:12,1
DA:13,1
DA:14,1
DA:15,1
DA:16,1
DA:17,1
DA:18,1
DA:19,1
DA:20,1
DA:21,1
DA:22,1
DA:23,1
DA:24,1
DA:25,1
DA:26,1
DA:27,1
DA:28,1
DA:29,1
DA:30,1
DA:31,1
DA:32,1
DA:33,1
DA:34,1
DA:35,1
DA:36,1
DA:37,1
DA:38,1
DA:39,1
DA:40,1
DA:41,1
DA:42,1
DA:43,1
DA:44,1
DA:45,1
DA:46,1
DA:47,1
DA:48,1
DA:49,1
DA:50,1
DA:51,1
DA:52,1
DA:53,1
DA:54,1
DA:55,1
DA:56,1
DA:57,1
DA:58,1
DA:59,1
DA:60,1
DA:61,1
DA:62,1
DA:63,1
DA:64,1
DA:65,1
DA:66,1
DA:67,1
DA:68,1
DA:69,1
DA:70,1
DA:71,1
DA:72,1
DA:73,1
DA:74,1
DA:75,1
DA:76,1
DA:77,1
DA:78,1
DA:79,1
DA:80,1
DA:81,1
DA:82,1
DA:83,1
DA:84,1
DA:85,1
DA:86,1
DA:87,1
DA:88,1
DA:89,1
DA:90,1
DA:91,1
DA:92,1
DA:93,1
DA:94,1
DA:95,1
DA:96,1
DA:97,1
DA:98,1
DA:99,1
DA:100,1
DA:101,1
DA:102,1
DA:103,1
DA:104,1
DA:105,1
DA:106,1
DA:107,1
DA:108,1
DA:109,1
DA:110,1
DA:111,1
DA:112,1
DA:113,1
DA:114,1
DA:115,1
DA:116,1
DA:117,1
DA:118,1
DA:119,1
DA:120,1
DA:121,1
DA:122,1
DA:123,1
DA:124,1
DA:125,1
DA:126,1
DA:127,1
DA:128,1
DA:129,1
DA:130,1
DA:131,1
DA:132,1
DA:133,1
DA:134,1
DA:135,1
DA:136,1
DA:137,1
DA:138,1
DA:139,1
DA:140,1
DA:141,1
DA:142,1
DA:143,1
DA:144,1
DA:145,1
DA:146,1
DA:147,1
DA:148,1
DA:149,1
DA:150,1
DA:151,1
DA:152,1
DA:153,1
DA:154,1
DA:155,1
DA:156,1
DA:157,1
DA:158,1
DA:159,1
DA:160,1
DA:161,1
DA:162,1
DA:163,1
DA:164,1
DA:165,1
DA:166,1
DA:167,1
DA:168,1
DA:169,1
DA:170,1
DA:171,1
DA:172,1
DA:173,1
DA:174,1
DA:175,1
DA:176,1
DA:177,1
DA:178,1
DA:179,1
DA:180,1
DA:181,1
DA:182,1
DA:183,1
DA:184,1
DA:185,1
DA:186,1
DA:187,1
DA:188,1
DA:189,1
DA:190,1
DA:191,1
DA:192,1
DA:193,1
DA:194,1
DA:195,1
DA:196,1
DA:197,1
DA:198,1
DA:199,1
DA:200,1
DA:201,1
DA:202,1
DA:203,1
DA:204,1
DA:205,1
DA:206,1
DA:207,1
DA:208,1
DA:209,1
DA:210,1
DA:211,1
DA:212,1
DA:213,1
DA:214,1
DA:215,1
DA:216,1
DA:217,1
DA:218,1
DA:219,1
DA:220,1
DA:221,1
DA:222,1
DA:223,1
DA:224,1
DA:225,1
DA:226,1
DA:227,1
DA:228,1
DA:229,1
DA:230,1
DA:231,1
DA:232,1
DA:233,1
DA:234,1
LF:234
LH:234
BRDA:7,0,0,1
BRDA:45,1,0,1
BRDA:60,2,0,1
BRDA:80,3,0,1
BRDA:99,4,0,1
BRDA:138,5,0,1
BRF:6
BRH:6
end_of_record
TN:
SF:src/templates/v0/base/metadata.ts
FNF:0
FNH:0
DA:1,1
DA:2,1
DA:3,1
DA:4,1
DA:5,1
DA:6,1
DA:7,1
DA:8,1
DA:9,1
DA:10,1
DA:11,1
DA:12,1
DA:13,1
DA:14,1
DA:15,1
DA:16,1
DA:17,1
DA:18,1
DA:19,1
DA:20,1
DA:21,1
DA:22,1
DA:23,1
DA:24,1
DA:25,1
DA:26,1
DA:27,1
DA:28,1
DA:29,1
DA:30,1
DA:31,1
DA:32,1
DA:33,1
DA:34,1
DA:35,1
DA:36,1
DA:37,1
DA:38,1
DA:39,1
DA:40,1
DA:41,1
DA:42,1
DA:43,1
DA:44,1
DA:45,1
DA:46,1
DA:47,1
DA:48,1
DA:49,1
DA:50,1
DA:51,1
DA:52,1
DA:53,1
DA:54,1
DA:55,1
DA:56,1
DA:57,1
DA:58,1
DA:59,1
DA:60,1
DA:61,1
DA:62,1
DA:63,1
DA:64,1
DA:65,1
DA:66,1
DA:67,1
DA:68,1
DA:69,1
DA:70,1
DA:71,1
DA:72,1
DA:73,1
DA:74,1
DA:75,1
LF:75
LH:75
BRF:0
BRH:0
end_of_record
TN:
SF:src/templates/v0/base/object.ts
FNF:0
FNH:0
DA:1,1
DA:2,1
DA:3,1
DA:4,1
DA:5,1
DA:6,1
DA:7,1
DA:8,1
DA:9,1
DA:10,1
DA:11,1
DA:12,1
DA:13,1
DA:14,1
DA:15,1
DA:16,1
DA:17,1
DA:18,1
DA:19,1
DA:20,1
DA:21,1
DA:22,1
DA:23,1
DA:24,1
DA:25,1
DA:26,1
DA:27,1
DA:28,1
DA:29,1
DA:30,1
DA:31,1
DA:32,1
DA:33,1
DA:34,1
DA:35,1
DA:36,1
DA:37,1
DA:38,1
DA:39,1
DA:40,1
DA:41,1
DA:42,1
DA:43,1
DA:44,1
DA:45,1
DA:46,1
DA:47,1
DA:48,1
DA:49,1
DA:50,1
DA:51,1
DA:52,1
DA:53,1
DA:54,1
DA:55,1
DA:56,1
DA:57,1
DA:58,1
DA:59,1
DA:60,1
DA:61,1
DA:62,1
DA:63,1
DA:64,1
DA:65,1
DA:66,1
DA:67,1
DA:68,1
LF:68
LH:68
BRDA:16,0,0,1
BRF:1
BRH:1
end_of_record
TN:
SF:src/templates/v0/base/storage.ts
FNF:0
FNH:0
DA:1,1
DA:2,1
DA:3,1
DA:4,1
DA:5,1
DA:6,1
DA:7,1
DA:8,1
DA:9,1
DA:10,1
DA:11,1
DA:12,1
DA:13,1
DA:14,1
DA:15,1
DA:16,1
DA:17,1
DA:18,1
DA:19,1
DA:20,1
DA:21,1
DA:22,1
DA:23,1
DA:24,1
DA:25,1
DA:26,1
DA:27,1
DA:28,1
DA:29,1
DA:30,1
DA:31,1
DA:32,1
DA:33,1
DA:34,1
DA:35,1
DA:36,1
DA:37,1
DA:38,1
DA:39,1
DA:40,1
DA:41,1
DA:42,1
DA:43,1
DA:44,1
DA:45,1
DA:46,1
DA:47,1
DA:48,1
DA:49,1
DA:50,1
DA:51,1
DA:52,1
DA:53,1
DA:54,1
DA:55,1
DA:56,1
DA:57,1
DA:58,1
DA:59,1
DA:60,1
DA:61,1
DA:62,1
DA:63,1
DA:64,1
DA:65,1
DA:66,1
DA:67,1
DA:68,1
DA:69,1
DA:70,1
DA:71,1
DA:72,1
DA:73,1
DA:74,1
DA:75,1
DA:76,1
DA:77,1
DA:78,1
DA:79,1
LF:79
LH:79
BRDA:26,0,0,1
BRF:1
BRH:1
end_of_record
TN:
SF:src/templates/v0/base/timestamps.ts
FNF:0
FNH:0
DA:1,1
DA:2,1
DA:3,1
DA:4,1
DA:5,1
DA:6,1
DA:7,1
DA:8,1
DA:9,1
DA:10,1
DA:11,1
DA:12,1
DA:13,1
DA:14,1
DA:15,1
DA:16,1
DA:17,1
DA:18,1
DA:19,1
DA:20,1
DA:21,1
DA:22,1
DA:23,1
DA:24,1
DA:25,1
DA:26,1
DA:27,1
DA:28,1
DA:29,1
DA:30,1
DA:31,1
DA:32,1
DA:33,1
DA:34,1
DA:35,1
DA:36,1
DA:37,1
DA:38,1
DA:39,1
DA:40,1
DA:41,1
DA:42,1
DA:43,1
DA:44,1
DA:45,1
DA:46,1
DA:47,1
DA:48,1
DA:49,1
DA:50,1
DA:51,1
DA:52,1
DA:53,1
DA:54,1
DA:55,1
DA:56,1
DA:57,1
DA:58,1
DA:59,1
DA:60,1
DA:61,1
DA:62,1
DA:63,1
DA:64,1
DA:65,1
DA:66,1
DA:67,1
DA:68,1
DA:69,1
DA:70,1
DA:71,1
DA:72,1
DA:73,1
DA:74,1
DA:75,1
DA:76,1
DA:77,1
DA:78,1
DA:79,1
DA:80,1
DA:81,1
DA:82,1
DA:83,1
DA:84,1
DA:85,1
DA:86,1
DA:87,1
DA:88,1
DA:89,1
DA:90,1
DA:91,1
DA:92,1
DA:93,1
DA:94,1
DA:95,1
DA:96,1
DA:97,1
DA:98,1
DA:99,1
DA:100,1
DA:101,1
DA:102,1
DA:103,1
DA:104,1
DA:105,1
DA:106,1
LF:106
LH:106
BRDA:8,0,0,1
BRDA:57,1,0,1
BRF:2
BRH:2
end_of_record
TN:
SF:src/templates/v0/base/value.ts
FNF:0
FNH:0
DA:1,1
DA:2,1
DA:3,1
DA:4,1
DA:5,1
DA:6,1
DA:7,1
DA:8,1
DA:9,1
DA:10,1
DA:11,1
DA:12,1
DA:13,1
DA:14,1
DA:15,1
DA:16,1
DA:17,1
DA:18,1
DA:19,1
DA:20,1
DA:21,1
DA:22,1
DA:23,1
DA:24,1
DA:25,1
DA:26,1
DA:27,1
DA:28,1
DA:29,1
DA:30,1
DA:31,1
DA:32,1
DA:33,1
DA:34,1
DA:35,1
DA:36,1
DA:37,1
DA:38,1
DA:39,1
DA:40,1
DA:41,1
DA:42,1
DA:43,1
DA:44,1
DA:45,1
DA:46,1
DA:47,1
DA:48,1
DA:49,1
DA:50,1
DA:51,1
DA:52,1
DA:53,1
DA:54,1
DA:55,1
DA:56,1
DA:57,1
DA:58,1
DA:59,1
DA:60,1
DA:61,1
DA:62,1
DA:63,1
DA:64,1
LF:64
LH:64
BRF:0
BRH:0
end_of_record
TN:
SF:src/utilities/checks.ts
FN:3,isEmpty
FNF:1
FNH:1
FNDA:31,isEmpty
DA:1,1
DA:2,1
DA:3,1
DA:4,31
DA:5,31
DA:6,31
DA:7,31
DA:8,31
DA:9,31
DA:10,1
DA:11,1
DA:12,1
DA:13,1
DA:14,1
LF:14
LH:14
BRDA:3,0,0,31
BRDA:6,1,0,30
BRDA:7,2,0,29
BRDA:8,3,0,29
BRDA:8,4,0,0
BRF:5
BRH:4
end_of_record
TN:
SF:src/utilities/date.ts
FN:25,generateISODateString
FN:42,generateRFCDateString
FN:57,generateUnixTimestampNumber
FN:73,generateLocaleDateString
FN:80,generateDateFromUnixTimestamp
FN:87,generateDateFromISODateString
FN:98,generateDateFromRFCDateString
FN:110,generateDateFromLocaleDateString
FN:123,addYears
FN:135,addMonths
FN:147,addWeeks
FN:159,addDays
FN:171,addHours
FN:183,addMinutes
FN:195,addSeconds
FN:207,addMilliseconds
FN:226,addTime
FN:247,subtractYears
FN:259,subtractMonths
FN:271,subtractWeeks
FN:283,subtractDays
FN:295,subtractHours
FN:307,subtractMinutes
FN:319,subtractSeconds
FN:331,subtractMilliseconds
FN:343,subtractTime
FNF:26
FNH:26
FNDA:1,generateISODateString
FNDA:1,generateRFCDateString
FNDA:1,generateUnixTimestampNumber
FNDA:1,generateLocaleDateString
FNDA:2,generateDateFromUnixTimestamp
FNDA:3,generateDateFromISODateString
FNDA:3,generateDateFromRFCDateString
FNDA:3,generateDateFromLocaleDateString
FNDA:1,addYears
FNDA:1,addMonths
FNDA:1,addWeeks
FNDA:1,addDays
FNDA:1,addHours
FNDA:1,addMinutes
FNDA:1,addSeconds
FNDA:2,addMilliseconds
FNDA:9,addTime
FNDA:1,subtractYears
FNDA:1,subtractMonths
FNDA:1,subtractWeeks
FNDA:1,subtractDays
FNDA:1,subtractHours
FNDA:1,subtractMinutes
FNDA:1,subtractSeconds
FNDA:2,subtractMilliseconds
FNDA:9,subtractTime
DA:1,1
DA:2,1
DA:3,1
DA:4,1
DA:5,1
DA:6,1
DA:7,1
DA:8,1
DA:9,1
DA:10,1
DA:11,1
DA:12,1
DA:13,1
DA:14,1
DA:15,1
DA:16,1
DA:17,1
DA:18,1
DA:19,1
DA:20,1
DA:21,1
DA:22,1
DA:23,1
DA:24,1
DA:25,1
DA:26,1
DA:27,1
DA:28,1
DA:29,1
DA:30,1
DA:31,1
DA:32,1
DA:33,1
DA:34,1
DA:35,1
DA:36,1
DA:37,1
DA:38,1
DA:39,1
DA:40,1
DA:41,1
DA:42,1
DA:43,1
DA:44,1
DA:45,1
DA:46,1
DA:47,1
DA:48,1
DA:49,1
DA:50,1
DA:51,1
DA:52,1
DA:53,1
DA:54,1
DA:55,1
DA:56,1
DA:57,1
DA:58,1
DA:59,1
DA:60,1
DA:61,1
DA:62,1
DA:63,1
DA:64,1
DA:65,1
DA:66,1
DA:67,1
DA:68,1
DA:69,1
DA:70,1
DA:71,1
DA:72,1
DA:73,1
DA:74,1
DA:75,1
DA:76,1
DA:77,1
DA:78,1
DA:79,1
DA:80,1
DA:81,2
DA:82,2
DA:83,1
DA:84,1
DA:85,1
DA:86,1
DA:87,1
DA:88,3
DA:89,1
DA:90,1
DA:91,2
DA:92,2
DA:93,2
DA:94,1
DA:95,1
DA:96,1
DA:97,1
DA:98,1
DA:99,3
DA:100,1
DA:101,1
DA:102,2
DA:103,2
DA:104,1
DA:105,1
DA:106,1
DA:107,1
DA:108,1
DA:109,1
DA:110,1
DA:111,3
DA:112,1
DA:113,1
DA:114,2
DA:115,2
DA:116,1
DA:117,1
DA:118,1
DA:119,1
DA:120,1
DA:121,1
DA:122,1
DA:123,1
DA:124,1
DA:125,1
DA:126,1
DA:127,1
DA:128,1
DA:129,1
DA:130,1
DA:131,1
DA:132,1
DA:133,1
DA:134,1
DA:135,1
DA:136,1
DA:137,1
DA:138,1
DA:139,1
DA:140,1
DA:141,1
DA:142,1
DA:143,1
DA:144,1
DA:145,1
DA:146,1
DA:147,1
DA:148,1
DA:149,1
DA:150,1
DA:151,1
DA:152,1
DA:153,1
DA:154,1
DA:155,1
DA:156,1
DA:157,1
DA:158,1
DA:159,1
DA:160,1
DA:161,1
DA:162,1
DA:163,1
DA:164,1
DA:165,1
DA:166,1
DA:167,1
DA:168,1
DA:169,1
DA:170,1
DA:171,1
DA:172,1
DA:173,1
DA:174,1
DA:175,1
DA:176,1
DA:177,1
DA:178,1
DA:179,1
DA:180,1
DA:181,1
DA:182,1
DA:183,1
DA:184,1
DA:185,1
DA:186,1
DA:187,1
DA:188,1
DA:189,1
DA:190,1
DA:191,1
DA:192,1
DA:193,1
DA:194,1
DA:195,1
DA:196,1
DA:197,1
DA:198,1
DA:199,1
DA:200,1
DA:201,1
DA:202,1
DA:203,1
DA:204,1
DA:205,1
DA:206,1
DA:207,1
DA:208,2
DA:209,2
DA:210,2
DA:211,2
DA:212,1
DA:213,1
DA:214,1
DA:215,1
DA:216,1
DA:217,1
DA:218,1
DA:219,1
DA:220,1
DA:221,1
DA:222,1
DA:223,1
DA:224,1
DA:225,1
DA:226,1
DA:227,9
DA:228,9
DA:229,9
DA:230,9
DA:231,9
DA:232,9
DA:233,9
DA:234,9
DA:235,9
DA:236,9
DA:237,9
DA:238,9
DA:239,9
DA:240,1
DA:241,1
DA:242,1
DA:243,1
DA:244,1
DA:245,1
DA:246,1
DA:247,1
DA:248,1
DA:249,1
DA:250,1
DA:251,1
DA:252,1
DA:253,1
DA:254,1
DA:255,1
DA:256,1
DA:257,1
DA:258,1
DA:259,1
DA:260,1
DA:261,1
DA:262,1
DA:263,1
DA:264,1
DA:265,1
DA:266,1
DA:267,1
DA:268,1
DA:269,1
DA:270,1
DA:271,1
DA:272,1
DA:273,1
DA:274,1
DA:275,1
DA:276,1
DA:277,1
DA:278,1
DA:279,1
DA:280,1
DA:281,1
DA:282,1
DA:283,1
DA:284,1
DA:285,1
DA:286,1
DA:287,1
DA:288,1
DA:289,1
DA:290,1
DA:291,1
DA:292,1
DA:293,1
DA:294,1
DA:295,1
DA:296,1
DA:297,1
DA:298,1
DA:299,1
DA:300,1
DA:301,1
DA:302,1
DA:303,1
DA:304,1
DA:305,1
DA:306,1
DA:307,1
DA:308,1
DA:309,1
DA:310,1
DA:311,1
DA:312,1
DA:313,1
DA:314,1
DA:315,1
DA:316,1
DA:317,1
DA:318,1
DA:319,1
DA:320,1
DA:321,1
DA:322,1
DA:323,1
DA:324,1
DA:325,1
DA:326,1
DA:327,1
DA:328,1
DA:329,1
DA:330,1
DA:331,1
DA:332,2
DA:333,2
DA:334,2
DA:335,2
DA:336,1
DA:337,1
DA:338,1
DA:339,1
DA:340,1
DA:341,1
DA:342,1
DA:343,1
DA:344,9
DA:345,9
DA:346,9
DA:347,9
DA:348,9
DA:349,9
DA:350,9
DA:351,9
DA:352,9
DA:353,9
DA:354,9
DA:355,9
DA:356,9
DA:357,1
DA:358,1
DA:359,1
DA:360,1
DA:361,1
DA:362,1
LF:362
LH:362
BRDA:25,0,0,1
BRDA:42,1,0,1
BRDA:57,2,0,1
BRDA:73,3,0,1
BRDA:80,4,0,2
BRDA:87,5,0,3
BRDA:88,6,0,1
BRDA:91,7,0,2
BRDA:98,8,0,3
BRDA:99,9,0,1
BRDA:102,10,0,2
BRDA:110,11,0,3
BRDA:111,12,0,1
BRDA:114,13,0,2
BRDA:123,14,0,1
BRDA:135,15,0,1
BRDA:147,16,0,1
BRDA:159,17,0,1
BRDA:171,18,0,1
BRDA:183,19,0,1
BRDA:195,20,0,1
BRDA:207,21,0,2
BRDA:226,22,0,9
BRDA:230,23,0,2
BRDA:230,24,0,7
BRDA:231,25,0,2
BRDA:231,26,0,7
BRDA:232,27,0,2
BRDA:232,28,0,7
BRDA:232,29,0,2
BRDA:232,30,0,7
BRDA:233,31,0,2
BRDA:233,32,0,7
BRDA:234,33,0,2
BRDA:234,34,0,7
BRDA:235,35,0,2
BRDA:235,36,0,7
BRDA:236,37,0,2
BRDA:236,38,0,7
BRDA:247,39,0,1
BRDA:259,40,0,1
BRDA:271,41,0,1
BRDA:283,42,0,1
BRDA:295,43,0,1
BRDA:307,44,0,1
BRDA:319,45,0,1
BRDA:331,46,0,2
BRDA:343,47,0,9
BRDA:347,48,0,2
BRDA:347,49,0,7
BRDA:348,50,0,2
BRDA:348,51,0,7
BRDA:349,52,0,2
BRDA:349,53,0,7
BRDA:349,54,0,2
BRDA:349,55,0,7
BRDA:350,56,0,2
BRDA:350,57,0,7
BRDA:351,58,0,2
BRDA:351,59,0,7
BRDA:352,60,0,2
BRDA:352,61,0,7
BRDA:353,62,0,2
BRDA:353,63,0,7
BRF:64
BRH:64
end_of_record
TN:
SF:src/utilities/freezer.ts
FN:2,deepFreeze
FNF:1
FNH:1
FNDA:45,deepFreeze
DA:1,1
DA:2,1
DA:3,45
DA:4,45
DA:5,45
DA:6,91
DA:7,91
DA:8,30
DA:9,30
DA:10,45
DA:11,45
DA:12,45
DA:13,45
DA:14,1
DA:15,1
DA:16,1
DA:17,1
DA:18,1
LF:18
LH:18
BRDA:2,0,0,45
BRDA:5,1,0,91
BRDA:7,2,0,81
BRDA:7,3,0,30
BRDA:7,4,0,30
BRF:5
BRH:5
end_of_record
TN:
SF:src/utilities/identifier.ts
FN:11,create
FN:66,checkIdentityFormat
FN:83,generateUUIDv4
FN:100,generateRandomString
FN:104,generateISOTimestamp
FN:108,formatIdentifier
FN:112,checkForUUID
FNF:7
FNH:4
FNDA:4,create
FNDA:1,checkIdentityFormat
FNDA:1,generateUUIDv4
FNDA:2,generateRandomString
FNDA:0,generateISOTimestamp
FNDA:0,formatIdentifier
FNDA:0,checkForUUID
DA:1,1
DA:2,1
DA:3,1
DA:4,1
DA:5,1
DA:6,1
DA:7,1
DA:8,1
DA:9,1
DA:10,1
DA:11,1
DA:12,4
DA:13,4
DA:14,4
DA:15,4
DA:16,4
DA:17,4
DA:18,4
DA:19,4
DA:20,4
DA:21,4
DA:22,4
DA:23,4
DA:24,4
DA:25,4
DA:26,4
DA:27,4
DA:28,4
DA:29,4
DA:30,4
DA:31,4
DA:32,4
DA:33,4
DA:34,4
DA:35,4
DA:36,4
DA:37,4
DA:38,4
DA:39,4
DA:40,1
DA:41,1
DA:42,4
DA:43,3
DA:44,3
DA:45,1
DA:46,1
DA:47,3
DA:48,3
DA:49,4
DA:50,3
DA:51,3
DA:52,3
DA:53,4
DA:54,2
DA:55,2
DA:56,2
DA:57,2
DA:58,2
DA:59,1
DA:60,1
DA:61,1
DA:62,1
DA:63,1
DA:64,1
DA:65,1
DA:66,1
DA:67,1
DA:68,1
DA:69,1
DA:70,1
DA:71,1
DA:72,0
DA:73,0
DA:74,0
DA:75,0
DA:76,0
DA:77,1
DA:78,1
DA:79,1
DA:80,1
DA:81,1
DA:82,1
DA:83,1
DA:84,1
DA:85,1
DA:86,31
DA:87,31
DA:88,1
DA:89,1
DA:90,1
DA:91,1
DA:92,1
DA:93,0
DA:94,0
DA:95,1
DA:96,1
DA:97,1
DA:98,1
DA:99,1
DA:100,1
DA:101,2
DA:102,2
DA:103,1
DA:104,1
DA:105,0
DA:106,0
DA:107,1
DA:108,1
DA:109,0
DA:110,0
DA:111,1
DA:112,1
DA:113,0
DA:114,0
DA:115,1
DA:116,1
DA:117,1
DA:118,1
DA:119,1
LF:119
LH:106
BRDA:11,0,0,4
BRDA:33,1,0,3
BRDA:34,2,0,3
BRDA:39,3,0,1
BRDA:42,4,0,3
BRDA:44,5,0,1
BRDA:44,6,0,1
BRDA:47,7,0,2
BRDA:50,8,0,3
BRDA:53,9,0,2
BRDA:59,10,0,1
BRDA:66,11,0,1
BRDA:71,12,0,0
BRDA:83,13,0,1
BRDA:92,14,0,0
BRDA:85,15,0,31
BRDA:86,16,0,30
BRDA:86,17,0,1
BRDA:100,18,0,2
BRF:19
BRH:17
end_of_record
TN:
SF:src/utilities/merkleTree.ts
FN:3,<instance_members_initializer>
FN:7,MerkleTree
FN:12,build
FN:26,buildTree
FN:36,hashLevel
FN:52,getRoot
FN:56,getProof
FN:74,verifyProof
FN:85,getTree
FN:89,getLeaves
FN:93,getLeavesCount
FN:97,getTreeHeight
FN:101,getLevel
FNF:13
FNH:5
FNDA:0,<instance_members_initializer>
FNDA:1,MerkleTree
FNDA:1,build
FNDA:1,buildTree
FNDA:1,hashLevel
FNDA:1,getRoot
FNDA:0,getProof
FNDA:0,verifyProof
FNDA:0,getTree
FNDA:0,getLeaves
FNDA:0,getLeavesCount
FNDA:0,getTreeHeight
FNDA:0,getLevel
DA:1,1
DA:2,1
DA:3,1
DA:4,0
DA:5,0
DA:6,0
DA:7,0
DA:8,1
DA:9,1
DA:10,1
DA:11,0
DA:12,0
DA:13,1
DA:14,0
DA:15,0
DA:16,1
DA:17,0
DA:18,0
DA:19,0
DA:20,1
DA:21,0
DA:22,0
DA:23,1
DA:24,1
DA:25,0
DA:26,0
DA:27,1
DA:28,1
DA:29,1
DA:30,1
DA:31,1
DA:32,1
DA:33,1
DA:34,1
DA:35,0
DA:36,0
DA:37,1
DA:38,1
DA:39,1
DA:40,1
DA:41,1
DA:42,1
DA:43,1
DA:44,0
DA:45,0
DA:46,1
DA:47,1
DA:48,1
DA:49,1
DA:50,0
DA:51,0
DA:52,0
DA:53,1
DA:54,1
DA:55,0
DA:56,0
DA:57,0
DA:58,0
DA:59,0
DA:60,0
DA:61,0
DA:62,0
DA:63,0
DA:64,0
DA:65,0
DA:66,0
DA:67,0
DA:68,0
DA:69,0
DA:70,0
DA:71,0
DA:72,0
DA:73,0
DA:74,0
DA:75,0
DA:76,0
DA:77,0
DA:78,0
DA:79,0
DA:80,0
DA:81,0
DA:82,0
DA:83,0
DA:84,0
DA:85,0
DA:86,0
DA:87,0
DA:88,0
DA:89,0
DA:90,0
DA:91,0
DA:92,0
DA:93,0
DA:94,0
DA:95,0
DA:96,0
DA:97,0
DA:98,0
DA:99,0
DA:100,0
DA:101,0
DA:102,0
DA:103,0
DA:104,0
DA:105,0
DA:106,0
DA:107,0
DA:108,1
DA:109,1
LF:109
LH:34
BRDA:3,0,0,0
BRDA:7,1,0,1
BRDA:12,2,0,1
BRDA:13,3,0,0
BRDA:16,4,0,0
BRDA:20,5,0,0
BRDA:26,6,0,1
BRDA:27,7,0,2
BRDA:36,8,0,1
BRDA:43,9,0,0
BRDA:52,10,0,1
BRF:11
BRH:6
end_of_record
TN:
SF:src/utilities/multiHash.ts
FN:4,hashString
FN:17,generateMultihash
FN:25,generateIdentifier
FN:33,isValidMultihash
FNF:4
FNH:3
FNDA:3,hashString
FNDA:3,generateMultihash
FNDA:1,generateIdentifier
FNDA:0,isValidMultihash
DA:1,1
DA:2,1
DA:3,1
DA:4,1
DA:5,3
DA:6,3
DA:7,3
DA:8,3
DA:9,3
DA:10,3
DA:11,3
DA:12,1
DA:13,1
DA:14,1
DA:15,1
DA:16,1
DA:17,1
DA:18,3
DA:19,3
DA:20,3
DA:21,1
DA:22,1
DA:23,1
DA:24,1
DA:25,1
DA:26,1
DA:27,1
DA:28,1
DA:29,1
DA:30,1
DA:31,1
DA:32,1
DA:33,1
DA:34,0
DA:35,0
DA:36,0
DA:37,1
DA:38,1
DA:39,1
LF:39
LH:36
BRDA:4,0,0,3
BRDA:9,1,0,96
BRDA:17,2,0,3
BRDA:25,3,0,1
BRF:4
BRH:4
end_of_record
TN:
SF:src/utilities/blockchain/antelope/eos.ts
FN:16,Chain
FN:35,ApiClient
FN:43,getChainInfo
FN:50,getBlock
FN:58,getBlockInfo
FN:71,getAccountFromAccountName
FN:89,getBalanceFromAccountName
FNF:7
FNH:7
FNDA:12,Chain
FNDA:9,ApiClient
FNDA:2,getChainInfo
FNDA:1,getBlock
FNDA:1,getBlockInfo
FNDA:2,getAccountFromAccountName
FNDA:1,getBalanceFromAccountName
DA:1,1
DA:2,1
DA:3,1
DA:4,1
DA:5,1
DA:6,1
DA:7,1
DA:8,1
DA:9,1
DA:10,1
DA:11,1
DA:12,1
DA:13,1
DA:14,1
DA:15,1
DA:16,1
DA:17,12
DA:18,12
DA:19,12
DA:20,12
DA:21,12
DA:22,11
DA:23,11
DA:24,11
DA:25,11
DA:26,12
DA:27,1
DA:28,12
DA:29,12
DA:30,1
DA:31,1
DA:32,1
DA:33,1
DA:34,1
DA:35,1
DA:36,9
DA:37,9
DA:38,1
DA:39,1
DA:40,1
DA:41,1
DA:42,1
DA:43,1
DA:44,2
DA:45,2
DA:46,2
DA:47,2
DA:48,2
DA:49,1
DA:50,1
DA:51,1
DA:52,1
DA:53,1
DA:54,1
DA:55,1
DA:56,1
DA:57,1
DA:58,1
DA:59,1
DA:60,1
DA:61,1
DA:62,1
DA:63,1
DA:64,1
DA:65,1
DA:66,1
DA:67,1
DA:68,1
DA:69,1
DA:70,1
DA:71,1
DA:72,2
DA:73,2
DA:74,2
DA:75,2
DA:76,2
DA:77,2
DA:78,2
DA:79,2
DA:80,2
DA:81,2
DA:82,2
DA:83,2
DA:84,1
DA:85,1
DA:86,1
DA:87,1
DA:88,1
DA:89,1
DA:90,1
DA:91,1
DA:92,1
DA:93,1
DA:94,1
DA:95,1
DA:96,1
DA:97,1
DA:98,1
DA:99,1
DA:100,1
DA:101,1
DA:102,1
DA:103,1
DA:104,1
DA:105,1
DA:106,1
DA:107,1
DA:108,1
DA:109,1
DA:110,1
DA:111,1
DA:112,1
LF:112
LH:112
BRDA:16,0,0,12
BRDA:21,1,0,11
BRDA:26,2,0,1
BRDA:35,3,0,9
BRDA:43,4,0,2
BRDA:50,5,0,1
BRDA:58,6,0,1
BRDA:71,7,0,2
BRDA:89,8,0,1
BRF:9
BRH:9
end_of_record
