TN:
SF:src/components/argument.ts
FN:6,<instance_members_initializer>
FN:15,PocketArgument
FN:40,fromString
FN:100,fromRecord
FN:127,fromKeyValuePair
FN:149,fromJSON
FN:176,fromObject
FN:203,toJSON
FN:210,toString
FN:214,toObject
FN:224,toRecord
FN:230,toKeyValuePair
FNF:12
FNH:9
FNDA:13,<instance_members_initializer>
FNDA:13,PocketArgument
FNDA:4,fromString
FNDA:0,fromRecord
FNDA:0,fromKeyValuePair
FNDA:2,fromJSON
FNDA:0,fromObject
FNDA:1,toJSON
FNDA:1,toString
FNDA:1,toObject
FNDA:1,toRecord
FNDA:1,toKeyValuePair
DA:1,1
DA:2,1
DA:3,1
DA:4,1
DA:5,1
DA:6,13
DA:7,13
DA:8,13
DA:9,13
DA:10,13
DA:11,13
DA:12,13
DA:13,13
DA:14,13
DA:15,13
DA:16,13
DA:17,13
DA:18,13
DA:19,13
DA:20,13
DA:21,13
DA:22,13
DA:23,1
DA:24,1
DA:25,12
DA:26,13
DA:27,2
DA:28,2
DA:29,10
DA:30,10
DA:31,10
DA:32,10
DA:33,10
DA:34,10
DA:35,13
DA:36,13
DA:37,13
DA:38,13
DA:39,13
DA:40,13
DA:41,4
DA:42,4
DA:43,4
DA:44,4
DA:45,4
DA:46,4
DA:47,1
DA:48,1
DA:49,3
DA:50,3
DA:51,3
DA:52,3
DA:53,3
DA:54,4
DA:55,4
DA:56,0
DA:57,0
DA:58,0
DA:59,3
DA:60,0
DA:61,0
DA:62,0
DA:63,0
DA:64,0
DA:65,0
DA:66,0
DA:67,3
DA:68,2
DA:69,2
DA:70,2
DA:71,2
DA:72,2
DA:73,2
DA:74,2
DA:75,1
DA:76,1
DA:77,1
DA:78,4
DA:79,1
DA:80,1
DA:81,2
DA:82,4
DA:83,0
DA:84,0
DA:85,2
DA:86,4
DA:87,0
DA:88,0
DA:89,2
DA:90,2
DA:91,2
DA:92,2
DA:93,2
DA:94,2
DA:95,13
DA:96,13
DA:97,13
DA:98,13
DA:99,13
DA:100,13
DA:101,0
DA:102,0
DA:103,0
DA:104,0
DA:105,0
DA:106,0
DA:107,0
DA:108,0
DA:109,0
DA:110,0
DA:111,0
DA:112,0
DA:113,0
DA:114,0
DA:115,0
DA:116,0
DA:117,0
DA:118,0
DA:119,0
DA:120,0
DA:121,0
DA:122,0
DA:123,0
DA:124,0
DA:125,0
DA:126,13
DA:127,13
DA:128,0
DA:129,0
DA:130,0
DA:131,0
DA:132,0
DA:133,0
DA:134,0
DA:135,0
DA:136,0
DA:137,0
DA:138,0
DA:139,0
DA:140,0
DA:141,0
DA:142,0
DA:143,0
DA:144,0
DA:145,0
DA:146,0
DA:147,0
DA:148,13
DA:149,13
DA:150,2
DA:151,2
DA:152,2
DA:153,2
DA:154,2
DA:155,2
DA:156,2
DA:157,2
DA:158,0
DA:159,0
DA:160,2
DA:161,2
DA:162,2
DA:163,2
DA:164,1
DA:165,1
DA:166,1
DA:167,1
DA:168,1
DA:169,1
DA:170,1
DA:171,1
DA:172,1
DA:173,1
DA:174,1
DA:175,13
DA:176,13
DA:177,0
DA:178,0
DA:179,0
DA:180,0
DA:181,0
DA:182,0
DA:183,0
DA:184,0
DA:185,0
DA:186,0
DA:187,0
DA:188,0
DA:189,0
DA:190,0
DA:191,0
DA:192,0
DA:193,0
DA:194,0
DA:195,0
DA:196,0
DA:197,0
DA:198,0
DA:199,0
DA:200,0
DA:201,0
DA:202,13
DA:203,13
DA:204,1
DA:205,1
DA:206,1
DA:207,1
DA:208,1
DA:209,13
DA:210,13
DA:211,1
DA:212,1
DA:213,13
DA:214,13
DA:215,1
DA:216,1
DA:217,1
DA:218,1
DA:219,1
DA:220,1
DA:221,1
DA:222,1
DA:223,13
DA:224,13
DA:225,1
DA:226,1
DA:227,1
DA:228,1
DA:229,13
DA:230,13
DA:231,1
DA:232,1
DA:233,13
DA:234,13
DA:235,13
DA:236,1
DA:237,1
DA:238,1
DA:239,1
LF:239
LH:153
BRDA:6,0,0,13
BRDA:15,1,0,13
BRDA:22,2,0,1
BRDA:25,3,0,12
BRDA:26,4,0,2
BRDA:29,5,0,10
BRDA:40,6,0,4
BRDA:46,7,0,1
BRDA:49,8,0,3
BRDA:54,9,0,0
BRDA:55,10,0,0
BRDA:59,11,0,3
BRDA:59,12,0,0
BRDA:67,13,0,2
BRDA:75,14,0,1
BRDA:78,15,0,1
BRDA:81,16,0,2
BRDA:82,17,0,0
BRDA:85,18,0,2
BRDA:86,19,0,0
BRDA:89,20,0,2
BRDA:69,21,0,4
BRDA:149,22,0,2
BRDA:157,23,0,0
BRDA:163,24,0,1
BRDA:203,25,0,1
BRDA:210,26,0,1
BRDA:214,27,0,1
BRDA:224,28,0,1
BRDA:230,29,0,1
BRF:30
BRH:24
end_of_record
TN:
SF:src/components/error.ts
FN:14,PocketErrorMessage
FN:47,get Error
FN:51,get ErrorMessage
FN:55,handleThrowError
FNF:4
FNH:2
FNDA:14,PocketErrorMessage
FNDA:0,get Error
FNDA:0,get ErrorMessage
FNDA:14,handleThrowError
DA:1,1
DA:2,1
DA:3,1
DA:4,1
DA:5,1
DA:6,1
DA:7,1
DA:8,1
DA:9,1
DA:10,1
DA:11,1
DA:12,1
DA:13,1
DA:14,1
DA:15,14
DA:16,14
DA:17,14
DA:18,14
DA:19,14
DA:20,14
DA:21,14
DA:22,14
DA:23,14
DA:24,14
DA:25,14
DA:26,14
DA:27,14
DA:28,14
DA:29,14
DA:30,14
DA:31,14
DA:32,14
DA:33,14
DA:34,14
DA:35,14
DA:36,14
DA:37,14
DA:38,14
DA:39,14
DA:40,14
DA:41,14
DA:42,14
DA:43,14
DA:44,14
DA:45,14
DA:46,1
DA:47,1
DA:48,0
DA:49,0
DA:50,1
DA:51,1
DA:52,0
DA:53,0
DA:54,1
DA:55,1
DA:56,14
DA:57,1
DA:58,1
DA:59,14
DA:60,1
DA:61,1
DA:62,1
DA:63,1
DA:64,1
LF:64
LH:60
BRDA:14,0,0,14
BRDA:35,1,0,13
BRDA:35,2,0,1
BRDA:36,3,0,0
BRDA:37,4,0,1
BRDA:37,5,0,13
BRDA:38,6,0,1
BRDA:38,7,0,13
BRDA:44,8,0,2
BRDA:44,9,0,12
BRDA:55,10,0,14
BRDA:56,11,0,1
BRF:12
BRH:11
end_of_record
TN:
SF:src/components/identity.ts
FN:32,<instance_members_initializer>
FN:41,PocketIdentity
FNF:2
FNH:2
FNDA:3,<instance_members_initializer>
FNDA:3,PocketIdentity
DA:1,1
DA:2,1
DA:3,1
DA:4,1
DA:5,1
DA:6,1
DA:7,1
DA:8,1
DA:9,1
DA:10,1
DA:11,1
DA:12,1
DA:13,1
DA:14,1
DA:15,1
DA:16,1
DA:17,1
DA:18,1
DA:19,1
DA:20,1
DA:21,1
DA:22,1
DA:23,1
DA:24,1
DA:25,1
DA:26,1
DA:27,1
DA:28,1
DA:29,1
DA:30,1
DA:31,1
DA:32,3
DA:33,3
DA:34,3
DA:35,3
DA:36,3
DA:37,3
DA:38,3
DA:39,3
DA:40,3
DA:41,3
DA:42,3
DA:43,3
DA:44,3
DA:45,3
DA:46,3
DA:47,3
DA:48,3
DA:49,1
DA:50,1
DA:51,2
DA:52,3
DA:53,1
DA:54,1
DA:55,1
DA:56,1
DA:57,1
DA:58,1
DA:59,1
DA:60,1
DA:61,1
DA:62,1
DA:63,1
DA:64,3
DA:65,1
DA:66,1
DA:67,1
DA:68,1
DA:69,1
LF:69
LH:69
BRDA:32,0,0,3
BRDA:41,1,0,3
BRDA:48,2,0,1
BRDA:51,3,0,2
BRDA:52,4,0,1
BRF:5
BRH:5
end_of_record
TN:
SF:src/components/message.ts
FN:31,<instance_members_initializer>
FN:45,PocketMessage
FN:119,getLevelFromCode
FN:136,checkCodeAndLevel
FN:174,handleCallback
FN:189,handlePrintToConsole
FN:203,printMessage
FN:241,toString
FN:249,toJSON
FN:263,toObject
FNF:10
FNH:8
FNDA:18,<instance_members_initializer>
FNDA:18,PocketMessage
FNDA:18,getLevelFromCode
FNDA:18,checkCodeAndLevel
FNDA:5,handleCallback
FNDA:15,handlePrintToConsole
FNDA:4,printMessage
FNDA:1,toString
FNDA:0,toJSON
FNDA:0,toObject
DA:1,1
DA:2,1
DA:3,1
DA:4,1
DA:5,1
DA:6,1
DA:7,1
DA:8,1
DA:9,1
DA:10,1
DA:11,1
DA:12,1
DA:13,1
DA:14,1
DA:15,1
DA:16,1
DA:17,1
DA:18,1
DA:19,1
DA:20,1
DA:21,1
DA:22,1
DA:23,1
DA:24,1
DA:25,1
DA:26,1
DA:27,1
DA:28,1
DA:29,1
DA:30,1
DA:31,18
DA:32,18
DA:33,18
DA:34,18
DA:35,18
DA:36,18
DA:37,18
DA:38,18
DA:39,18
DA:40,18
DA:41,18
DA:42,18
DA:43,18
DA:44,18
DA:45,18
DA:46,18
DA:47,18
DA:48,18
DA:49,18
DA:50,18
DA:51,18
DA:52,18
DA:53,18
DA:54,18
DA:55,18
DA:56,18
DA:57,18
DA:58,18
DA:59,18
DA:60,18
DA:61,18
DA:62,18
DA:63,18
DA:64,18
DA:65,18
DA:66,18
DA:67,18
DA:68,18
DA:69,18
DA:70,18
DA:71,18
DA:72,18
DA:73,18
DA:74,18
DA:75,18
DA:76,18
DA:77,18
DA:78,18
DA:79,18
DA:80,18
DA:81,18
DA:82,18
DA:83,18
DA:84,18
DA:85,18
DA:86,18
DA:87,1
DA:88,1
DA:89,1
DA:90,1
DA:91,1
DA:92,0
DA:93,1
DA:94,1
DA:95,1
DA:96,14
DA:97,14
DA:98,14
DA:99,14
DA:100,14
DA:101,3
DA:102,3
DA:103,2
DA:104,2
DA:105,3
DA:106,0
DA:107,3
DA:108,3
DA:109,11
DA:110,11
DA:111,11
DA:112,11
DA:113,1
DA:114,1
DA:115,1
DA:116,18
DA:117,18
DA:118,18
DA:119,18
DA:120,18
DA:121,18
DA:122,18
DA:123,0
DA:124,18
DA:125,15
DA:126,18
DA:127,1
DA:128,18
DA:129,18
DA:130,1
DA:131,18
DA:132,1
DA:133,18
DA:134,18
DA:135,18
DA:136,18
DA:137,18
DA:138,18
DA:139,1
DA:140,1
DA:141,1
DA:142,1
DA:143,0
DA:144,18
DA:145,13
DA:146,13
DA:147,0
DA:148,0
DA:149,13
DA:150,18
DA:151,2
DA:152,2
DA:153,1
DA:154,1
DA:155,1
DA:156,18
DA:157,1
DA:158,1
DA:159,1
DA:160,1
DA:161,1
DA:162,0
DA:163,0
DA:164,1
DA:165,18
DA:166,1
DA:167,18
DA:168,18
DA:169,18
DA:170,18
DA:171,18
DA:172,18
DA:173,18
DA:174,18
DA:175,5
DA:176,5
DA:177,5
DA:178,4
DA:179,5
DA:180,5
DA:181,0
DA:182,0
DA:183,5
DA:184,18
DA:185,18
DA:186,18
DA:187,18
DA:188,18
DA:189,18
DA:190,15
DA:191,4
DA:192,4
DA:193,15
DA:194,18
DA:195,18
DA:196,18
DA:197,18
DA:198,18
DA:199,18
DA:200,18
DA:201,18
DA:202,18
DA:203,18
DA:204,4
DA:205,4
DA:206,0
DA:207,0
DA:208,4
DA:209,4
DA:210,2
DA:211,2
DA:212,4
DA:213,4
DA:214,1
DA:215,1
DA:216,4
DA:217,4
DA:218,4
DA:219,1
DA:220,1
DA:221,4
DA:222,4
DA:223,0
DA:224,0
DA:225,4
DA:226,4
DA:227,0
DA:228,0
DA:229,4
DA:230,4
DA:231,0
DA:232,0
DA:233,4
DA:234,4
DA:235,18
DA:236,18
DA:237,18
DA:238,18
DA:239,18
DA:240,18
DA:241,18
DA:242,1
DA:243,1
DA:244,18
DA:245,18
DA:246,18
DA:247,18
DA:248,18
DA:249,18
DA:250,0
DA:251,0
DA:252,0
DA:253,0
DA:254,0
DA:255,0
DA:256,0
DA:257,0
DA:258,18
DA:259,18
DA:260,18
DA:261,18
DA:262,18
DA:263,18
DA:264,0
DA:265,0
DA:266,0
DA:267,0
DA:268,0
DA:269,0
DA:270,0
DA:271,0
DA:272,0
DA:273,0
DA:274,0
DA:275,0
DA:276,0
DA:277,0
DA:278,18
DA:279,1
DA:280,1
DA:281,1
DA:282,1
DA:283,1
LF:283
LH:243
BRDA:31,0,0,18
BRDA:45,1,0,18
BRDA:65,2,0,17
BRDA:65,3,0,1
BRDA:67,4,0,6
BRDA:67,5,0,12
BRDA:70,6,0,15
BRDA:70,7,0,0
BRDA:71,8,0,1
BRDA:71,9,0,14
BRDA:72,10,0,1
BRDA:72,11,0,14
BRDA:84,12,0,1
BRDA:85,13,0,1
BRDA:86,14,0,1
BRDA:96,15,0,14
BRDA:98,16,0,13
BRDA:99,17,0,3
BRDA:100,18,0,3
BRDA:109,19,0,11
BRDA:111,20,0,1
BRDA:112,21,0,1
BRDA:87,22,0,1
BRDA:88,23,0,1
BRDA:102,24,0,2
BRDA:119,25,0,18
BRDA:122,26,0,0
BRDA:124,27,0,15
BRDA:126,28,0,1
BRDA:128,29,0,0
BRDA:129,30,0,1
BRDA:131,31,0,1
BRDA:136,32,0,18
BRDA:138,33,0,1
BRDA:143,34,0,0
BRDA:144,35,0,13
BRDA:146,36,0,0
BRDA:150,37,0,2
BRDA:152,38,0,1
BRDA:156,39,0,1
BRDA:161,40,0,0
BRDA:165,41,0,1
BRDA:174,42,0,5
BRDA:178,43,0,4
BRDA:180,44,0,0
BRDA:189,45,0,15
BRDA:190,46,0,4
BRDA:203,47,0,4
BRDA:205,48,0,0
BRDA:209,49,0,2
BRDA:213,50,0,1
BRDA:217,51,0,0
BRDA:218,52,0,1
BRDA:222,53,0,0
BRDA:226,54,0,0
BRDA:230,55,0,0
BRDA:241,56,0,1
BRF:57
BRH:45
end_of_record
TN:
SF:src/components/metadata.ts
FN:8,<instance_members_initializer>
FN:19,Metadata
FN:54,addAnnotations
FN:68,addLabels
FN:82,toJSON
FN:94,toString
FN:102,update
FN:169,get id
FN:173,get type
FN:177,createDefaultMetadata
FNF:10
FNH:10
FNDA:12,<instance_members_initializer>
FNDA:12,Metadata
FNDA:12,addAnnotations
FNDA:12,addLabels
FNDA:4,toJSON
FNDA:1,toString
FNDA:2,update
FNDA:4,get id
FNDA:4,get type
FNDA:7,createDefaultMetadata
DA:1,1
DA:2,1
DA:3,1
DA:4,1
DA:5,1
DA:6,1
DA:7,1
DA:8,12
DA:9,12
DA:10,12
DA:11,12
DA:12,12
DA:13,12
DA:14,12
DA:15,12
DA:16,12
DA:17,12
DA:18,12
DA:19,12
DA:20,12
DA:21,12
DA:22,12
DA:23,12
DA:24,12
DA:25,12
DA:26,12
DA:27,12
DA:28,12
DA:29,12
DA:30,12
DA:31,12
DA:32,12
DA:33,12
DA:34,12
DA:35,12
DA:36,12
DA:37,12
DA:38,12
DA:39,12
DA:40,12
DA:41,12
DA:42,12
DA:43,12
DA:44,12
DA:45,12
DA:46,12
DA:47,12
DA:48,12
DA:49,12
DA:50,12
DA:51,12
DA:52,12
DA:53,12
DA:54,12
DA:55,12
DA:56,12
DA:57,12
DA:58,12
DA:59,1
DA:60,1
DA:61,12
DA:62,12
DA:63,12
DA:64,12
DA:65,12
DA:66,12
DA:67,12
DA:68,12
DA:69,12
DA:70,12
DA:71,12
DA:72,48
DA:73,4
DA:74,4
DA:75,48
DA:76,12
DA:77,12
DA:78,12
DA:79,12
DA:80,12
DA:81,12
DA:82,12
DA:83,4
DA:84,4
DA:85,4
DA:86,4
DA:87,4
DA:88,4
DA:89,4
DA:90,4
DA:91,4
DA:92,4
DA:93,12
DA:94,12
DA:95,1
DA:96,1
DA:97,1
DA:98,1
DA:99,1
DA:100,1
DA:101,12
DA:102,12
DA:103,2
DA:104,2
DA:105,2
DA:106,2
DA:107,2
DA:108,2
DA:109,2
DA:110,2
DA:111,2
DA:112,2
DA:113,2
DA:114,2
DA:115,2
DA:116,2
DA:117,2
DA:118,2
DA:119,2
DA:120,2
DA:121,2
DA:122,0
DA:123,0
DA:124,2
DA:125,2
DA:126,2
DA:127,2
DA:128,2
DA:129,2
DA:130,1
DA:131,1
DA:132,1
DA:133,1
DA:134,2
DA:135,2
DA:136,2
DA:137,2
DA:138,2
DA:139,0
DA:140,0
DA:141,1
DA:142,1
DA:143,2
DA:144,2
DA:145,2
DA:146,2
DA:147,0
DA:148,0
DA:149,1
DA:150,1
DA:151,1
DA:152,1
DA:153,1
DA:154,1
DA:155,1
DA:156,1
DA:157,1
DA:158,1
DA:159,1
DA:160,1
DA:161,1
DA:162,1
DA:163,1
DA:164,1
DA:165,1
DA:166,1
DA:167,1
DA:168,12
DA:169,12
DA:170,4
DA:171,4
DA:172,12
DA:173,12
DA:174,4
DA:175,4
DA:176,12
DA:177,12
DA:178,7
DA:179,7
DA:180,7
DA:181,7
DA:182,7
DA:183,7
DA:184,7
DA:185,0
DA:186,0
DA:187,7
DA:188,7
DA:189,7
DA:190,7
DA:191,7
DA:192,7
DA:193,7
DA:194,7
DA:195,7
DA:196,7
DA:197,7
DA:198,7
DA:199,7
DA:200,7
DA:201,7
DA:202,7
DA:203,7
DA:204,7
DA:205,7
DA:206,7
DA:207,7
DA:208,7
DA:209,7
DA:210,7
DA:211,7
DA:212,7
DA:213,7
DA:214,7
DA:215,7
DA:216,7
DA:217,7
DA:218,7
DA:219,12
DA:220,1
DA:221,1
DA:222,1
DA:223,1
LF:223
LH:215
BRDA:8,0,0,12
BRDA:19,1,0,12
BRDA:46,2,0,0
BRDA:47,3,0,0
BRDA:54,4,0,12
BRDA:58,5,0,1
BRDA:68,6,0,12
BRDA:71,7,0,48
BRDA:72,8,0,4
BRDA:82,9,0,4
BRDA:94,10,0,1
BRDA:102,11,0,2
BRDA:118,12,0,1
BRDA:119,13,0,0
BRDA:120,14,0,0
BRDA:121,15,0,0
BRDA:126,16,0,1
BRDA:127,17,0,1
BRDA:128,18,0,1
BRDA:129,19,0,1
BRDA:134,20,0,0
BRDA:135,21,0,0
BRDA:136,22,0,0
BRDA:137,23,0,0
BRDA:138,24,0,0
BRDA:141,25,0,1
BRDA:143,26,0,0
BRDA:144,27,0,0
BRDA:145,28,0,0
BRDA:146,29,0,0
BRDA:149,30,0,1
BRDA:169,31,0,4
BRDA:173,32,0,4
BRDA:177,33,0,7
BRDA:184,34,0,0
BRF:35
BRH:20
end_of_record
TN:
SF:src/components/object.ts
FN:10,<instance_members_initializer>
FN:20,PocketObject
FN:38,checkData
FN:44,checkMetadata
FN:50,checkDataHash
FN:94,get dataString
FN:98,get metadataString
FN:102,get objectString
FN:106,get objectType
FN:110,isEmpty
FN:119,toMultiHashIdentifier
FNF:11
FNH:8
FNDA:9,<instance_members_initializer>
FNDA:9,PocketObject
FNDA:8,checkData
FNDA:8,checkMetadata
FNDA:0,checkDataHash
FNDA:1,get dataString
FNDA:1,get metadataString
FNDA:1,get objectString
FNDA:1,get objectType
FNDA:0,isEmpty
FNDA:0,toMultiHashIdentifier
DA:1,1
DA:2,1
DA:3,1
DA:4,1
DA:5,1
DA:6,1
DA:7,1
DA:8,1
DA:9,1
DA:10,9
DA:11,9
DA:12,9
DA:13,9
DA:14,9
DA:15,9
DA:16,9
DA:17,9
DA:18,9
DA:19,9
DA:20,9
DA:21,9
DA:22,9
DA:23,9
DA:24,9
DA:25,9
DA:26,9
DA:27,9
DA:28,9
DA:29,9
DA:30,9
DA:31,9
DA:32,9
DA:33,9
DA:34,9
DA:35,9
DA:36,9
DA:37,9
DA:38,9
DA:39,8
DA:40,0
DA:41,0
DA:42,8
DA:43,9
DA:44,9
DA:45,8
DA:46,9
DA:47,9
DA:48,9
DA:49,9
DA:50,9
DA:51,0
DA:52,0
DA:53,0
DA:54,0
DA:55,0
DA:56,0
DA:57,0
DA:58,0
DA:59,0
DA:60,0
DA:61,0
DA:62,0
DA:63,0
DA:64,0
DA:65,0
DA:66,0
DA:67,0
DA:68,0
DA:69,0
DA:70,0
DA:71,0
DA:72,0
DA:73,0
DA:74,0
DA:75,0
DA:76,0
DA:77,0
DA:78,0
DA:79,0
DA:80,0
DA:81,0
DA:82,0
DA:83,0
DA:84,0
DA:85,0
DA:86,0
DA:87,0
DA:88,0
DA:89,0
DA:90,0
DA:91,0
DA:92,9
DA:93,9
DA:94,9
DA:95,1
DA:96,1
DA:97,9
DA:98,9
DA:99,1
DA:100,1
DA:101,9
DA:102,9
DA:103,1
DA:104,1
DA:105,9
DA:106,9
DA:107,1
DA:108,1
DA:109,9
DA:110,9
DA:111,0
DA:112,0
DA:113,0
DA:114,0
DA:115,0
DA:116,0
DA:117,0
DA:118,9
DA:119,9
DA:120,0
DA:121,0
DA:122,0
DA:123,0
DA:124,0
DA:125,0
DA:126,0
DA:127,0
DA:128,0
DA:129,0
DA:130,0
DA:131,9
DA:132,9
DA:133,1
DA:134,1
DA:135,1
DA:136,1
LF:136
LH:75
BRDA:10,0,0,9
BRDA:20,1,0,9
BRDA:32,2,0,5
BRDA:33,3,0,3
BRDA:38,4,0,8
BRDA:39,5,0,0
BRDA:44,6,0,8
BRDA:94,7,0,1
BRDA:98,8,0,1
BRDA:102,9,0,1
BRDA:106,10,0,1
BRF:11
BRH:10
end_of_record
TN:
SF:src/components/parameter.ts
FN:7,<instance_members_initializer>
FN:19,PocketParameter
FN:45,get nameString
FN:49,checkValue
FN:73,getValueOrDefault
FN:87,getValueOrDefaultOrOptions
FNF:6
FNH:2
FNDA:5,<instance_members_initializer>
FNDA:5,PocketParameter
FNDA:0,get nameString
FNDA:0,checkValue
FNDA:0,getValueOrDefault
FNDA:0,getValueOrDefaultOrOptions
DA:1,1
DA:2,1
DA:3,1
DA:4,1
DA:5,1
DA:6,1
DA:7,5
DA:8,5
DA:9,5
DA:10,5
DA:11,5
DA:12,5
DA:13,5
DA:14,5
DA:15,5
DA:16,5
DA:17,5
DA:18,5
DA:19,5
DA:20,5
DA:21,5
DA:22,5
DA:23,5
DA:24,5
DA:25,5
DA:26,5
DA:27,5
DA:28,5
DA:29,5
DA:30,5
DA:31,5
DA:32,5
DA:33,0
DA:34,0
DA:35,5
DA:36,5
DA:37,5
DA:38,5
DA:39,5
DA:40,5
DA:41,5
DA:42,5
DA:43,5
DA:44,5
DA:45,5
DA:46,0
DA:47,0
DA:48,5
DA:49,5
DA:50,0
DA:51,0
DA:52,0
DA:53,0
DA:54,0
DA:55,0
DA:56,0
DA:57,0
DA:58,0
DA:59,0
DA:60,0
DA:61,0
DA:62,0
DA:63,0
DA:64,0
DA:65,0
DA:66,0
DA:67,0
DA:68,0
DA:69,0
DA:70,0
DA:71,0
DA:72,5
DA:73,5
DA:74,0
DA:75,0
DA:76,0
DA:77,0
DA:78,0
DA:79,0
DA:80,0
DA:81,0
DA:82,0
DA:83,0
DA:84,0
DA:85,0
DA:86,5
DA:87,5
DA:88,0
DA:89,0
DA:90,0
DA:91,0
DA:92,0
DA:93,0
DA:94,0
DA:95,0
DA:96,0
DA:97,0
DA:98,0
DA:99,0
DA:100,0
DA:101,0
DA:102,5
DA:103,5
DA:104,1
DA:105,1
DA:106,1
DA:107,1
LF:107
LH:55
BRDA:7,0,0,5
BRDA:19,1,0,5
BRDA:32,2,0,0
BRF:3
BRH:2
end_of_record
TN:
SF:src/components/timestamp.ts
FN:13,<instance_members_initializer>
FN:27,PocketTimestamp
FN:47,toISO
FN:55,toLocaleString
FN:63,toUNIX
FN:71,toRFC
FN:80,addTime
FN:112,subtractTime
FN:140,createTimestamp
FNF:9
FNH:6
FNDA:13,<instance_members_initializer>
FNDA:13,PocketTimestamp
FNDA:1,toISO
FNDA:1,toLocaleString
FNDA:1,toUNIX
FNDA:1,toRFC
FNDA:0,addTime
FNDA:0,subtractTime
FNDA:0,createTimestamp
DA:1,1
DA:2,1
DA:3,1
DA:4,1
DA:5,1
DA:6,1
DA:7,1
DA:8,1
DA:9,1
DA:10,1
DA:11,1
DA:12,1
DA:13,13
DA:14,13
DA:15,13
DA:16,13
DA:17,13
DA:18,13
DA:19,13
DA:20,13
DA:21,13
DA:22,13
DA:23,13
DA:24,13
DA:25,13
DA:26,13
DA:27,13
DA:28,13
DA:29,13
DA:30,13
DA:31,13
DA:32,12
DA:33,13
DA:34,12
DA:35,12
DA:36,1
DA:37,1
DA:38,1
DA:39,12
DA:40,12
DA:41,12
DA:42,13
DA:43,13
DA:44,13
DA:45,13
DA:46,13
DA:47,13
DA:48,1
DA:49,1
DA:50,13
DA:51,13
DA:52,13
DA:53,13
DA:54,13
DA:55,13
DA:56,1
DA:57,1
DA:58,13
DA:59,13
DA:60,13
DA:61,13
DA:62,13
DA:63,13
DA:64,1
DA:65,1
DA:66,13
DA:67,13
DA:68,13
DA:69,13
DA:70,13
DA:71,13
DA:72,1
DA:73,1
DA:74,13
DA:75,13
DA:76,13
DA:77,13
DA:78,13
DA:79,13
DA:80,13
DA:81,0
DA:82,0
DA:83,0
DA:84,0
DA:85,0
DA:86,0
DA:87,0
DA:88,0
DA:89,0
DA:90,0
DA:91,0
DA:92,0
DA:93,0
DA:94,0
DA:95,0
DA:96,0
DA:97,0
DA:98,0
DA:99,0
DA:100,0
DA:101,0
DA:102,0
DA:103,0
DA:104,0
DA:105,0
DA:106,13
DA:107,13
DA:108,13
DA:109,13
DA:110,13
DA:111,13
DA:112,13
DA:113,0
DA:114,0
DA:115,0
DA:116,0
DA:117,0
DA:118,0
DA:119,0
DA:120,0
DA:121,0
DA:122,0
DA:123,0
DA:124,0
DA:125,0
DA:126,0
DA:127,0
DA:128,0
DA:129,0
DA:130,0
DA:131,0
DA:132,0
DA:133,0
DA:134,0
DA:135,0
DA:136,0
DA:137,0
DA:138,0
DA:139,13
DA:140,13
DA:141,0
DA:142,0
DA:143,13
DA:144,13
DA:145,1
DA:146,1
DA:147,1
DA:148,1
LF:148
LH:95
BRDA:13,0,0,13
BRDA:27,1,0,13
BRDA:30,2,0,12
BRDA:31,3,0,12
BRDA:32,4,0,11
BRDA:33,5,0,12
BRDA:36,6,0,1
BRDA:39,7,0,12
BRDA:47,8,0,1
BRDA:55,9,0,1
BRDA:63,10,0,1
BRDA:71,11,0,1
BRF:12
BRH:12
end_of_record
TN:
SF:src/templates/v0/index.ts
FNF:0
FNH:0
DA:1,1
DA:2,1
LF:2
LH:2
BRF:0
BRH:0
end_of_record
TN:
SF:src/templates/v0/base/configuration.ts
FNF:0
FNH:0
DA:1,1
DA:2,1
DA:3,1
DA:4,1
DA:5,1
DA:6,1
DA:7,1
DA:8,1
DA:9,1
DA:10,1
DA:11,1
DA:12,1
DA:13,1
DA:14,1
DA:15,1
DA:16,1
DA:17,1
DA:18,1
DA:19,1
DA:20,1
DA:21,1
DA:22,1
DA:23,1
DA:24,1
DA:25,1
DA:26,1
DA:27,1
DA:28,1
DA:29,1
DA:30,1
DA:31,1
DA:32,1
DA:33,1
DA:34,1
DA:35,1
DA:36,1
DA:37,1
DA:38,1
DA:39,1
DA:40,1
DA:41,1
DA:42,1
DA:43,1
DA:44,1
DA:45,1
DA:46,1
DA:47,1
DA:48,1
DA:49,1
DA:50,1
DA:51,1
DA:52,1
DA:53,1
DA:54,1
DA:55,1
DA:56,1
DA:57,1
DA:58,1
DA:59,1
DA:60,1
DA:61,1
DA:62,1
DA:63,1
DA:64,1
DA:65,1
DA:66,1
DA:67,1
DA:68,1
DA:69,1
DA:70,1
DA:71,1
DA:72,1
DA:73,1
DA:74,1
DA:75,1
DA:76,1
DA:77,1
DA:78,1
DA:79,1
DA:80,1
DA:81,1
DA:82,1
DA:83,1
DA:84,1
DA:85,1
DA:86,1
DA:87,1
DA:88,1
DA:89,1
DA:90,1
DA:91,1
DA:92,1
DA:93,1
DA:94,1
DA:95,1
DA:96,1
DA:97,1
DA:98,1
DA:99,1
DA:100,1
DA:101,1
DA:102,1
DA:103,1
DA:104,1
DA:105,1
DA:106,1
DA:107,1
DA:108,1
DA:109,1
DA:110,1
DA:111,1
DA:112,1
DA:113,1
DA:114,1
DA:115,1
DA:116,1
DA:117,1
DA:118,1
DA:119,1
DA:120,1
DA:121,1
DA:122,1
DA:123,1
DA:124,1
DA:125,1
DA:126,1
DA:127,1
DA:128,1
DA:129,1
DA:130,1
DA:131,1
DA:132,1
DA:133,1
DA:134,1
DA:135,1
DA:136,1
DA:137,1
DA:138,1
DA:139,1
DA:140,1
DA:141,1
DA:142,1
DA:143,1
LF:143
LH:143
BRF:0
BRH:0
end_of_record
TN:
SF:src/templates/v0/base/factory.ts
FNF:0
FNH:0
DA:1,1
DA:2,1
DA:3,1
DA:4,1
DA:5,1
DA:6,1
DA:7,1
DA:8,1
DA:9,1
DA:10,1
DA:11,1
DA:12,1
DA:13,1
DA:14,1
DA:15,1
DA:16,1
DA:17,1
DA:18,1
DA:19,1
DA:20,1
DA:21,1
DA:22,1
DA:23,1
DA:24,1
LF:24
LH:24
BRF:0
BRH:0
end_of_record
TN:
SF:src/templates/v0/base/identifier.ts
FNF:0
FNH:0
DA:1,1
DA:2,1
DA:3,1
DA:4,1
DA:5,1
DA:6,1
DA:7,1
DA:8,1
DA:9,1
DA:10,1
DA:11,1
DA:12,1
DA:13,1
DA:14,1
DA:15,1
DA:16,1
DA:17,1
DA:18,1
DA:19,1
DA:20,1
DA:21,1
DA:22,1
DA:23,1
DA:24,1
DA:25,1
DA:26,1
DA:27,1
DA:28,1
DA:29,1
DA:30,1
DA:31,1
DA:32,1
DA:33,1
DA:34,1
DA:35,1
DA:36,1
DA:37,1
DA:38,1
DA:39,1
DA:40,1
DA:41,1
DA:42,1
DA:43,1
DA:44,1
DA:45,1
DA:46,1
DA:47,1
DA:48,1
DA:49,1
DA:50,1
DA:51,1
DA:52,1
DA:53,1
DA:54,1
DA:55,1
DA:56,1
DA:57,1
DA:58,1
DA:59,1
DA:60,1
DA:61,1
DA:62,1
DA:63,1
DA:64,1
DA:65,1
DA:66,1
DA:67,1
DA:68,1
DA:69,1
DA:70,1
DA:71,1
DA:72,1
DA:73,1
DA:74,1
DA:75,1
DA:76,1
DA:77,1
DA:78,1
DA:79,1
DA:80,1
DA:81,1
DA:82,1
DA:83,1
DA:84,1
DA:85,1
DA:86,1
DA:87,1
DA:88,1
DA:89,1
DA:90,1
DA:91,1
DA:92,1
DA:93,1
DA:94,1
DA:95,1
DA:96,1
DA:97,1
DA:98,1
DA:99,1
DA:100,1
DA:101,1
DA:102,1
DA:103,1
DA:104,1
DA:105,1
DA:106,1
DA:107,1
DA:108,1
DA:109,1
DA:110,1
DA:111,1
DA:112,1
DA:113,1
DA:114,1
DA:115,1
DA:116,1
DA:117,1
DA:118,1
DA:119,1
DA:120,1
DA:121,1
DA:122,1
DA:123,1
DA:124,1
DA:125,1
DA:126,1
DA:127,1
DA:128,1
DA:129,1
DA:130,1
DA:131,1
DA:132,1
DA:133,1
DA:134,1
DA:135,1
DA:136,1
DA:137,1
DA:138,1
DA:139,1
DA:140,1
DA:141,1
DA:142,1
DA:143,1
DA:144,1
DA:145,1
DA:146,1
DA:147,1
DA:148,1
DA:149,1
DA:150,1
DA:151,1
DA:152,1
DA:153,1
DA:154,1
DA:155,1
DA:156,1
DA:157,1
DA:158,1
DA:159,1
DA:160,1
DA:161,1
DA:162,1
DA:163,1
DA:164,1
DA:165,1
DA:166,1
DA:167,1
DA:168,1
DA:169,1
DA:170,1
DA:171,1
DA:172,1
DA:173,1
LF:173
LH:173
BRDA:13,0,0,1
BRF:1
BRH:1
end_of_record
TN:
SF:src/templates/v0/base/index.ts
FNF:0
FNH:0
DA:1,1
DA:2,1
DA:3,1
DA:4,1
DA:5,1
DA:6,1
DA:7,1
DA:8,1
DA:9,1
LF:9
LH:9
BRF:0
BRH:0
end_of_record
TN:
SF:src/templates/v0/base/message.ts
FNF:0
FNH:0
DA:1,1
DA:2,1
DA:3,1
DA:4,1
DA:5,1
DA:6,1
DA:7,1
DA:8,1
DA:9,1
DA:10,1
DA:11,1
DA:12,1
DA:13,1
DA:14,1
DA:15,1
DA:16,1
DA:17,1
DA:18,1
DA:19,1
DA:20,1
DA:21,1
DA:22,1
DA:23,1
DA:24,1
DA:25,1
DA:26,1
DA:27,1
DA:28,1
DA:29,1
DA:30,1
DA:31,1
DA:32,1
DA:33,1
DA:34,1
DA:35,1
DA:36,1
DA:37,1
DA:38,1
DA:39,1
DA:40,1
DA:41,1
DA:42,1
DA:43,1
DA:44,1
DA:45,1
DA:46,1
DA:47,1
DA:48,1
DA:49,1
DA:50,1
DA:51,1
DA:52,1
DA:53,1
DA:54,1
DA:55,1
DA:56,1
DA:57,1
DA:58,1
DA:59,1
DA:60,1
DA:61,1
DA:62,1
DA:63,1
DA:64,1
DA:65,1
DA:66,1
DA:67,1
DA:68,1
DA:69,1
DA:70,1
DA:71,1
DA:72,1
DA:73,1
DA:74,1
DA:75,1
DA:76,1
DA:77,1
DA:78,1
DA:79,1
DA:80,1
DA:81,1
DA:82,1
DA:83,1
DA:84,1
DA:85,1
DA:86,1
DA:87,1
DA:88,1
DA:89,1
DA:90,1
DA:91,1
DA:92,1
DA:93,1
DA:94,1
DA:95,1
DA:96,1
DA:97,1
DA:98,1
DA:99,1
DA:100,1
DA:101,1
DA:102,1
DA:103,1
DA:104,1
DA:105,1
DA:106,1
DA:107,1
DA:108,1
DA:109,1
DA:110,1
DA:111,1
DA:112,1
DA:113,1
DA:114,1
DA:115,1
DA:116,1
DA:117,1
DA:118,1
DA:119,1
DA:120,1
DA:121,1
DA:122,1
DA:123,1
DA:124,1
DA:125,1
DA:126,1
DA:127,1
DA:128,1
DA:129,1
DA:130,1
DA:131,1
DA:132,1
DA:133,1
DA:134,1
DA:135,1
DA:136,1
DA:137,1
DA:138,1
DA:139,1
DA:140,1
DA:141,1
DA:142,1
DA:143,1
DA:144,1
DA:145,1
DA:146,1
DA:147,1
DA:148,1
DA:149,1
DA:150,1
DA:151,1
DA:152,1
DA:153,1
DA:154,1
DA:155,1
DA:156,1
DA:157,1
DA:158,1
DA:159,1
DA:160,1
DA:161,1
DA:162,1
DA:163,1
DA:164,1
DA:165,1
DA:166,1
DA:167,1
DA:168,1
DA:169,1
DA:170,1
DA:171,1
DA:172,1
DA:173,1
DA:174,1
DA:175,1
DA:176,1
DA:177,1
DA:178,1
DA:179,1
DA:180,1
DA:181,1
DA:182,1
DA:183,1
DA:184,1
DA:185,1
DA:186,1
DA:187,1
DA:188,1
DA:189,1
DA:190,1
DA:191,1
DA:192,1
DA:193,1
DA:194,1
DA:195,1
DA:196,1
DA:197,1
DA:198,1
DA:199,1
DA:200,1
DA:201,1
DA:202,1
DA:203,1
DA:204,1
DA:205,1
DA:206,1
DA:207,1
DA:208,1
DA:209,1
DA:210,1
DA:211,1
DA:212,1
DA:213,1
DA:214,1
DA:215,1
DA:216,1
DA:217,1
DA:218,1
DA:219,1
DA:220,1
DA:221,1
DA:222,1
DA:223,1
DA:224,1
DA:225,1
DA:226,1
DA:227,1
DA:228,1
DA:229,1
DA:230,1
DA:231,1
DA:232,1
DA:233,1
DA:234,1
LF:234
LH:234
BRDA:7,0,0,1
BRDA:45,1,0,1
BRDA:60,2,0,1
BRDA:80,3,0,1
BRDA:99,4,0,1
BRDA:138,5,0,1
BRF:6
BRH:6
end_of_record
TN:
SF:src/templates/v0/base/metadata.ts
FNF:0
FNH:0
DA:1,1
DA:2,1
DA:3,1
DA:4,1
DA:5,1
DA:6,1
DA:7,1
DA:8,1
DA:9,1
DA:10,1
DA:11,1
DA:12,1
DA:13,1
DA:14,1
DA:15,1
DA:16,1
DA:17,1
DA:18,1
DA:19,1
DA:20,1
DA:21,1
DA:22,1
DA:23,1
DA:24,1
DA:25,1
DA:26,1
DA:27,1
DA:28,1
DA:29,1
DA:30,1
DA:31,1
DA:32,1
DA:33,1
DA:34,1
DA:35,1
DA:36,1
DA:37,1
DA:38,1
DA:39,1
DA:40,1
DA:41,1
DA:42,1
DA:43,1
DA:44,1
DA:45,1
DA:46,1
DA:47,1
DA:48,1
DA:49,1
DA:50,1
DA:51,1
DA:52,1
DA:53,1
DA:54,1
DA:55,1
DA:56,1
DA:57,1
DA:58,1
DA:59,1
DA:60,1
DA:61,1
DA:62,1
DA:63,1
DA:64,1
DA:65,1
DA:66,1
DA:67,1
DA:68,1
DA:69,1
DA:70,1
DA:71,1
DA:72,1
DA:73,1
DA:74,1
DA:75,1
LF:75
LH:75
BRF:0
BRH:0
end_of_record
TN:
SF:src/templates/v0/base/object.ts
FNF:0
FNH:0
DA:1,1
DA:2,1
DA:3,1
DA:4,1
DA:5,1
DA:6,1
DA:7,1
DA:8,1
DA:9,1
DA:10,1
DA:11,1
DA:12,1
DA:13,1
DA:14,1
DA:15,1
DA:16,1
DA:17,1
DA:18,1
DA:19,1
DA:20,1
DA:21,1
DA:22,1
DA:23,1
DA:24,1
DA:25,1
DA:26,1
DA:27,1
DA:28,1
DA:29,1
DA:30,1
DA:31,1
DA:32,1
DA:33,1
DA:34,1
DA:35,1
DA:36,1
DA:37,1
DA:38,1
DA:39,1
DA:40,1
DA:41,1
DA:42,1
DA:43,1
DA:44,1
DA:45,1
DA:46,1
DA:47,1
DA:48,1
DA:49,1
DA:50,1
DA:51,1
DA:52,1
DA:53,1
DA:54,1
DA:55,1
DA:56,1
DA:57,1
DA:58,1
DA:59,1
DA:60,1
DA:61,1
DA:62,1
DA:63,1
DA:64,1
DA:65,1
DA:66,1
DA:67,1
DA:68,1
LF:68
LH:68
BRDA:16,0,0,1
BRF:1
BRH:1
end_of_record
TN:
SF:src/templates/v0/base/storage.ts
FNF:0
FNH:0
DA:1,1
DA:2,1
DA:3,1
DA:4,1
DA:5,1
DA:6,1
DA:7,1
DA:8,1
DA:9,1
DA:10,1
DA:11,1
DA:12,1
DA:13,1
DA:14,1
DA:15,1
DA:16,1
DA:17,1
DA:18,1
DA:19,1
DA:20,1
DA:21,1
DA:22,1
DA:23,1
DA:24,1
DA:25,1
DA:26,1
DA:27,1
DA:28,1
DA:29,1
DA:30,1
DA:31,1
DA:32,1
DA:33,1
DA:34,1
DA:35,1
DA:36,1
DA:37,1
DA:38,1
DA:39,1
DA:40,1
DA:41,1
DA:42,1
DA:43,1
DA:44,1
DA:45,1
DA:46,1
DA:47,1
DA:48,1
DA:49,1
DA:50,1
DA:51,1
DA:52,1
DA:53,1
DA:54,1
DA:55,1
DA:56,1
DA:57,1
DA:58,1
DA:59,1
DA:60,1
DA:61,1
DA:62,1
DA:63,1
DA:64,1
DA:65,1
DA:66,1
DA:67,1
DA:68,1
DA:69,1
DA:70,1
DA:71,1
DA:72,1
DA:73,1
DA:74,1
DA:75,1
DA:76,1
DA:77,1
DA:78,1
DA:79,1
LF:79
LH:79
BRDA:26,0,0,1
BRF:1
BRH:1
end_of_record
TN:
SF:src/templates/v0/base/timestamps.ts
FNF:0
FNH:0
DA:1,1
DA:2,1
DA:3,1
DA:4,1
DA:5,1
DA:6,1
DA:7,1
DA:8,1
DA:9,1
DA:10,1
DA:11,1
DA:12,1
DA:13,1
DA:14,1
DA:15,1
DA:16,1
DA:17,1
DA:18,1
DA:19,1
DA:20,1
DA:21,1
DA:22,1
DA:23,1
DA:24,1
DA:25,1
DA:26,1
DA:27,1
DA:28,1
DA:29,1
DA:30,1
DA:31,1
DA:32,1
DA:33,1
DA:34,1
DA:35,1
DA:36,1
DA:37,1
DA:38,1
DA:39,1
DA:40,1
DA:41,1
DA:42,1
DA:43,1
DA:44,1
DA:45,1
DA:46,1
DA:47,1
DA:48,1
DA:49,1
DA:50,1
DA:51,1
DA:52,1
DA:53,1
DA:54,1
DA:55,1
DA:56,1
DA:57,1
DA:58,1
DA:59,1
DA:60,1
DA:61,1
DA:62,1
DA:63,1
DA:64,1
DA:65,1
DA:66,1
DA:67,1
DA:68,1
DA:69,1
DA:70,1
DA:71,1
DA:72,1
DA:73,1
DA:74,1
DA:75,1
DA:76,1
DA:77,1
DA:78,1
DA:79,1
DA:80,1
DA:81,1
DA:82,1
DA:83,1
DA:84,1
DA:85,1
DA:86,1
DA:87,1
DA:88,1
DA:89,1
DA:90,1
DA:91,1
DA:92,1
DA:93,1
DA:94,1
DA:95,1
DA:96,1
DA:97,1
DA:98,1
DA:99,1
DA:100,1
DA:101,1
DA:102,1
DA:103,1
DA:104,1
DA:105,1
DA:106,1
LF:106
LH:106
BRDA:8,0,0,1
BRDA:57,1,0,1
BRF:2
BRH:2
end_of_record
TN:
SF:src/templates/v0/base/value.ts
FNF:0
FNH:0
DA:1,1
DA:2,1
DA:3,1
DA:4,1
DA:5,1
DA:6,1
DA:7,1
DA:8,1
DA:9,1
DA:10,1
DA:11,1
DA:12,1
DA:13,1
DA:14,1
DA:15,1
DA:16,1
DA:17,1
DA:18,1
DA:19,1
DA:20,1
DA:21,1
DA:22,1
DA:23,1
DA:24,1
DA:25,1
DA:26,1
DA:27,1
DA:28,1
DA:29,1
DA:30,1
DA:31,1
DA:32,1
DA:33,1
DA:34,1
DA:35,1
DA:36,1
DA:37,1
DA:38,1
DA:39,1
DA:40,1
DA:41,1
DA:42,1
DA:43,1
DA:44,1
DA:45,1
DA:46,1
DA:47,1
DA:48,1
DA:49,1
DA:50,1
DA:51,1
DA:52,1
DA:53,1
DA:54,1
DA:55,1
DA:56,1
DA:57,1
DA:58,1
DA:59,1
DA:60,1
DA:61,1
DA:62,1
DA:63,1
DA:64,1
LF:64
LH:64
BRF:0
BRH:0
end_of_record
TN:
SF:src/utilities/checks.ts
FN:3,isEmpty
FNF:1
FNH:1
FNDA:9,isEmpty
DA:1,1
DA:2,1
DA:3,1
DA:4,9
DA:5,9
DA:6,9
DA:7,9
DA:8,9
DA:9,9
DA:10,1
DA:11,1
DA:12,1
DA:13,1
DA:14,1
LF:14
LH:14
BRDA:3,0,0,9
BRDA:7,1,0,6
BRDA:8,2,0,6
BRDA:8,3,0,0
BRF:4
BRH:3
end_of_record
TN:
SF:src/utilities/date.ts
FN:25,generateISODateString
FN:42,generateRFCDateString
FN:57,generateUnixTimestampNumber
FN:73,generateLocaleDateString
FN:80,generateDateFromUnixTimestamp
FN:87,generateDateFromISODateString
FN:98,generateDateFromRFCDateString
FN:110,generateDateFromLocaleDateString
FN:123,addYears
FN:135,addMonths
FN:147,addWeeks
FN:159,addDays
FN:171,addHours
FN:183,addMinutes
FN:195,addSeconds
FN:207,addMilliseconds
FN:226,addTime
FN:247,subtractYears
FN:259,subtractMonths
FN:271,subtractWeeks
FN:283,subtractDays
FN:295,subtractHours
FN:307,subtractMinutes
FN:319,subtractSeconds
FN:331,subtractMilliseconds
FN:343,subtractTime
FNF:26
FNH:26
FNDA:1,generateISODateString
FNDA:1,generateRFCDateString
FNDA:1,generateUnixTimestampNumber
FNDA:1,generateLocaleDateString
FNDA:2,generateDateFromUnixTimestamp
FNDA:3,generateDateFromISODateString
FNDA:3,generateDateFromRFCDateString
FNDA:3,generateDateFromLocaleDateString
FNDA:1,addYears
FNDA:1,addMonths
FNDA:1,addWeeks
FNDA:1,addDays
FNDA:1,addHours
FNDA:1,addMinutes
FNDA:1,addSeconds
FNDA:2,addMilliseconds
FNDA:9,addTime
FNDA:1,subtractYears
FNDA:1,subtractMonths
FNDA:1,subtractWeeks
FNDA:1,subtractDays
FNDA:1,subtractHours
FNDA:1,subtractMinutes
FNDA:1,subtractSeconds
FNDA:2,subtractMilliseconds
FNDA:9,subtractTime
DA:1,1
DA:2,1
DA:3,1
DA:4,1
DA:5,1
DA:6,1
DA:7,1
DA:8,1
DA:9,1
DA:10,1
DA:11,1
DA:12,1
DA:13,1
DA:14,1
DA:15,1
DA:16,1
DA:17,1
DA:18,1
DA:19,1
DA:20,1
DA:21,1
DA:22,1
DA:23,1
DA:24,1
DA:25,1
DA:26,1
DA:27,1
DA:28,1
DA:29,1
DA:30,1
DA:31,1
DA:32,1
DA:33,1
DA:34,1
DA:35,1
DA:36,1
DA:37,1
DA:38,1
DA:39,1
DA:40,1
DA:41,1
DA:42,1
DA:43,1
DA:44,1
DA:45,1
DA:46,1
DA:47,1
DA:48,1
DA:49,1
DA:50,1
DA:51,1
DA:52,1
DA:53,1
DA:54,1
DA:55,1
DA:56,1
DA:57,1
DA:58,1
DA:59,1
DA:60,1
DA:61,1
DA:62,1
DA:63,1
DA:64,1
DA:65,1
DA:66,1
DA:67,1
DA:68,1
DA:69,1
DA:70,1
DA:71,1
DA:72,1
DA:73,1
DA:74,1
DA:75,1
DA:76,1
DA:77,1
DA:78,1
DA:79,1
DA:80,1
DA:81,2
DA:82,2
DA:83,1
DA:84,1
DA:85,1
DA:86,1
DA:87,1
DA:88,3
DA:89,1
DA:90,1
DA:91,2
DA:92,2
DA:93,2
DA:94,1
DA:95,1
DA:96,1
DA:97,1
DA:98,1
DA:99,3
DA:100,1
DA:101,1
DA:102,2
DA:103,2
DA:104,1
DA:105,1
DA:106,1
DA:107,1
DA:108,1
DA:109,1
DA:110,1
DA:111,3
DA:112,1
DA:113,1
DA:114,2
DA:115,2
DA:116,1
DA:117,1
DA:118,1
DA:119,1
DA:120,1
DA:121,1
DA:122,1
DA:123,1
DA:124,1
DA:125,1
DA:126,1
DA:127,1
DA:128,1
DA:129,1
DA:130,1
DA:131,1
DA:132,1
DA:133,1
DA:134,1
DA:135,1
DA:136,1
DA:137,1
DA:138,1
DA:139,1
DA:140,1
DA:141,1
DA:142,1
DA:143,1
DA:144,1
DA:145,1
DA:146,1
DA:147,1
DA:148,1
DA:149,1
DA:150,1
DA:151,1
DA:152,1
DA:153,1
DA:154,1
DA:155,1
DA:156,1
DA:157,1
DA:158,1
DA:159,1
DA:160,1
DA:161,1
DA:162,1
DA:163,1
DA:164,1
DA:165,1
DA:166,1
DA:167,1
DA:168,1
DA:169,1
DA:170,1
DA:171,1
DA:172,1
DA:173,1
DA:174,1
DA:175,1
DA:176,1
DA:177,1
DA:178,1
DA:179,1
DA:180,1
DA:181,1
DA:182,1
DA:183,1
DA:184,1
DA:185,1
DA:186,1
DA:187,1
DA:188,1
DA:189,1
DA:190,1
DA:191,1
DA:192,1
DA:193,1
DA:194,1
DA:195,1
DA:196,1
DA:197,1
DA:198,1
DA:199,1
DA:200,1
DA:201,1
DA:202,1
DA:203,1
DA:204,1
DA:205,1
DA:206,1
DA:207,1
DA:208,2
DA:209,2
DA:210,2
DA:211,2
DA:212,1
DA:213,1
DA:214,1
DA:215,1
DA:216,1
DA:217,1
DA:218,1
DA:219,1
DA:220,1
DA:221,1
DA:222,1
DA:223,1
DA:224,1
DA:225,1
DA:226,1
DA:227,9
DA:228,9
DA:229,9
DA:230,9
DA:231,9
DA:232,9
DA:233,9
DA:234,9
DA:235,9
DA:236,9
DA:237,9
DA:238,9
DA:239,9
DA:240,1
DA:241,1
DA:242,1
DA:243,1
DA:244,1
DA:245,1
DA:246,1
DA:247,1
DA:248,1
DA:249,1
DA:250,1
DA:251,1
DA:252,1
DA:253,1
DA:254,1
DA:255,1
DA:256,1
DA:257,1
DA:258,1
DA:259,1
DA:260,1
DA:261,1
DA:262,1
DA:263,1
DA:264,1
DA:265,1
DA:266,1
DA:267,1
DA:268,1
DA:269,1
DA:270,1
DA:271,1
DA:272,1
DA:273,1
DA:274,1
DA:275,1
DA:276,1
DA:277,1
DA:278,1
DA:279,1
DA:280,1
DA:281,1
DA:282,1
DA:283,1
DA:284,1
DA:285,1
DA:286,1
DA:287,1
DA:288,1
DA:289,1
DA:290,1
DA:291,1
DA:292,1
DA:293,1
DA:294,1
DA:295,1
DA:296,1
DA:297,1
DA:298,1
DA:299,1
DA:300,1
DA:301,1
DA:302,1
DA:303,1
DA:304,1
DA:305,1
DA:306,1
DA:307,1
DA:308,1
DA:309,1
DA:310,1
DA:311,1
DA:312,1
DA:313,1
DA:314,1
DA:315,1
DA:316,1
DA:317,1
DA:318,1
DA:319,1
DA:320,1
DA:321,1
DA:322,1
DA:323,1
DA:324,1
DA:325,1
DA:326,1
DA:327,1
DA:328,1
DA:329,1
DA:330,1
DA:331,1
DA:332,2
DA:333,2
DA:334,2
DA:335,2
DA:336,1
DA:337,1
DA:338,1
DA:339,1
DA:340,1
DA:341,1
DA:342,1
DA:343,1
DA:344,9
DA:345,9
DA:346,9
DA:347,9
DA:348,9
DA:349,9
DA:350,9
DA:351,9
DA:352,9
DA:353,9
DA:354,9
DA:355,9
DA:356,9
DA:357,1
DA:358,1
DA:359,1
DA:360,1
DA:361,1
DA:362,1
LF:362
LH:362
BRDA:25,0,0,1
BRDA:42,1,0,1
BRDA:57,2,0,1
BRDA:73,3,0,1
BRDA:80,4,0,2
BRDA:87,5,0,3
BRDA:88,6,0,1
BRDA:91,7,0,2
BRDA:98,8,0,3
BRDA:99,9,0,1
BRDA:102,10,0,2
BRDA:110,11,0,3
BRDA:111,12,0,1
BRDA:114,13,0,2
BRDA:123,14,0,1
BRDA:135,15,0,1
BRDA:147,16,0,1
BRDA:159,17,0,1
BRDA:171,18,0,1
BRDA:183,19,0,1
BRDA:195,20,0,1
BRDA:207,21,0,2
BRDA:226,22,0,9
BRDA:230,23,0,2
BRDA:230,24,0,7
BRDA:231,25,0,2
BRDA:231,26,0,7
BRDA:232,27,0,2
BRDA:232,28,0,7
BRDA:232,29,0,2
BRDA:232,30,0,7
BRDA:233,31,0,2
BRDA:233,32,0,7
BRDA:234,33,0,2
BRDA:234,34,0,7
BRDA:235,35,0,2
BRDA:235,36,0,7
BRDA:236,37,0,2
BRDA:236,38,0,7
BRDA:247,39,0,1
BRDA:259,40,0,1
BRDA:271,41,0,1
BRDA:283,42,0,1
BRDA:295,43,0,1
BRDA:307,44,0,1
BRDA:319,45,0,1
BRDA:331,46,0,2
BRDA:343,47,0,9
BRDA:347,48,0,2
BRDA:347,49,0,7
BRDA:348,50,0,2
BRDA:348,51,0,7
BRDA:349,52,0,2
BRDA:349,53,0,7
BRDA:349,54,0,2
BRDA:349,55,0,7
BRDA:350,56,0,2
BRDA:350,57,0,7
BRDA:351,58,0,2
BRDA:351,59,0,7
BRDA:352,60,0,2
BRDA:352,61,0,7
BRDA:353,62,0,2
BRDA:353,63,0,7
BRF:64
BRH:64
end_of_record
TN:
SF:src/utilities/freezer.ts
FN:2,deepFreeze
FNF:1
FNH:1
FNDA:45,deepFreeze
DA:1,1
DA:2,1
DA:3,45
DA:4,45
DA:5,45
DA:6,91
DA:7,91
DA:8,30
DA:9,30
DA:10,45
DA:11,45
DA:12,45
DA:13,45
DA:14,1
DA:15,1
DA:16,1
DA:17,1
DA:18,1
LF:18
LH:18
BRDA:2,0,0,45
BRDA:5,1,0,91
BRDA:7,2,0,81
BRDA:7,3,0,30
BRDA:7,4,0,30
BRF:5
BRH:5
end_of_record
TN:
SF:src/utilities/identifier.ts
FN:11,create
FN:66,checkIdentityFormat
FN:83,generateUUIDv4
FN:100,generateRandomString
FN:104,generateISOTimestamp
FN:108,formatIdentifier
FN:112,checkForUUID
FNF:7
FNH:4
FNDA:4,create
FNDA:1,checkIdentityFormat
FNDA:1,generateUUIDv4
FNDA:2,generateRandomString
FNDA:0,generateISOTimestamp
FNDA:0,formatIdentifier
FNDA:0,checkForUUID
DA:1,1
DA:2,1
DA:3,1
DA:4,1
DA:5,1
DA:6,1
DA:7,1
DA:8,1
DA:9,1
DA:10,1
DA:11,1
DA:12,4
DA:13,4
DA:14,4
DA:15,4
DA:16,4
DA:17,4
DA:18,4
DA:19,4
DA:20,4
DA:21,4
DA:22,4
DA:23,4
DA:24,4
DA:25,4
DA:26,4
DA:27,4
DA:28,4
DA:29,4
DA:30,4
DA:31,4
DA:32,4
DA:33,4
DA:34,4
DA:35,4
DA:36,4
DA:37,4
DA:38,4
DA:39,4
DA:40,1
DA:41,1
DA:42,4
DA:43,3
DA:44,3
DA:45,1
DA:46,1
DA:47,3
DA:48,3
DA:49,4
DA:50,3
DA:51,3
DA:52,3
DA:53,4
DA:54,2
DA:55,2
DA:56,2
DA:57,2
DA:58,2
DA:59,1
DA:60,1
DA:61,1
DA:62,1
DA:63,1
DA:64,1
DA:65,1
DA:66,1
DA:67,1
DA:68,1
DA:69,1
DA:70,1
DA:71,1
DA:72,0
DA:73,0
DA:74,0
DA:75,0
DA:76,0
DA:77,1
DA:78,1
DA:79,1
DA:80,1
DA:81,1
DA:82,1
DA:83,1
DA:84,1
DA:85,1
DA:86,31
DA:87,31
DA:88,1
DA:89,1
DA:90,1
DA:91,1
DA:92,1
DA:93,0
DA:94,0
DA:95,1
DA:96,1
DA:97,1
DA:98,1
DA:99,1
DA:100,1
DA:101,2
DA:102,2
DA:103,1
DA:104,1
DA:105,0
DA:106,0
DA:107,1
DA:108,1
DA:109,0
DA:110,0
DA:111,1
DA:112,1
DA:113,0
DA:114,0
DA:115,1
DA:116,1
DA:117,1
DA:118,1
DA:119,1
LF:119
LH:106
BRDA:11,0,0,4
BRDA:33,1,0,3
BRDA:34,2,0,3
BRDA:39,3,0,1
BRDA:42,4,0,3
BRDA:44,5,0,1
BRDA:44,6,0,1
BRDA:47,7,0,2
BRDA:50,8,0,3
BRDA:53,9,0,2
BRDA:59,10,0,1
BRDA:66,11,0,1
BRDA:71,12,0,0
BRDA:83,13,0,1
BRDA:92,14,0,0
BRDA:85,15,0,31
BRDA:86,16,0,30
BRDA:86,17,0,1
BRDA:100,18,0,2
BRF:19
BRH:17
end_of_record
TN:
SF:src/utilities/multiHash.ts
FN:4,hashString
FN:17,generateMultihash
FN:25,generateIdentifier
FN:33,isValidMultihash
FNF:4
FNH:3
FNDA:9,hashString
FNDA:6,generateMultihash
FNDA:3,generateIdentifier
FNDA:0,isValidMultihash
DA:1,1
DA:2,1
DA:3,1
DA:4,1
DA:5,9
DA:6,9
DA:7,9
DA:8,9
DA:9,9
DA:10,9
DA:11,9
DA:12,1
DA:13,1
DA:14,1
DA:15,1
DA:16,1
DA:17,1
DA:18,6
DA:19,6
DA:20,6
DA:21,1
DA:22,1
DA:23,1
DA:24,1
DA:25,1
DA:26,3
DA:27,3
DA:28,3
DA:29,3
DA:30,3
DA:31,3
DA:32,1
DA:33,1
DA:34,0
DA:35,0
DA:36,0
DA:37,1
DA:38,1
DA:39,1
LF:39
LH:36
BRDA:4,0,0,9
BRDA:9,1,0,288
BRDA:17,2,0,6
BRDA:25,3,0,3
BRF:4
BRH:4
end_of_record
TN:
SF:src/utilities/blockchain/antelope/eos.ts
FN:16,Chain
FN:35,ApiClient
FN:43,getChainInfo
FN:50,getBlock
FN:58,getBlockInfo
FN:71,getAccountFromAccountName
FN:89,getBalanceFromAccountName
FNF:7
FNH:7
FNDA:12,Chain
FNDA:9,ApiClient
FNDA:2,getChainInfo
FNDA:1,getBlock
FNDA:1,getBlockInfo
FNDA:2,getAccountFromAccountName
FNDA:1,getBalanceFromAccountName
DA:1,1
DA:2,1
DA:3,1
DA:4,1
DA:5,1
DA:6,1
DA:7,1
DA:8,1
DA:9,1
DA:10,1
DA:11,1
DA:12,1
DA:13,1
DA:14,1
DA:15,1
DA:16,1
DA:17,12
DA:18,12
DA:19,12
DA:20,12
DA:21,12
DA:22,11
DA:23,11
DA:24,11
DA:25,11
DA:26,12
DA:27,1
DA:28,12
DA:29,12
DA:30,1
DA:31,1
DA:32,1
DA:33,1
DA:34,1
DA:35,1
DA:36,9
DA:37,9
DA:38,1
DA:39,1
DA:40,1
DA:41,1
DA:42,1
DA:43,1
DA:44,2
DA:45,2
DA:46,2
DA:47,2
DA:48,2
DA:49,1
DA:50,1
DA:51,1
DA:52,1
DA:53,1
DA:54,1
DA:55,1
DA:56,1
DA:57,1
DA:58,1
DA:59,1
DA:60,1
DA:61,1
DA:62,1
DA:63,1
DA:64,1
DA:65,1
DA:66,1
DA:67,1
DA:68,1
DA:69,1
DA:70,1
DA:71,1
DA:72,2
DA:73,2
DA:74,2
DA:75,2
DA:76,2
DA:77,2
DA:78,2
DA:79,2
DA:80,2
DA:81,2
DA:82,2
DA:83,2
DA:84,1
DA:85,1
DA:86,1
DA:87,1
DA:88,1
DA:89,1
DA:90,1
DA:91,1
DA:92,1
DA:93,1
DA:94,1
DA:95,1
DA:96,1
DA:97,1
DA:98,1
DA:99,1
DA:100,1
DA:101,1
DA:102,1
DA:103,1
DA:104,1
DA:105,1
DA:106,1
DA:107,1
DA:108,1
DA:109,1
DA:110,1
DA:111,1
DA:112,1
LF:112
LH:112
BRDA:16,0,0,12
BRDA:21,1,0,11
BRDA:26,2,0,1
BRDA:35,3,0,9
BRDA:43,4,0,2
BRDA:50,5,0,1
BRDA:58,6,0,1
BRDA:71,7,0,2
BRDA:89,8,0,1
BRF:9
BRH:9
end_of_record
